[0.504s] Invoking command in '/home/hrabi/base_control_ros2/build/mocap_optitrack_interfaces': CMAKE_PREFIX_PATH=${CMAKE_PREFIX_PATH}:/home/hrabi/base_control_ros2/install/base_control:/opt/ros/humble /usr/bin/cmake --build /home/hrabi/base_control_ros2/build/mocap_optitrack_interfaces -- -j4 -l4
[0.711s] [  1%] Built target mocap_optitrack_interfaces__cpp
[0.717s] [ 12%] Built target mocap_optitrack_interfaces__rosidl_generator_c
[0.745s] [ 12%] Built target ament_cmake_python_copy_mocap_optitrack_interfaces
[0.762s] [ 23%] Built target mocap_optitrack_interfaces__rosidl_typesupport_cpp
[0.776s] [ 34%] Built target mocap_optitrack_interfaces__rosidl_typesupport_fastrtps_cpp
[0.780s] [ 45%] Built target mocap_optitrack_interfaces__rosidl_typesupport_introspection_cpp
[0.810s] [ 56%] Built target mocap_optitrack_interfaces__rosidl_typesupport_fastrtps_c
[0.826s] [ 67%] Built target mocap_optitrack_interfaces__rosidl_typesupport_introspection_c
[0.827s] [ 78%] Built target mocap_optitrack_interfaces__rosidl_typesupport_c
[0.866s] [ 78%] Built target mocap_optitrack_interfaces
[0.907s] [ 80%] Built target mocap_optitrack_interfaces__py
[0.952s] [ 89%] Built target mocap_optitrack_interfaces__rosidl_generator_py
[1.005s] [ 92%] Built target mocap_optitrack_interfaces__rosidl_typesupport_fastrtps_c__pyext
[1.015s] [ 96%] Built target mocap_optitrack_interfaces__rosidl_typesupport_introspection_c__pyext
[1.028s] [100%] Built target mocap_optitrack_interfaces__rosidl_typesupport_c__pyext
[1.336s] running egg_info
[1.337s] writing mocap_optitrack_interfaces.egg-info/PKG-INFO
[1.338s] writing dependency_links to mocap_optitrack_interfaces.egg-info/dependency_links.txt
[1.338s] writing top-level names to mocap_optitrack_interfaces.egg-info/top_level.txt
[1.344s] reading manifest file 'mocap_optitrack_interfaces.egg-info/SOURCES.txt'
[1.345s] writing manifest file 'mocap_optitrack_interfaces.egg-info/SOURCES.txt'
[1.388s] [100%] Built target ament_cmake_python_build_mocap_optitrack_interfaces_egg
[1.406s] Invoked command in '/home/hrabi/base_control_ros2/build/mocap_optitrack_interfaces' returned '0': CMAKE_PREFIX_PATH=${CMAKE_PREFIX_PATH}:/home/hrabi/base_control_ros2/install/base_control:/opt/ros/humble /usr/bin/cmake --build /home/hrabi/base_control_ros2/build/mocap_optitrack_interfaces -- -j4 -l4
[1.576s] Invoking command in '/home/hrabi/base_control_ros2/build/mocap_optitrack_interfaces': CMAKE_PREFIX_PATH=${CMAKE_PREFIX_PATH}:/home/hrabi/base_control_ros2/install/base_control:/opt/ros/humble /usr/bin/cmake --install /home/hrabi/base_control_ros2/build/mocap_optitrack_interfaces
[1.586s] -- Install configuration: ""
[1.587s] -- Up-to-date: /home/hrabi/base_control_ros2/install/mocap_optitrack_interfaces/share/ament_index/resource_index/rosidl_interfaces/mocap_optitrack_interfaces
[1.588s] -- Up-to-date: /home/hrabi/base_control_ros2/install/mocap_optitrack_interfaces/include/mocap_optitrack_interfaces/mocap_optitrack_interfaces
[1.588s] -- Up-to-date: /home/hrabi/base_control_ros2/install/mocap_optitrack_interfaces/include/mocap_optitrack_interfaces/mocap_optitrack_interfaces/msg
[1.588s] -- Up-to-date: /home/hrabi/base_control_ros2/install/mocap_optitrack_interfaces/include/mocap_optitrack_interfaces/mocap_optitrack_interfaces/msg/rosidl_generator_c__visibility_control.h
[1.588s] -- Up-to-date: /home/hrabi/base_control_ros2/install/mocap_optitrack_interfaces/include/mocap_optitrack_interfaces/mocap_optitrack_interfaces/msg/rigid_body_array.h
[1.589s] -- Up-to-date: /home/hrabi/base_control_ros2/install/mocap_optitrack_interfaces/include/mocap_optitrack_interfaces/mocap_optitrack_interfaces/msg/rigid_body.h
[1.589s] -- Up-to-date: /home/hrabi/base_control_ros2/install/mocap_optitrack_interfaces/include/mocap_optitrack_interfaces/mocap_optitrack_interfaces/msg/configuration.h
[1.589s] -- Up-to-date: /home/hrabi/base_control_ros2/install/mocap_optitrack_interfaces/include/mocap_optitrack_interfaces/mocap_optitrack_interfaces/msg/detail
[1.589s] -- Up-to-date: /home/hrabi/base_control_ros2/install/mocap_optitrack_interfaces/include/mocap_optitrack_interfaces/mocap_optitrack_interfaces/msg/detail/configuration_array__struct.h
[1.590s] -- Up-to-date: /home/hrabi/base_control_ros2/install/mocap_optitrack_interfaces/include/mocap_optitrack_interfaces/mocap_optitrack_interfaces/msg/detail/configuration__struct.h
[1.590s] -- Up-to-date: /home/hrabi/base_control_ros2/install/mocap_optitrack_interfaces/include/mocap_optitrack_interfaces/mocap_optitrack_interfaces/msg/detail/rigid_body_array__functions.c
[1.590s] -- Up-to-date: /home/hrabi/base_control_ros2/install/mocap_optitrack_interfaces/include/mocap_optitrack_interfaces/mocap_optitrack_interfaces/msg/detail/configuration_array__functions.h
[1.590s] -- Up-to-date: /home/hrabi/base_control_ros2/install/mocap_optitrack_interfaces/include/mocap_optitrack_interfaces/mocap_optitrack_interfaces/msg/detail/configuration_array__functions.c
[1.591s] -- Up-to-date: /home/hrabi/base_control_ros2/install/mocap_optitrack_interfaces/include/mocap_optitrack_interfaces/mocap_optitrack_interfaces/msg/detail/rigid_body_array__type_support.h
[1.591s] -- Up-to-date: /home/hrabi/base_control_ros2/install/mocap_optitrack_interfaces/include/mocap_optitrack_interfaces/mocap_optitrack_interfaces/msg/detail/configuration__functions.h
[1.591s] -- Up-to-date: /home/hrabi/base_control_ros2/install/mocap_optitrack_interfaces/include/mocap_optitrack_interfaces/mocap_optitrack_interfaces/msg/detail/rigid_body_array__functions.h
[1.591s] -- Up-to-date: /home/hrabi/base_control_ros2/install/mocap_optitrack_interfaces/include/mocap_optitrack_interfaces/mocap_optitrack_interfaces/msg/detail/rigid_body__functions.c
[1.591s] -- Up-to-date: /home/hrabi/base_control_ros2/install/mocap_optitrack_interfaces/include/mocap_optitrack_interfaces/mocap_optitrack_interfaces/msg/detail/rigid_body__functions.h
[1.592s] -- Up-to-date: /home/hrabi/base_control_ros2/install/mocap_optitrack_interfaces/include/mocap_optitrack_interfaces/mocap_optitrack_interfaces/msg/detail/configuration__functions.c
[1.592s] -- Up-to-date: /home/hrabi/base_control_ros2/install/mocap_optitrack_interfaces/include/mocap_optitrack_interfaces/mocap_optitrack_interfaces/msg/detail/rigid_body__type_support.h
[1.592s] -- Up-to-date: /home/hrabi/base_control_ros2/install/mocap_optitrack_interfaces/include/mocap_optitrack_interfaces/mocap_optitrack_interfaces/msg/detail/configuration__type_support.h
[1.592s] -- Up-to-date: /home/hrabi/base_control_ros2/install/mocap_optitrack_interfaces/include/mocap_optitrack_interfaces/mocap_optitrack_interfaces/msg/detail/configuration_array__type_support.h
[1.592s] -- Up-to-date: /home/hrabi/base_control_ros2/install/mocap_optitrack_interfaces/include/mocap_optitrack_interfaces/mocap_optitrack_interfaces/msg/detail/rigid_body_array__struct.h
[1.593s] -- Up-to-date: /home/hrabi/base_control_ros2/install/mocap_optitrack_interfaces/include/mocap_optitrack_interfaces/mocap_optitrack_interfaces/msg/detail/rigid_body__struct.h
[1.593s] -- Up-to-date: /home/hrabi/base_control_ros2/install/mocap_optitrack_interfaces/include/mocap_optitrack_interfaces/mocap_optitrack_interfaces/msg/configuration_array.h
[1.594s] -- Up-to-date: /home/hrabi/base_control_ros2/install/mocap_optitrack_interfaces/share/mocap_optitrack_interfaces/environment/library_path.sh
[1.594s] -- Up-to-date: /home/hrabi/base_control_ros2/install/mocap_optitrack_interfaces/share/mocap_optitrack_interfaces/environment/library_path.dsv
[1.594s] -- Up-to-date: /home/hrabi/base_control_ros2/install/mocap_optitrack_interfaces/lib/libmocap_optitrack_interfaces__rosidl_generator_c.so
[1.595s] -- Up-to-date: /home/hrabi/base_control_ros2/install/mocap_optitrack_interfaces/include/mocap_optitrack_interfaces/mocap_optitrack_interfaces
[1.595s] -- Up-to-date: /home/hrabi/base_control_ros2/install/mocap_optitrack_interfaces/include/mocap_optitrack_interfaces/mocap_optitrack_interfaces/msg
[1.595s] -- Up-to-date: /home/hrabi/base_control_ros2/install/mocap_optitrack_interfaces/include/mocap_optitrack_interfaces/mocap_optitrack_interfaces/msg/rosidl_typesupport_fastrtps_c__visibility_control.h
[1.596s] -- Up-to-date: /home/hrabi/base_control_ros2/install/mocap_optitrack_interfaces/include/mocap_optitrack_interfaces/mocap_optitrack_interfaces/msg/detail
[1.596s] -- Up-to-date: /home/hrabi/base_control_ros2/install/mocap_optitrack_interfaces/include/mocap_optitrack_interfaces/mocap_optitrack_interfaces/msg/detail/configuration_array__rosidl_typesupport_fastrtps_c.h
[1.596s] -- Up-to-date: /home/hrabi/base_control_ros2/install/mocap_optitrack_interfaces/include/mocap_optitrack_interfaces/mocap_optitrack_interfaces/msg/detail/rigid_body__rosidl_typesupport_fastrtps_c.h
[1.596s] -- Up-to-date: /home/hrabi/base_control_ros2/install/mocap_optitrack_interfaces/include/mocap_optitrack_interfaces/mocap_optitrack_interfaces/msg/detail/configuration__rosidl_typesupport_fastrtps_c.h
[1.597s] -- Up-to-date: /home/hrabi/base_control_ros2/install/mocap_optitrack_interfaces/include/mocap_optitrack_interfaces/mocap_optitrack_interfaces/msg/detail/rigid_body_array__rosidl_typesupport_fastrtps_c.h
[1.597s] -- Up-to-date: /home/hrabi/base_control_ros2/install/mocap_optitrack_interfaces/lib/libmocap_optitrack_interfaces__rosidl_typesupport_fastrtps_c.so
[1.597s] -- Up-to-date: /home/hrabi/base_control_ros2/install/mocap_optitrack_interfaces/include/mocap_optitrack_interfaces/mocap_optitrack_interfaces
[1.598s] -- Up-to-date: /home/hrabi/base_control_ros2/install/mocap_optitrack_interfaces/include/mocap_optitrack_interfaces/mocap_optitrack_interfaces/msg
[1.598s] -- Up-to-date: /home/hrabi/base_control_ros2/install/mocap_optitrack_interfaces/include/mocap_optitrack_interfaces/mocap_optitrack_interfaces/msg/rosidl_typesupport_introspection_c__visibility_control.h
[1.598s] -- Up-to-date: /home/hrabi/base_control_ros2/install/mocap_optitrack_interfaces/include/mocap_optitrack_interfaces/mocap_optitrack_interfaces/msg/detail
[1.599s] -- Up-to-date: /home/hrabi/base_control_ros2/install/mocap_optitrack_interfaces/include/mocap_optitrack_interfaces/mocap_optitrack_interfaces/msg/detail/configuration__type_support.c
[1.599s] -- Up-to-date: /home/hrabi/base_control_ros2/install/mocap_optitrack_interfaces/include/mocap_optitrack_interfaces/mocap_optitrack_interfaces/msg/detail/rigid_body_array__rosidl_typesupport_introspection_c.h
[1.599s] -- Up-to-date: /home/hrabi/base_control_ros2/install/mocap_optitrack_interfaces/include/mocap_optitrack_interfaces/mocap_optitrack_interfaces/msg/detail/rigid_body_array__type_support.c
[1.600s] -- Up-to-date: /home/hrabi/base_control_ros2/install/mocap_optitrack_interfaces/include/mocap_optitrack_interfaces/mocap_optitrack_interfaces/msg/detail/rigid_body__rosidl_typesupport_introspection_c.h
[1.600s] -- Up-to-date: /home/hrabi/base_control_ros2/install/mocap_optitrack_interfaces/include/mocap_optitrack_interfaces/mocap_optitrack_interfaces/msg/detail/configuration_array__type_support.c
[1.600s] -- Up-to-date: /home/hrabi/base_control_ros2/install/mocap_optitrack_interfaces/include/mocap_optitrack_interfaces/mocap_optitrack_interfaces/msg/detail/configuration__rosidl_typesupport_introspection_c.h
[1.600s] -- Up-to-date: /home/hrabi/base_control_ros2/install/mocap_optitrack_interfaces/include/mocap_optitrack_interfaces/mocap_optitrack_interfaces/msg/detail/configuration_array__rosidl_typesupport_introspection_c.h
[1.600s] -- Up-to-date: /home/hrabi/base_control_ros2/install/mocap_optitrack_interfaces/include/mocap_optitrack_interfaces/mocap_optitrack_interfaces/msg/detail/rigid_body__type_support.c
[1.601s] -- Up-to-date: /home/hrabi/base_control_ros2/install/mocap_optitrack_interfaces/lib/libmocap_optitrack_interfaces__rosidl_typesupport_introspection_c.so
[1.601s] -- Up-to-date: /home/hrabi/base_control_ros2/install/mocap_optitrack_interfaces/lib/libmocap_optitrack_interfaces__rosidl_typesupport_c.so
[1.601s] -- Up-to-date: /home/hrabi/base_control_ros2/install/mocap_optitrack_interfaces/include/mocap_optitrack_interfaces/mocap_optitrack_interfaces
[1.601s] -- Up-to-date: /home/hrabi/base_control_ros2/install/mocap_optitrack_interfaces/include/mocap_optitrack_interfaces/mocap_optitrack_interfaces/msg
[1.602s] -- Up-to-date: /home/hrabi/base_control_ros2/install/mocap_optitrack_interfaces/include/mocap_optitrack_interfaces/mocap_optitrack_interfaces/msg/rigid_body.hpp
[1.602s] -- Up-to-date: /home/hrabi/base_control_ros2/install/mocap_optitrack_interfaces/include/mocap_optitrack_interfaces/mocap_optitrack_interfaces/msg/rigid_body_array.hpp
[1.602s] -- Up-to-date: /home/hrabi/base_control_ros2/install/mocap_optitrack_interfaces/include/mocap_optitrack_interfaces/mocap_optitrack_interfaces/msg/configuration_array.hpp
[1.602s] -- Up-to-date: /home/hrabi/base_control_ros2/install/mocap_optitrack_interfaces/include/mocap_optitrack_interfaces/mocap_optitrack_interfaces/msg/configuration.hpp
[1.603s] -- Up-to-date: /home/hrabi/base_control_ros2/install/mocap_optitrack_interfaces/include/mocap_optitrack_interfaces/mocap_optitrack_interfaces/msg/detail
[1.603s] -- Up-to-date: /home/hrabi/base_control_ros2/install/mocap_optitrack_interfaces/include/mocap_optitrack_interfaces/mocap_optitrack_interfaces/msg/detail/configuration__builder.hpp
[1.603s] -- Up-to-date: /home/hrabi/base_control_ros2/install/mocap_optitrack_interfaces/include/mocap_optitrack_interfaces/mocap_optitrack_interfaces/msg/detail/rigid_body__struct.hpp
[1.603s] -- Up-to-date: /home/hrabi/base_control_ros2/install/mocap_optitrack_interfaces/include/mocap_optitrack_interfaces/mocap_optitrack_interfaces/msg/detail/configuration_array__struct.hpp
[1.603s] -- Up-to-date: /home/hrabi/base_control_ros2/install/mocap_optitrack_interfaces/include/mocap_optitrack_interfaces/mocap_optitrack_interfaces/msg/detail/rigid_body_array__struct.hpp
[1.604s] -- Up-to-date: /home/hrabi/base_control_ros2/install/mocap_optitrack_interfaces/include/mocap_optitrack_interfaces/mocap_optitrack_interfaces/msg/detail/rigid_body_array__builder.hpp
[1.604s] -- Up-to-date: /home/hrabi/base_control_ros2/install/mocap_optitrack_interfaces/include/mocap_optitrack_interfaces/mocap_optitrack_interfaces/msg/detail/configuration_array__builder.hpp
[1.605s] -- Up-to-date: /home/hrabi/base_control_ros2/install/mocap_optitrack_interfaces/include/mocap_optitrack_interfaces/mocap_optitrack_interfaces/msg/detail/configuration__traits.hpp
[1.605s] -- Up-to-date: /home/hrabi/base_control_ros2/install/mocap_optitrack_interfaces/include/mocap_optitrack_interfaces/mocap_optitrack_interfaces/msg/detail/rigid_body__traits.hpp
[1.605s] -- Up-to-date: /home/hrabi/base_control_ros2/install/mocap_optitrack_interfaces/include/mocap_optitrack_interfaces/mocap_optitrack_interfaces/msg/detail/rigid_body_array__traits.hpp
[1.606s] -- Up-to-date: /home/hrabi/base_control_ros2/install/mocap_optitrack_interfaces/include/mocap_optitrack_interfaces/mocap_optitrack_interfaces/msg/detail/configuration__struct.hpp
[1.606s] -- Up-to-date: /home/hrabi/base_control_ros2/install/mocap_optitrack_interfaces/include/mocap_optitrack_interfaces/mocap_optitrack_interfaces/msg/detail/configuration_array__traits.hpp
[1.606s] -- Up-to-date: /home/hrabi/base_control_ros2/install/mocap_optitrack_interfaces/include/mocap_optitrack_interfaces/mocap_optitrack_interfaces/msg/detail/rigid_body__builder.hpp
[1.606s] -- Up-to-date: /home/hrabi/base_control_ros2/install/mocap_optitrack_interfaces/include/mocap_optitrack_interfaces/mocap_optitrack_interfaces
[1.606s] -- Up-to-date: /home/hrabi/base_control_ros2/install/mocap_optitrack_interfaces/include/mocap_optitrack_interfaces/mocap_optitrack_interfaces/msg
[1.607s] -- Up-to-date: /home/hrabi/base_control_ros2/install/mocap_optitrack_interfaces/include/mocap_optitrack_interfaces/mocap_optitrack_interfaces/msg/rosidl_typesupport_fastrtps_cpp__visibility_control.h
[1.607s] -- Up-to-date: /home/hrabi/base_control_ros2/install/mocap_optitrack_interfaces/include/mocap_optitrack_interfaces/mocap_optitrack_interfaces/msg/detail
[1.607s] -- Up-to-date: /home/hrabi/base_control_ros2/install/mocap_optitrack_interfaces/include/mocap_optitrack_interfaces/mocap_optitrack_interfaces/msg/detail/configuration_array__rosidl_typesupport_fastrtps_cpp.hpp
[1.607s] -- Up-to-date: /home/hrabi/base_control_ros2/install/mocap_optitrack_interfaces/include/mocap_optitrack_interfaces/mocap_optitrack_interfaces/msg/detail/rigid_body_array__rosidl_typesupport_fastrtps_cpp.hpp
[1.608s] -- Up-to-date: /home/hrabi/base_control_ros2/install/mocap_optitrack_interfaces/include/mocap_optitrack_interfaces/mocap_optitrack_interfaces/msg/detail/configuration__rosidl_typesupport_fastrtps_cpp.hpp
[1.608s] -- Up-to-date: /home/hrabi/base_control_ros2/install/mocap_optitrack_interfaces/include/mocap_optitrack_interfaces/mocap_optitrack_interfaces/msg/detail/rigid_body__rosidl_typesupport_fastrtps_cpp.hpp
[1.608s] -- Up-to-date: /home/hrabi/base_control_ros2/install/mocap_optitrack_interfaces/include/mocap_optitrack_interfaces/mocap_optitrack_interfaces/msg/detail/dds_fastrtps
[1.609s] -- Up-to-date: /home/hrabi/base_control_ros2/install/mocap_optitrack_interfaces/lib/libmocap_optitrack_interfaces__rosidl_typesupport_fastrtps_cpp.so
[1.610s] -- Up-to-date: /home/hrabi/base_control_ros2/install/mocap_optitrack_interfaces/include/mocap_optitrack_interfaces/mocap_optitrack_interfaces
[1.610s] -- Up-to-date: /home/hrabi/base_control_ros2/install/mocap_optitrack_interfaces/include/mocap_optitrack_interfaces/mocap_optitrack_interfaces/msg
[1.611s] -- Up-to-date: /home/hrabi/base_control_ros2/install/mocap_optitrack_interfaces/include/mocap_optitrack_interfaces/mocap_optitrack_interfaces/msg/detail
[1.611s] -- Up-to-date: /home/hrabi/base_control_ros2/install/mocap_optitrack_interfaces/include/mocap_optitrack_interfaces/mocap_optitrack_interfaces/msg/detail/configuration_array__type_support.cpp
[1.612s] -- Up-to-date: /home/hrabi/base_control_ros2/install/mocap_optitrack_interfaces/include/mocap_optitrack_interfaces/mocap_optitrack_interfaces/msg/detail/configuration_array__rosidl_typesupport_introspection_cpp.hpp
[1.612s] -- Up-to-date: /home/hrabi/base_control_ros2/install/mocap_optitrack_interfaces/include/mocap_optitrack_interfaces/mocap_optitrack_interfaces/msg/detail/rigid_body_array__rosidl_typesupport_introspection_cpp.hpp
[1.613s] -- Up-to-date: /home/hrabi/base_control_ros2/install/mocap_optitrack_interfaces/include/mocap_optitrack_interfaces/mocap_optitrack_interfaces/msg/detail/rigid_body__type_support.cpp
[1.613s] -- Up-to-date: /home/hrabi/base_control_ros2/install/mocap_optitrack_interfaces/include/mocap_optitrack_interfaces/mocap_optitrack_interfaces/msg/detail/rigid_body__rosidl_typesupport_introspection_cpp.hpp
[1.613s] -- Up-to-date: /home/hrabi/base_control_ros2/install/mocap_optitrack_interfaces/include/mocap_optitrack_interfaces/mocap_optitrack_interfaces/msg/detail/rigid_body_array__type_support.cpp
[1.614s] -- Up-to-date: /home/hrabi/base_control_ros2/install/mocap_optitrack_interfaces/include/mocap_optitrack_interfaces/mocap_optitrack_interfaces/msg/detail/configuration__type_support.cpp
[1.614s] -- Up-to-date: /home/hrabi/base_control_ros2/install/mocap_optitrack_interfaces/include/mocap_optitrack_interfaces/mocap_optitrack_interfaces/msg/detail/configuration__rosidl_typesupport_introspection_cpp.hpp
[1.615s] -- Up-to-date: /home/hrabi/base_control_ros2/install/mocap_optitrack_interfaces/lib/libmocap_optitrack_interfaces__rosidl_typesupport_introspection_cpp.so
[1.615s] -- Up-to-date: /home/hrabi/base_control_ros2/install/mocap_optitrack_interfaces/lib/libmocap_optitrack_interfaces__rosidl_typesupport_cpp.so
[1.616s] -- Up-to-date: /home/hrabi/base_control_ros2/install/mocap_optitrack_interfaces/share/mocap_optitrack_interfaces/environment/pythonpath.sh
[1.616s] -- Up-to-date: /home/hrabi/base_control_ros2/install/mocap_optitrack_interfaces/share/mocap_optitrack_interfaces/environment/pythonpath.dsv
[1.617s] -- Up-to-date: /home/hrabi/base_control_ros2/install/mocap_optitrack_interfaces/local/lib/python3.10/dist-packages/mocap_optitrack_interfaces-0.0.0-py3.10.egg-info
[1.617s] -- Installing: /home/hrabi/base_control_ros2/install/mocap_optitrack_interfaces/local/lib/python3.10/dist-packages/mocap_optitrack_interfaces-0.0.0-py3.10.egg-info/dependency_links.txt
[1.617s] -- Installing: /home/hrabi/base_control_ros2/install/mocap_optitrack_interfaces/local/lib/python3.10/dist-packages/mocap_optitrack_interfaces-0.0.0-py3.10.egg-info/top_level.txt
[1.618s] -- Installing: /home/hrabi/base_control_ros2/install/mocap_optitrack_interfaces/local/lib/python3.10/dist-packages/mocap_optitrack_interfaces-0.0.0-py3.10.egg-info/SOURCES.txt
[1.618s] -- Installing: /home/hrabi/base_control_ros2/install/mocap_optitrack_interfaces/local/lib/python3.10/dist-packages/mocap_optitrack_interfaces-0.0.0-py3.10.egg-info/PKG-INFO
[1.619s] -- Up-to-date: /home/hrabi/base_control_ros2/install/mocap_optitrack_interfaces/local/lib/python3.10/dist-packages/mocap_optitrack_interfaces
[1.619s] -- Up-to-date: /home/hrabi/base_control_ros2/install/mocap_optitrack_interfaces/local/lib/python3.10/dist-packages/mocap_optitrack_interfaces/_mocap_optitrack_interfaces_s.ep.rosidl_typesupport_fastrtps_c.c
[1.620s] -- Up-to-date: /home/hrabi/base_control_ros2/install/mocap_optitrack_interfaces/local/lib/python3.10/dist-packages/mocap_optitrack_interfaces/_mocap_optitrack_interfaces_s.ep.rosidl_typesupport_introspection_c.c
[1.620s] -- Up-to-date: /home/hrabi/base_control_ros2/install/mocap_optitrack_interfaces/local/lib/python3.10/dist-packages/mocap_optitrack_interfaces/libmocap_optitrack_interfaces__rosidl_generator_py.so
[1.620s] -- Up-to-date: /home/hrabi/base_control_ros2/install/mocap_optitrack_interfaces/local/lib/python3.10/dist-packages/mocap_optitrack_interfaces/mocap_optitrack_interfaces_s__rosidl_typesupport_introspection_c.cpython-310-x86_64-linux-gnu.so
[1.621s] -- Up-to-date: /home/hrabi/base_control_ros2/install/mocap_optitrack_interfaces/local/lib/python3.10/dist-packages/mocap_optitrack_interfaces/mocap_optitrack_interfaces_s__rosidl_typesupport_fastrtps_c.cpython-310-x86_64-linux-gnu.so
[1.621s] -- Up-to-date: /home/hrabi/base_control_ros2/install/mocap_optitrack_interfaces/local/lib/python3.10/dist-packages/mocap_optitrack_interfaces/mocap_optitrack_interfaces_s__rosidl_typesupport_c.cpython-310-x86_64-linux-gnu.so
[1.622s] -- Up-to-date: /home/hrabi/base_control_ros2/install/mocap_optitrack_interfaces/local/lib/python3.10/dist-packages/mocap_optitrack_interfaces/__init__.py
[1.622s] -- Up-to-date: /home/hrabi/base_control_ros2/install/mocap_optitrack_interfaces/local/lib/python3.10/dist-packages/mocap_optitrack_interfaces/msg
[1.623s] -- Up-to-date: /home/hrabi/base_control_ros2/install/mocap_optitrack_interfaces/local/lib/python3.10/dist-packages/mocap_optitrack_interfaces/msg/_rigid_body_s.c
[1.623s] -- Up-to-date: /home/hrabi/base_control_ros2/install/mocap_optitrack_interfaces/local/lib/python3.10/dist-packages/mocap_optitrack_interfaces/msg/_configuration.py
[1.623s] -- Up-to-date: /home/hrabi/base_control_ros2/install/mocap_optitrack_interfaces/local/lib/python3.10/dist-packages/mocap_optitrack_interfaces/msg/_rigid_body.py
[1.624s] -- Up-to-date: /home/hrabi/base_control_ros2/install/mocap_optitrack_interfaces/local/lib/python3.10/dist-packages/mocap_optitrack_interfaces/msg/_configuration_array.py
[1.624s] -- Up-to-date: /home/hrabi/base_control_ros2/install/mocap_optitrack_interfaces/local/lib/python3.10/dist-packages/mocap_optitrack_interfaces/msg/_rigid_body_array.py
[1.625s] -- Up-to-date: /home/hrabi/base_control_ros2/install/mocap_optitrack_interfaces/local/lib/python3.10/dist-packages/mocap_optitrack_interfaces/msg/__init__.py
[1.625s] -- Up-to-date: /home/hrabi/base_control_ros2/install/mocap_optitrack_interfaces/local/lib/python3.10/dist-packages/mocap_optitrack_interfaces/msg/_configuration_array_s.c
[1.626s] -- Up-to-date: /home/hrabi/base_control_ros2/install/mocap_optitrack_interfaces/local/lib/python3.10/dist-packages/mocap_optitrack_interfaces/msg/_rigid_body_array_s.c
[1.626s] -- Up-to-date: /home/hrabi/base_control_ros2/install/mocap_optitrack_interfaces/local/lib/python3.10/dist-packages/mocap_optitrack_interfaces/msg/_configuration_s.c
[1.626s] -- Up-to-date: /home/hrabi/base_control_ros2/install/mocap_optitrack_interfaces/local/lib/python3.10/dist-packages/mocap_optitrack_interfaces/_mocap_optitrack_interfaces_s.ep.rosidl_typesupport_c.c
[1.655s] Listing '/home/hrabi/base_control_ros2/install/mocap_optitrack_interfaces/local/lib/python3.10/dist-packages/mocap_optitrack_interfaces'...
[1.655s] Listing '/home/hrabi/base_control_ros2/install/mocap_optitrack_interfaces/local/lib/python3.10/dist-packages/mocap_optitrack_interfaces/msg'...
[1.662s] -- Up-to-date: /home/hrabi/base_control_ros2/install/mocap_optitrack_interfaces/local/lib/python3.10/dist-packages/mocap_optitrack_interfaces/mocap_optitrack_interfaces_s__rosidl_typesupport_fastrtps_c.cpython-310-x86_64-linux-gnu.so
[1.662s] -- Up-to-date: /home/hrabi/base_control_ros2/install/mocap_optitrack_interfaces/local/lib/python3.10/dist-packages/mocap_optitrack_interfaces/mocap_optitrack_interfaces_s__rosidl_typesupport_introspection_c.cpython-310-x86_64-linux-gnu.so
[1.662s] -- Up-to-date: /home/hrabi/base_control_ros2/install/mocap_optitrack_interfaces/local/lib/python3.10/dist-packages/mocap_optitrack_interfaces/mocap_optitrack_interfaces_s__rosidl_typesupport_c.cpython-310-x86_64-linux-gnu.so
[1.663s] -- Up-to-date: /home/hrabi/base_control_ros2/install/mocap_optitrack_interfaces/lib/libmocap_optitrack_interfaces__rosidl_generator_py.so
[1.663s] -- Up-to-date: /home/hrabi/base_control_ros2/install/mocap_optitrack_interfaces/share/mocap_optitrack_interfaces/msg/RigidBody.idl
[1.664s] -- Up-to-date: /home/hrabi/base_control_ros2/install/mocap_optitrack_interfaces/share/mocap_optitrack_interfaces/msg/RigidBodyArray.idl
[1.664s] -- Up-to-date: /home/hrabi/base_control_ros2/install/mocap_optitrack_interfaces/share/mocap_optitrack_interfaces/msg/Configuration.idl
[1.665s] -- Up-to-date: /home/hrabi/base_control_ros2/install/mocap_optitrack_interfaces/share/mocap_optitrack_interfaces/msg/ConfigurationArray.idl
[1.665s] -- Up-to-date: /home/hrabi/base_control_ros2/install/mocap_optitrack_interfaces/share/mocap_optitrack_interfaces/msg/RigidBody.msg
[1.666s] -- Up-to-date: /home/hrabi/base_control_ros2/install/mocap_optitrack_interfaces/share/mocap_optitrack_interfaces/msg/RigidBodyArray.msg
[1.666s] -- Up-to-date: /home/hrabi/base_control_ros2/install/mocap_optitrack_interfaces/share/mocap_optitrack_interfaces/msg/Configuration.msg
[1.666s] -- Up-to-date: /home/hrabi/base_control_ros2/install/mocap_optitrack_interfaces/share/mocap_optitrack_interfaces/msg/ConfigurationArray.msg
[1.667s] -- Up-to-date: /home/hrabi/base_control_ros2/install/mocap_optitrack_interfaces/share/ament_index/resource_index/package_run_dependencies/mocap_optitrack_interfaces
[1.667s] -- Up-to-date: /home/hrabi/base_control_ros2/install/mocap_optitrack_interfaces/share/ament_index/resource_index/parent_prefix_path/mocap_optitrack_interfaces
[1.667s] -- Up-to-date: /home/hrabi/base_control_ros2/install/mocap_optitrack_interfaces/share/mocap_optitrack_interfaces/environment/ament_prefix_path.sh
[1.668s] -- Up-to-date: /home/hrabi/base_control_ros2/install/mocap_optitrack_interfaces/share/mocap_optitrack_interfaces/environment/ament_prefix_path.dsv
[1.668s] -- Up-to-date: /home/hrabi/base_control_ros2/install/mocap_optitrack_interfaces/share/mocap_optitrack_interfaces/environment/path.sh
[1.668s] -- Up-to-date: /home/hrabi/base_control_ros2/install/mocap_optitrack_interfaces/share/mocap_optitrack_interfaces/environment/path.dsv
[1.669s] -- Up-to-date: /home/hrabi/base_control_ros2/install/mocap_optitrack_interfaces/share/mocap_optitrack_interfaces/local_setup.bash
[1.669s] -- Up-to-date: /home/hrabi/base_control_ros2/install/mocap_optitrack_interfaces/share/mocap_optitrack_interfaces/local_setup.sh
[1.669s] -- Up-to-date: /home/hrabi/base_control_ros2/install/mocap_optitrack_interfaces/share/mocap_optitrack_interfaces/local_setup.zsh
[1.670s] -- Up-to-date: /home/hrabi/base_control_ros2/install/mocap_optitrack_interfaces/share/mocap_optitrack_interfaces/local_setup.dsv
[1.670s] -- Installing: /home/hrabi/base_control_ros2/install/mocap_optitrack_interfaces/share/mocap_optitrack_interfaces/package.dsv
[1.670s] -- Up-to-date: /home/hrabi/base_control_ros2/install/mocap_optitrack_interfaces/share/ament_index/resource_index/packages/mocap_optitrack_interfaces
[1.670s] -- Up-to-date: /home/hrabi/base_control_ros2/install/mocap_optitrack_interfaces/share/mocap_optitrack_interfaces/cmake/export_mocap_optitrack_interfaces__rosidl_generator_cExport.cmake
[1.671s] -- Up-to-date: /home/hrabi/base_control_ros2/install/mocap_optitrack_interfaces/share/mocap_optitrack_interfaces/cmake/export_mocap_optitrack_interfaces__rosidl_generator_cExport-noconfig.cmake
[1.671s] -- Up-to-date: /home/hrabi/base_control_ros2/install/mocap_optitrack_interfaces/share/mocap_optitrack_interfaces/cmake/export_mocap_optitrack_interfaces__rosidl_typesupport_fastrtps_cExport.cmake
[1.672s] -- Up-to-date: /home/hrabi/base_control_ros2/install/mocap_optitrack_interfaces/share/mocap_optitrack_interfaces/cmake/export_mocap_optitrack_interfaces__rosidl_typesupport_fastrtps_cExport-noconfig.cmake
[1.673s] -- Up-to-date: /home/hrabi/base_control_ros2/install/mocap_optitrack_interfaces/share/mocap_optitrack_interfaces/cmake/mocap_optitrack_interfaces__rosidl_typesupport_introspection_cExport.cmake
[1.673s] -- Up-to-date: /home/hrabi/base_control_ros2/install/mocap_optitrack_interfaces/share/mocap_optitrack_interfaces/cmake/mocap_optitrack_interfaces__rosidl_typesupport_introspection_cExport-noconfig.cmake
[1.676s] -- Up-to-date: /home/hrabi/base_control_ros2/install/mocap_optitrack_interfaces/share/mocap_optitrack_interfaces/cmake/mocap_optitrack_interfaces__rosidl_typesupport_cExport.cmake
[1.676s] -- Up-to-date: /home/hrabi/base_control_ros2/install/mocap_optitrack_interfaces/share/mocap_optitrack_interfaces/cmake/mocap_optitrack_interfaces__rosidl_typesupport_cExport-noconfig.cmake
[1.677s] -- Up-to-date: /home/hrabi/base_control_ros2/install/mocap_optitrack_interfaces/share/mocap_optitrack_interfaces/cmake/export_mocap_optitrack_interfaces__rosidl_generator_cppExport.cmake
[1.677s] -- Up-to-date: /home/hrabi/base_control_ros2/install/mocap_optitrack_interfaces/share/mocap_optitrack_interfaces/cmake/export_mocap_optitrack_interfaces__rosidl_typesupport_fastrtps_cppExport.cmake
[1.679s] -- Up-to-date: /home/hrabi/base_control_ros2/install/mocap_optitrack_interfaces/share/mocap_optitrack_interfaces/cmake/export_mocap_optitrack_interfaces__rosidl_typesupport_fastrtps_cppExport-noconfig.cmake
[1.679s] -- Up-to-date: /home/hrabi/base_control_ros2/install/mocap_optitrack_interfaces/share/mocap_optitrack_interfaces/cmake/mocap_optitrack_interfaces__rosidl_typesupport_introspection_cppExport.cmake
[1.680s] -- Up-to-date: /home/hrabi/base_control_ros2/install/mocap_optitrack_interfaces/share/mocap_optitrack_interfaces/cmake/mocap_optitrack_interfaces__rosidl_typesupport_introspection_cppExport-noconfig.cmake
[1.680s] -- Up-to-date: /home/hrabi/base_control_ros2/install/mocap_optitrack_interfaces/share/mocap_optitrack_interfaces/cmake/mocap_optitrack_interfaces__rosidl_typesupport_cppExport.cmake
[1.680s] -- Up-to-date: /home/hrabi/base_control_ros2/install/mocap_optitrack_interfaces/share/mocap_optitrack_interfaces/cmake/mocap_optitrack_interfaces__rosidl_typesupport_cppExport-noconfig.cmake
[1.681s] -- Up-to-date: /home/hrabi/base_control_ros2/install/mocap_optitrack_interfaces/share/mocap_optitrack_interfaces/cmake/export_mocap_optitrack_interfaces__rosidl_generator_pyExport.cmake
[1.681s] -- Up-to-date: /home/hrabi/base_control_ros2/install/mocap_optitrack_interfaces/share/mocap_optitrack_interfaces/cmake/export_mocap_optitrack_interfaces__rosidl_generator_pyExport-noconfig.cmake
[1.681s] -- Up-to-date: /home/hrabi/base_control_ros2/install/mocap_optitrack_interfaces/share/mocap_optitrack_interfaces/cmake/rosidl_cmake-extras.cmake
[1.682s] -- Up-to-date: /home/hrabi/base_control_ros2/install/mocap_optitrack_interfaces/share/mocap_optitrack_interfaces/cmake/ament_cmake_export_dependencies-extras.cmake
[1.684s] -- Up-to-date: /home/hrabi/base_control_ros2/install/mocap_optitrack_interfaces/share/mocap_optitrack_interfaces/cmake/ament_cmake_export_include_directories-extras.cmake
[1.684s] -- Up-to-date: /home/hrabi/base_control_ros2/install/mocap_optitrack_interfaces/share/mocap_optitrack_interfaces/cmake/ament_cmake_export_libraries-extras.cmake
[1.684s] -- Up-to-date: /home/hrabi/base_control_ros2/install/mocap_optitrack_interfaces/share/mocap_optitrack_interfaces/cmake/ament_cmake_export_targets-extras.cmake
[1.687s] -- Up-to-date: /home/hrabi/base_control_ros2/install/mocap_optitrack_interfaces/share/mocap_optitrack_interfaces/cmake/rosidl_cmake_export_typesupport_targets-extras.cmake
[1.687s] -- Up-to-date: /home/hrabi/base_control_ros2/install/mocap_optitrack_interfaces/share/mocap_optitrack_interfaces/cmake/rosidl_cmake_export_typesupport_libraries-extras.cmake
[1.691s] -- Up-to-date: /home/hrabi/base_control_ros2/install/mocap_optitrack_interfaces/share/mocap_optitrack_interfaces/cmake/mocap_optitrack_interfacesConfig.cmake
[1.692s] -- Up-to-date: /home/hrabi/base_control_ros2/install/mocap_optitrack_interfaces/share/mocap_optitrack_interfaces/cmake/mocap_optitrack_interfacesConfig-version.cmake
[1.692s] -- Up-to-date: /home/hrabi/base_control_ros2/install/mocap_optitrack_interfaces/share/mocap_optitrack_interfaces/package.xml
[1.692s] Invoked command in '/home/hrabi/base_control_ros2/build/mocap_optitrack_interfaces' returned '0': CMAKE_PREFIX_PATH=${CMAKE_PREFIX_PATH}:/home/hrabi/base_control_ros2/install/base_control:/opt/ros/humble /usr/bin/cmake --install /home/hrabi/base_control_ros2/build/mocap_optitrack_interfaces
