[0.738s] Invoking command in '/home/hrabi/base_control_ros2/build/mocap_optitrack_interfaces': CMAKE_PREFIX_PATH=${CMAKE_PREFIX_PATH}:/home/hrabi/base_control_ros2/install/base_control:/opt/ros/humble /usr/bin/cmake --build /home/hrabi/base_control_ros2/build/mocap_optitrack_interfaces -- -j4 -l4
[0.960s] [  1%] Built target mocap_optitrack_interfaces__cpp
[0.966s] [  1%] Built target ament_cmake_python_copy_mocap_optitrack_interfaces
[0.977s] [ 12%] Built target mocap_optitrack_interfaces__rosidl_generator_c
[1.051s] [ 23%] Built target mocap_optitrack_interfaces__rosidl_typesupport_cpp
[1.117s] [ 34%] Built target mocap_optitrack_interfaces__rosidl_typesupport_introspection_cpp
[1.128s] [ 45%] Built target mocap_optitrack_interfaces__rosidl_typesupport_fastrtps_c
[1.145s] [ 56%] Built target mocap_optitrack_interfaces__rosidl_typesupport_fastrtps_cpp
[1.231s] [ 67%] Built target mocap_optitrack_interfaces__rosidl_typesupport_c
[1.241s] [ 78%] Built target mocap_optitrack_interfaces__rosidl_typesupport_introspection_c
[1.281s] [ 78%] Built target mocap_optitrack_interfaces
[1.323s] [ 80%] Built target mocap_optitrack_interfaces__py
[1.371s] [ 89%] Built target mocap_optitrack_interfaces__rosidl_generator_py
[1.465s] [ 92%] Built target mocap_optitrack_interfaces__rosidl_typesupport_introspection_c__pyext
[1.482s] [ 96%] Built target mocap_optitrack_interfaces__rosidl_typesupport_fastrtps_c__pyext
[1.501s] [100%] Built target mocap_optitrack_interfaces__rosidl_typesupport_c__pyext
[1.937s] running egg_info
[1.941s] writing mocap_optitrack_interfaces.egg-info/PKG-INFO
[1.942s] writing dependency_links to mocap_optitrack_interfaces.egg-info/dependency_links.txt
[1.944s] writing top-level names to mocap_optitrack_interfaces.egg-info/top_level.txt
[1.959s] reading manifest file 'mocap_optitrack_interfaces.egg-info/SOURCES.txt'
[1.961s] writing manifest file 'mocap_optitrack_interfaces.egg-info/SOURCES.txt'
[2.032s] [100%] Built target ament_cmake_python_build_mocap_optitrack_interfaces_egg
[2.059s] Invoked command in '/home/hrabi/base_control_ros2/build/mocap_optitrack_interfaces' returned '0': CMAKE_PREFIX_PATH=${CMAKE_PREFIX_PATH}:/home/hrabi/base_control_ros2/install/base_control:/opt/ros/humble /usr/bin/cmake --build /home/hrabi/base_control_ros2/build/mocap_optitrack_interfaces -- -j4 -l4
[2.353s] Invoking command in '/home/hrabi/base_control_ros2/build/mocap_optitrack_interfaces': CMAKE_PREFIX_PATH=${CMAKE_PREFIX_PATH}:/home/hrabi/base_control_ros2/install/base_control:/opt/ros/humble /usr/bin/cmake --install /home/hrabi/base_control_ros2/build/mocap_optitrack_interfaces
[2.370s] -- Install configuration: ""
[2.370s] -- Up-to-date: /home/hrabi/base_control_ros2/install/mocap_optitrack_interfaces/share/ament_index/resource_index/rosidl_interfaces/mocap_optitrack_interfaces
[2.376s] -- Up-to-date: /home/hrabi/base_control_ros2/install/mocap_optitrack_interfaces/include/mocap_optitrack_interfaces/mocap_optitrack_interfaces
[2.377s] -- Up-to-date: /home/hrabi/base_control_ros2/install/mocap_optitrack_interfaces/include/mocap_optitrack_interfaces/mocap_optitrack_interfaces/msg
[2.384s] -- Up-to-date: /home/hrabi/base_control_ros2/install/mocap_optitrack_interfaces/include/mocap_optitrack_interfaces/mocap_optitrack_interfaces/msg/rosidl_generator_c__visibility_control.h
[2.384s] -- Up-to-date: /home/hrabi/base_control_ros2/install/mocap_optitrack_interfaces/include/mocap_optitrack_interfaces/mocap_optitrack_interfaces/msg/rigid_body_array.h
[2.385s] -- Up-to-date: /home/hrabi/base_control_ros2/install/mocap_optitrack_interfaces/include/mocap_optitrack_interfaces/mocap_optitrack_interfaces/msg/rigid_body.h
[2.385s] -- Up-to-date: /home/hrabi/base_control_ros2/install/mocap_optitrack_interfaces/include/mocap_optitrack_interfaces/mocap_optitrack_interfaces/msg/configuration.h
[2.385s] -- Up-to-date: /home/hrabi/base_control_ros2/install/mocap_optitrack_interfaces/include/mocap_optitrack_interfaces/mocap_optitrack_interfaces/msg/detail
[2.385s] -- Up-to-date: /home/hrabi/base_control_ros2/install/mocap_optitrack_interfaces/include/mocap_optitrack_interfaces/mocap_optitrack_interfaces/msg/detail/configuration_array__struct.h
[2.386s] -- Up-to-date: /home/hrabi/base_control_ros2/install/mocap_optitrack_interfaces/include/mocap_optitrack_interfaces/mocap_optitrack_interfaces/msg/detail/configuration__struct.h
[2.386s] -- Up-to-date: /home/hrabi/base_control_ros2/install/mocap_optitrack_interfaces/include/mocap_optitrack_interfaces/mocap_optitrack_interfaces/msg/detail/rigid_body_array__functions.c
[2.386s] -- Up-to-date: /home/hrabi/base_control_ros2/install/mocap_optitrack_interfaces/include/mocap_optitrack_interfaces/mocap_optitrack_interfaces/msg/detail/configuration_array__functions.h
[2.386s] -- Up-to-date: /home/hrabi/base_control_ros2/install/mocap_optitrack_interfaces/include/mocap_optitrack_interfaces/mocap_optitrack_interfaces/msg/detail/configuration_array__functions.c
[2.386s] -- Up-to-date: /home/hrabi/base_control_ros2/install/mocap_optitrack_interfaces/include/mocap_optitrack_interfaces/mocap_optitrack_interfaces/msg/detail/rigid_body_array__type_support.h
[2.387s] -- Up-to-date: /home/hrabi/base_control_ros2/install/mocap_optitrack_interfaces/include/mocap_optitrack_interfaces/mocap_optitrack_interfaces/msg/detail/configuration__functions.h
[2.387s] -- Up-to-date: /home/hrabi/base_control_ros2/install/mocap_optitrack_interfaces/include/mocap_optitrack_interfaces/mocap_optitrack_interfaces/msg/detail/rigid_body_array__functions.h
[2.387s] -- Up-to-date: /home/hrabi/base_control_ros2/install/mocap_optitrack_interfaces/include/mocap_optitrack_interfaces/mocap_optitrack_interfaces/msg/detail/rigid_body__functions.c
[2.387s] -- Up-to-date: /home/hrabi/base_control_ros2/install/mocap_optitrack_interfaces/include/mocap_optitrack_interfaces/mocap_optitrack_interfaces/msg/detail/rigid_body__functions.h
[2.387s] -- Up-to-date: /home/hrabi/base_control_ros2/install/mocap_optitrack_interfaces/include/mocap_optitrack_interfaces/mocap_optitrack_interfaces/msg/detail/configuration__functions.c
[2.388s] -- Up-to-date: /home/hrabi/base_control_ros2/install/mocap_optitrack_interfaces/include/mocap_optitrack_interfaces/mocap_optitrack_interfaces/msg/detail/rigid_body__type_support.h
[2.388s] -- Up-to-date: /home/hrabi/base_control_ros2/install/mocap_optitrack_interfaces/include/mocap_optitrack_interfaces/mocap_optitrack_interfaces/msg/detail/configuration__type_support.h
[2.389s] -- Up-to-date: /home/hrabi/base_control_ros2/install/mocap_optitrack_interfaces/include/mocap_optitrack_interfaces/mocap_optitrack_interfaces/msg/detail/configuration_array__type_support.h
[2.389s] -- Up-to-date: /home/hrabi/base_control_ros2/install/mocap_optitrack_interfaces/include/mocap_optitrack_interfaces/mocap_optitrack_interfaces/msg/detail/rigid_body_array__struct.h
[2.389s] -- Up-to-date: /home/hrabi/base_control_ros2/install/mocap_optitrack_interfaces/include/mocap_optitrack_interfaces/mocap_optitrack_interfaces/msg/detail/rigid_body__struct.h
[2.389s] -- Up-to-date: /home/hrabi/base_control_ros2/install/mocap_optitrack_interfaces/include/mocap_optitrack_interfaces/mocap_optitrack_interfaces/msg/configuration_array.h
[2.390s] -- Up-to-date: /home/hrabi/base_control_ros2/install/mocap_optitrack_interfaces/share/mocap_optitrack_interfaces/environment/library_path.sh
[2.390s] -- Up-to-date: /home/hrabi/base_control_ros2/install/mocap_optitrack_interfaces/share/mocap_optitrack_interfaces/environment/library_path.dsv
[2.390s] -- Up-to-date: /home/hrabi/base_control_ros2/install/mocap_optitrack_interfaces/lib/libmocap_optitrack_interfaces__rosidl_generator_c.so
[2.391s] -- Up-to-date: /home/hrabi/base_control_ros2/install/mocap_optitrack_interfaces/include/mocap_optitrack_interfaces/mocap_optitrack_interfaces
[2.391s] -- Up-to-date: /home/hrabi/base_control_ros2/install/mocap_optitrack_interfaces/include/mocap_optitrack_interfaces/mocap_optitrack_interfaces/msg
[2.391s] -- Up-to-date: /home/hrabi/base_control_ros2/install/mocap_optitrack_interfaces/include/mocap_optitrack_interfaces/mocap_optitrack_interfaces/msg/rosidl_typesupport_fastrtps_c__visibility_control.h
[2.391s] -- Up-to-date: /home/hrabi/base_control_ros2/install/mocap_optitrack_interfaces/include/mocap_optitrack_interfaces/mocap_optitrack_interfaces/msg/detail
[2.392s] -- Up-to-date: /home/hrabi/base_control_ros2/install/mocap_optitrack_interfaces/include/mocap_optitrack_interfaces/mocap_optitrack_interfaces/msg/detail/configuration_array__rosidl_typesupport_fastrtps_c.h
[2.392s] -- Up-to-date: /home/hrabi/base_control_ros2/install/mocap_optitrack_interfaces/include/mocap_optitrack_interfaces/mocap_optitrack_interfaces/msg/detail/rigid_body__rosidl_typesupport_fastrtps_c.h
[2.392s] -- Up-to-date: /home/hrabi/base_control_ros2/install/mocap_optitrack_interfaces/include/mocap_optitrack_interfaces/mocap_optitrack_interfaces/msg/detail/configuration__rosidl_typesupport_fastrtps_c.h
[2.392s] -- Up-to-date: /home/hrabi/base_control_ros2/install/mocap_optitrack_interfaces/include/mocap_optitrack_interfaces/mocap_optitrack_interfaces/msg/detail/rigid_body_array__rosidl_typesupport_fastrtps_c.h
[2.393s] -- Up-to-date: /home/hrabi/base_control_ros2/install/mocap_optitrack_interfaces/lib/libmocap_optitrack_interfaces__rosidl_typesupport_fastrtps_c.so
[2.393s] -- Up-to-date: /home/hrabi/base_control_ros2/install/mocap_optitrack_interfaces/include/mocap_optitrack_interfaces/mocap_optitrack_interfaces
[2.393s] -- Up-to-date: /home/hrabi/base_control_ros2/install/mocap_optitrack_interfaces/include/mocap_optitrack_interfaces/mocap_optitrack_interfaces/msg
[2.394s] -- Up-to-date: /home/hrabi/base_control_ros2/install/mocap_optitrack_interfaces/include/mocap_optitrack_interfaces/mocap_optitrack_interfaces/msg/rosidl_typesupport_introspection_c__visibility_control.h
[2.395s] -- Up-to-date: /home/hrabi/base_control_ros2/install/mocap_optitrack_interfaces/include/mocap_optitrack_interfaces/mocap_optitrack_interfaces/msg/detail
[2.395s] -- Up-to-date: /home/hrabi/base_control_ros2/install/mocap_optitrack_interfaces/include/mocap_optitrack_interfaces/mocap_optitrack_interfaces/msg/detail/configuration__type_support.c
[2.395s] -- Up-to-date: /home/hrabi/base_control_ros2/install/mocap_optitrack_interfaces/include/mocap_optitrack_interfaces/mocap_optitrack_interfaces/msg/detail/rigid_body_array__rosidl_typesupport_introspection_c.h
[2.395s] -- Up-to-date: /home/hrabi/base_control_ros2/install/mocap_optitrack_interfaces/include/mocap_optitrack_interfaces/mocap_optitrack_interfaces/msg/detail/rigid_body_array__type_support.c
[2.395s] -- Up-to-date: /home/hrabi/base_control_ros2/install/mocap_optitrack_interfaces/include/mocap_optitrack_interfaces/mocap_optitrack_interfaces/msg/detail/rigid_body__rosidl_typesupport_introspection_c.h
[2.396s] -- Up-to-date: /home/hrabi/base_control_ros2/install/mocap_optitrack_interfaces/include/mocap_optitrack_interfaces/mocap_optitrack_interfaces/msg/detail/configuration_array__type_support.c
[2.396s] -- Up-to-date: /home/hrabi/base_control_ros2/install/mocap_optitrack_interfaces/include/mocap_optitrack_interfaces/mocap_optitrack_interfaces/msg/detail/configuration__rosidl_typesupport_introspection_c.h
[2.396s] -- Up-to-date: /home/hrabi/base_control_ros2/install/mocap_optitrack_interfaces/include/mocap_optitrack_interfaces/mocap_optitrack_interfaces/msg/detail/configuration_array__rosidl_typesupport_introspection_c.h
[2.396s] -- Up-to-date: /home/hrabi/base_control_ros2/install/mocap_optitrack_interfaces/include/mocap_optitrack_interfaces/mocap_optitrack_interfaces/msg/detail/rigid_body__type_support.c
[2.397s] -- Up-to-date: /home/hrabi/base_control_ros2/install/mocap_optitrack_interfaces/lib/libmocap_optitrack_interfaces__rosidl_typesupport_introspection_c.so
[2.397s] -- Up-to-date: /home/hrabi/base_control_ros2/install/mocap_optitrack_interfaces/lib/libmocap_optitrack_interfaces__rosidl_typesupport_c.so
[2.397s] -- Up-to-date: /home/hrabi/base_control_ros2/install/mocap_optitrack_interfaces/include/mocap_optitrack_interfaces/mocap_optitrack_interfaces
[2.397s] -- Up-to-date: /home/hrabi/base_control_ros2/install/mocap_optitrack_interfaces/include/mocap_optitrack_interfaces/mocap_optitrack_interfaces/msg
[2.397s] -- Up-to-date: /home/hrabi/base_control_ros2/install/mocap_optitrack_interfaces/include/mocap_optitrack_interfaces/mocap_optitrack_interfaces/msg/rigid_body.hpp
[2.398s] -- Up-to-date: /home/hrabi/base_control_ros2/install/mocap_optitrack_interfaces/include/mocap_optitrack_interfaces/mocap_optitrack_interfaces/msg/rigid_body_array.hpp
[2.398s] -- Up-to-date: /home/hrabi/base_control_ros2/install/mocap_optitrack_interfaces/include/mocap_optitrack_interfaces/mocap_optitrack_interfaces/msg/configuration_array.hpp
[2.398s] -- Up-to-date: /home/hrabi/base_control_ros2/install/mocap_optitrack_interfaces/include/mocap_optitrack_interfaces/mocap_optitrack_interfaces/msg/configuration.hpp
[2.398s] -- Up-to-date: /home/hrabi/base_control_ros2/install/mocap_optitrack_interfaces/include/mocap_optitrack_interfaces/mocap_optitrack_interfaces/msg/detail
[2.398s] -- Up-to-date: /home/hrabi/base_control_ros2/install/mocap_optitrack_interfaces/include/mocap_optitrack_interfaces/mocap_optitrack_interfaces/msg/detail/configuration__builder.hpp
[2.399s] -- Up-to-date: /home/hrabi/base_control_ros2/install/mocap_optitrack_interfaces/include/mocap_optitrack_interfaces/mocap_optitrack_interfaces/msg/detail/rigid_body__struct.hpp
[2.399s] -- Up-to-date: /home/hrabi/base_control_ros2/install/mocap_optitrack_interfaces/include/mocap_optitrack_interfaces/mocap_optitrack_interfaces/msg/detail/configuration_array__struct.hpp
[2.399s] -- Up-to-date: /home/hrabi/base_control_ros2/install/mocap_optitrack_interfaces/include/mocap_optitrack_interfaces/mocap_optitrack_interfaces/msg/detail/rigid_body_array__struct.hpp
[2.399s] -- Up-to-date: /home/hrabi/base_control_ros2/install/mocap_optitrack_interfaces/include/mocap_optitrack_interfaces/mocap_optitrack_interfaces/msg/detail/rigid_body_array__builder.hpp
[2.399s] -- Up-to-date: /home/hrabi/base_control_ros2/install/mocap_optitrack_interfaces/include/mocap_optitrack_interfaces/mocap_optitrack_interfaces/msg/detail/configuration_array__builder.hpp
[2.400s] -- Up-to-date: /home/hrabi/base_control_ros2/install/mocap_optitrack_interfaces/include/mocap_optitrack_interfaces/mocap_optitrack_interfaces/msg/detail/configuration__traits.hpp
[2.400s] -- Up-to-date: /home/hrabi/base_control_ros2/install/mocap_optitrack_interfaces/include/mocap_optitrack_interfaces/mocap_optitrack_interfaces/msg/detail/rigid_body__traits.hpp
[2.400s] -- Up-to-date: /home/hrabi/base_control_ros2/install/mocap_optitrack_interfaces/include/mocap_optitrack_interfaces/mocap_optitrack_interfaces/msg/detail/rigid_body_array__traits.hpp
[2.400s] -- Up-to-date: /home/hrabi/base_control_ros2/install/mocap_optitrack_interfaces/include/mocap_optitrack_interfaces/mocap_optitrack_interfaces/msg/detail/configuration__struct.hpp
[2.400s] -- Up-to-date: /home/hrabi/base_control_ros2/install/mocap_optitrack_interfaces/include/mocap_optitrack_interfaces/mocap_optitrack_interfaces/msg/detail/configuration_array__traits.hpp
[2.401s] -- Up-to-date: /home/hrabi/base_control_ros2/install/mocap_optitrack_interfaces/include/mocap_optitrack_interfaces/mocap_optitrack_interfaces/msg/detail/rigid_body__builder.hpp
[2.401s] -- Up-to-date: /home/hrabi/base_control_ros2/install/mocap_optitrack_interfaces/include/mocap_optitrack_interfaces/mocap_optitrack_interfaces
[2.401s] -- Up-to-date: /home/hrabi/base_control_ros2/install/mocap_optitrack_interfaces/include/mocap_optitrack_interfaces/mocap_optitrack_interfaces/msg
[2.401s] -- Up-to-date: /home/hrabi/base_control_ros2/install/mocap_optitrack_interfaces/include/mocap_optitrack_interfaces/mocap_optitrack_interfaces/msg/rosidl_typesupport_fastrtps_cpp__visibility_control.h
[2.401s] -- Up-to-date: /home/hrabi/base_control_ros2/install/mocap_optitrack_interfaces/include/mocap_optitrack_interfaces/mocap_optitrack_interfaces/msg/detail
[2.402s] -- Up-to-date: /home/hrabi/base_control_ros2/install/mocap_optitrack_interfaces/include/mocap_optitrack_interfaces/mocap_optitrack_interfaces/msg/detail/configuration_array__rosidl_typesupport_fastrtps_cpp.hpp
[2.402s] -- Up-to-date: /home/hrabi/base_control_ros2/install/mocap_optitrack_interfaces/include/mocap_optitrack_interfaces/mocap_optitrack_interfaces/msg/detail/rigid_body_array__rosidl_typesupport_fastrtps_cpp.hpp
[2.402s] -- Up-to-date: /home/hrabi/base_control_ros2/install/mocap_optitrack_interfaces/include/mocap_optitrack_interfaces/mocap_optitrack_interfaces/msg/detail/configuration__rosidl_typesupport_fastrtps_cpp.hpp
[2.402s] -- Up-to-date: /home/hrabi/base_control_ros2/install/mocap_optitrack_interfaces/include/mocap_optitrack_interfaces/mocap_optitrack_interfaces/msg/detail/rigid_body__rosidl_typesupport_fastrtps_cpp.hpp
[2.403s] -- Up-to-date: /home/hrabi/base_control_ros2/install/mocap_optitrack_interfaces/include/mocap_optitrack_interfaces/mocap_optitrack_interfaces/msg/detail/dds_fastrtps
[2.403s] -- Up-to-date: /home/hrabi/base_control_ros2/install/mocap_optitrack_interfaces/lib/libmocap_optitrack_interfaces__rosidl_typesupport_fastrtps_cpp.so
[2.403s] -- Up-to-date: /home/hrabi/base_control_ros2/install/mocap_optitrack_interfaces/include/mocap_optitrack_interfaces/mocap_optitrack_interfaces
[2.403s] -- Up-to-date: /home/hrabi/base_control_ros2/install/mocap_optitrack_interfaces/include/mocap_optitrack_interfaces/mocap_optitrack_interfaces/msg
[2.403s] -- Up-to-date: /home/hrabi/base_control_ros2/install/mocap_optitrack_interfaces/include/mocap_optitrack_interfaces/mocap_optitrack_interfaces/msg/detail
[2.404s] -- Up-to-date: /home/hrabi/base_control_ros2/install/mocap_optitrack_interfaces/include/mocap_optitrack_interfaces/mocap_optitrack_interfaces/msg/detail/configuration_array__type_support.cpp
[2.404s] -- Up-to-date: /home/hrabi/base_control_ros2/install/mocap_optitrack_interfaces/include/mocap_optitrack_interfaces/mocap_optitrack_interfaces/msg/detail/configuration_array__rosidl_typesupport_introspection_cpp.hpp
[2.404s] -- Up-to-date: /home/hrabi/base_control_ros2/install/mocap_optitrack_interfaces/include/mocap_optitrack_interfaces/mocap_optitrack_interfaces/msg/detail/rigid_body_array__rosidl_typesupport_introspection_cpp.hpp
[2.404s] -- Up-to-date: /home/hrabi/base_control_ros2/install/mocap_optitrack_interfaces/include/mocap_optitrack_interfaces/mocap_optitrack_interfaces/msg/detail/rigid_body__type_support.cpp
[2.405s] -- Up-to-date: /home/hrabi/base_control_ros2/install/mocap_optitrack_interfaces/include/mocap_optitrack_interfaces/mocap_optitrack_interfaces/msg/detail/rigid_body__rosidl_typesupport_introspection_cpp.hpp
[2.405s] -- Up-to-date: /home/hrabi/base_control_ros2/install/mocap_optitrack_interfaces/include/mocap_optitrack_interfaces/mocap_optitrack_interfaces/msg/detail/rigid_body_array__type_support.cpp
[2.405s] -- Up-to-date: /home/hrabi/base_control_ros2/install/mocap_optitrack_interfaces/include/mocap_optitrack_interfaces/mocap_optitrack_interfaces/msg/detail/configuration__type_support.cpp
[2.405s] -- Up-to-date: /home/hrabi/base_control_ros2/install/mocap_optitrack_interfaces/include/mocap_optitrack_interfaces/mocap_optitrack_interfaces/msg/detail/configuration__rosidl_typesupport_introspection_cpp.hpp
[2.405s] -- Up-to-date: /home/hrabi/base_control_ros2/install/mocap_optitrack_interfaces/lib/libmocap_optitrack_interfaces__rosidl_typesupport_introspection_cpp.so
[2.406s] -- Up-to-date: /home/hrabi/base_control_ros2/install/mocap_optitrack_interfaces/lib/libmocap_optitrack_interfaces__rosidl_typesupport_cpp.so
[2.406s] -- Up-to-date: /home/hrabi/base_control_ros2/install/mocap_optitrack_interfaces/share/mocap_optitrack_interfaces/environment/pythonpath.sh
[2.406s] -- Up-to-date: /home/hrabi/base_control_ros2/install/mocap_optitrack_interfaces/share/mocap_optitrack_interfaces/environment/pythonpath.dsv
[2.406s] -- Up-to-date: /home/hrabi/base_control_ros2/install/mocap_optitrack_interfaces/local/lib/python3.10/dist-packages/mocap_optitrack_interfaces-0.0.0-py3.10.egg-info
[2.407s] -- Installing: /home/hrabi/base_control_ros2/install/mocap_optitrack_interfaces/local/lib/python3.10/dist-packages/mocap_optitrack_interfaces-0.0.0-py3.10.egg-info/dependency_links.txt
[2.407s] -- Installing: /home/hrabi/base_control_ros2/install/mocap_optitrack_interfaces/local/lib/python3.10/dist-packages/mocap_optitrack_interfaces-0.0.0-py3.10.egg-info/top_level.txt
[2.407s] -- Installing: /home/hrabi/base_control_ros2/install/mocap_optitrack_interfaces/local/lib/python3.10/dist-packages/mocap_optitrack_interfaces-0.0.0-py3.10.egg-info/SOURCES.txt
[2.407s] -- Installing: /home/hrabi/base_control_ros2/install/mocap_optitrack_interfaces/local/lib/python3.10/dist-packages/mocap_optitrack_interfaces-0.0.0-py3.10.egg-info/PKG-INFO
[2.407s] -- Up-to-date: /home/hrabi/base_control_ros2/install/mocap_optitrack_interfaces/local/lib/python3.10/dist-packages/mocap_optitrack_interfaces
[2.408s] -- Up-to-date: /home/hrabi/base_control_ros2/install/mocap_optitrack_interfaces/local/lib/python3.10/dist-packages/mocap_optitrack_interfaces/_mocap_optitrack_interfaces_s.ep.rosidl_typesupport_fastrtps_c.c
[2.411s] -- Up-to-date: /home/hrabi/base_control_ros2/install/mocap_optitrack_interfaces/local/lib/python3.10/dist-packages/mocap_optitrack_interfaces/_mocap_optitrack_interfaces_s.ep.rosidl_typesupport_introspection_c.c
[2.411s] -- Up-to-date: /home/hrabi/base_control_ros2/install/mocap_optitrack_interfaces/local/lib/python3.10/dist-packages/mocap_optitrack_interfaces/libmocap_optitrack_interfaces__rosidl_generator_py.so
[2.412s] -- Up-to-date: /home/hrabi/base_control_ros2/install/mocap_optitrack_interfaces/local/lib/python3.10/dist-packages/mocap_optitrack_interfaces/mocap_optitrack_interfaces_s__rosidl_typesupport_introspection_c.cpython-310-x86_64-linux-gnu.so
[2.412s] -- Up-to-date: /home/hrabi/base_control_ros2/install/mocap_optitrack_interfaces/local/lib/python3.10/dist-packages/mocap_optitrack_interfaces/mocap_optitrack_interfaces_s__rosidl_typesupport_fastrtps_c.cpython-310-x86_64-linux-gnu.so
[2.413s] -- Up-to-date: /home/hrabi/base_control_ros2/install/mocap_optitrack_interfaces/local/lib/python3.10/dist-packages/mocap_optitrack_interfaces/mocap_optitrack_interfaces_s__rosidl_typesupport_c.cpython-310-x86_64-linux-gnu.so
[2.437s] -- Up-to-date: /home/hrabi/base_control_ros2/install/mocap_optitrack_interfaces/local/lib/python3.10/dist-packages/mocap_optitrack_interfaces/__init__.py
[2.445s] -- Up-to-date: /home/hrabi/base_control_ros2/install/mocap_optitrack_interfaces/local/lib/python3.10/dist-packages/mocap_optitrack_interfaces/msg
[2.445s] -- Up-to-date: /home/hrabi/base_control_ros2/install/mocap_optitrack_interfaces/local/lib/python3.10/dist-packages/mocap_optitrack_interfaces/msg/_rigid_body_s.c
[2.446s] -- Up-to-date: /home/hrabi/base_control_ros2/install/mocap_optitrack_interfaces/local/lib/python3.10/dist-packages/mocap_optitrack_interfaces/msg/_configuration.py
[2.453s] -- Up-to-date: /home/hrabi/base_control_ros2/install/mocap_optitrack_interfaces/local/lib/python3.10/dist-packages/mocap_optitrack_interfaces/msg/_rigid_body.py
[2.456s] -- Up-to-date: /home/hrabi/base_control_ros2/install/mocap_optitrack_interfaces/local/lib/python3.10/dist-packages/mocap_optitrack_interfaces/msg/_configuration_array.py
[2.457s] -- Up-to-date: /home/hrabi/base_control_ros2/install/mocap_optitrack_interfaces/local/lib/python3.10/dist-packages/mocap_optitrack_interfaces/msg/_rigid_body_array.py
[2.457s] -- Up-to-date: /home/hrabi/base_control_ros2/install/mocap_optitrack_interfaces/local/lib/python3.10/dist-packages/mocap_optitrack_interfaces/msg/__init__.py
[2.457s] -- Up-to-date: /home/hrabi/base_control_ros2/install/mocap_optitrack_interfaces/local/lib/python3.10/dist-packages/mocap_optitrack_interfaces/msg/_configuration_array_s.c
[2.457s] -- Up-to-date: /home/hrabi/base_control_ros2/install/mocap_optitrack_interfaces/local/lib/python3.10/dist-packages/mocap_optitrack_interfaces/msg/_rigid_body_array_s.c
[2.458s] -- Up-to-date: /home/hrabi/base_control_ros2/install/mocap_optitrack_interfaces/local/lib/python3.10/dist-packages/mocap_optitrack_interfaces/msg/_configuration_s.c
[2.458s] -- Up-to-date: /home/hrabi/base_control_ros2/install/mocap_optitrack_interfaces/local/lib/python3.10/dist-packages/mocap_optitrack_interfaces/_mocap_optitrack_interfaces_s.ep.rosidl_typesupport_c.c
[2.500s] Listing '/home/hrabi/base_control_ros2/install/mocap_optitrack_interfaces/local/lib/python3.10/dist-packages/mocap_optitrack_interfaces'...
[2.500s] Listing '/home/hrabi/base_control_ros2/install/mocap_optitrack_interfaces/local/lib/python3.10/dist-packages/mocap_optitrack_interfaces/msg'...
[2.510s] -- Up-to-date: /home/hrabi/base_control_ros2/install/mocap_optitrack_interfaces/local/lib/python3.10/dist-packages/mocap_optitrack_interfaces/mocap_optitrack_interfaces_s__rosidl_typesupport_fastrtps_c.cpython-310-x86_64-linux-gnu.so
[2.510s] -- Up-to-date: /home/hrabi/base_control_ros2/install/mocap_optitrack_interfaces/local/lib/python3.10/dist-packages/mocap_optitrack_interfaces/mocap_optitrack_interfaces_s__rosidl_typesupport_introspection_c.cpython-310-x86_64-linux-gnu.so
[2.511s] -- Up-to-date: /home/hrabi/base_control_ros2/install/mocap_optitrack_interfaces/local/lib/python3.10/dist-packages/mocap_optitrack_interfaces/mocap_optitrack_interfaces_s__rosidl_typesupport_c.cpython-310-x86_64-linux-gnu.so
[2.512s] -- Up-to-date: /home/hrabi/base_control_ros2/install/mocap_optitrack_interfaces/lib/libmocap_optitrack_interfaces__rosidl_generator_py.so
[2.513s] -- Up-to-date: /home/hrabi/base_control_ros2/install/mocap_optitrack_interfaces/share/mocap_optitrack_interfaces/msg/RigidBody.idl
[2.513s] -- Up-to-date: /home/hrabi/base_control_ros2/install/mocap_optitrack_interfaces/share/mocap_optitrack_interfaces/msg/RigidBodyArray.idl
[2.514s] -- Up-to-date: /home/hrabi/base_control_ros2/install/mocap_optitrack_interfaces/share/mocap_optitrack_interfaces/msg/Configuration.idl
[2.517s] -- Up-to-date: /home/hrabi/base_control_ros2/install/mocap_optitrack_interfaces/share/mocap_optitrack_interfaces/msg/ConfigurationArray.idl
[2.518s] -- Up-to-date: /home/hrabi/base_control_ros2/install/mocap_optitrack_interfaces/share/mocap_optitrack_interfaces/msg/RigidBody.msg
[2.518s] -- Up-to-date: /home/hrabi/base_control_ros2/install/mocap_optitrack_interfaces/share/mocap_optitrack_interfaces/msg/RigidBodyArray.msg
[2.518s] -- Up-to-date: /home/hrabi/base_control_ros2/install/mocap_optitrack_interfaces/share/mocap_optitrack_interfaces/msg/Configuration.msg
[2.519s] -- Up-to-date: /home/hrabi/base_control_ros2/install/mocap_optitrack_interfaces/share/mocap_optitrack_interfaces/msg/ConfigurationArray.msg
[2.519s] -- Up-to-date: /home/hrabi/base_control_ros2/install/mocap_optitrack_interfaces/share/ament_index/resource_index/package_run_dependencies/mocap_optitrack_interfaces
[2.520s] -- Up-to-date: /home/hrabi/base_control_ros2/install/mocap_optitrack_interfaces/share/ament_index/resource_index/parent_prefix_path/mocap_optitrack_interfaces
[2.520s] -- Up-to-date: /home/hrabi/base_control_ros2/install/mocap_optitrack_interfaces/share/mocap_optitrack_interfaces/environment/ament_prefix_path.sh
[2.521s] -- Up-to-date: /home/hrabi/base_control_ros2/install/mocap_optitrack_interfaces/share/mocap_optitrack_interfaces/environment/ament_prefix_path.dsv
[2.521s] -- Up-to-date: /home/hrabi/base_control_ros2/install/mocap_optitrack_interfaces/share/mocap_optitrack_interfaces/environment/path.sh
[2.522s] -- Up-to-date: /home/hrabi/base_control_ros2/install/mocap_optitrack_interfaces/share/mocap_optitrack_interfaces/environment/path.dsv
[2.525s] -- Up-to-date: /home/hrabi/base_control_ros2/install/mocap_optitrack_interfaces/share/mocap_optitrack_interfaces/local_setup.bash
[2.526s] -- Up-to-date: /home/hrabi/base_control_ros2/install/mocap_optitrack_interfaces/share/mocap_optitrack_interfaces/local_setup.sh
[2.527s] -- Up-to-date: /home/hrabi/base_control_ros2/install/mocap_optitrack_interfaces/share/mocap_optitrack_interfaces/local_setup.zsh
[2.528s] -- Up-to-date: /home/hrabi/base_control_ros2/install/mocap_optitrack_interfaces/share/mocap_optitrack_interfaces/local_setup.dsv
[2.530s] -- Installing: /home/hrabi/base_control_ros2/install/mocap_optitrack_interfaces/share/mocap_optitrack_interfaces/package.dsv
[2.531s] -- Up-to-date: /home/hrabi/base_control_ros2/install/mocap_optitrack_interfaces/share/ament_index/resource_index/packages/mocap_optitrack_interfaces
[2.532s] -- Up-to-date: /home/hrabi/base_control_ros2/install/mocap_optitrack_interfaces/share/mocap_optitrack_interfaces/cmake/export_mocap_optitrack_interfaces__rosidl_generator_cExport.cmake
[2.532s] -- Up-to-date: /home/hrabi/base_control_ros2/install/mocap_optitrack_interfaces/share/mocap_optitrack_interfaces/cmake/export_mocap_optitrack_interfaces__rosidl_generator_cExport-noconfig.cmake
[2.533s] -- Up-to-date: /home/hrabi/base_control_ros2/install/mocap_optitrack_interfaces/share/mocap_optitrack_interfaces/cmake/export_mocap_optitrack_interfaces__rosidl_typesupport_fastrtps_cExport.cmake
[2.533s] -- Up-to-date: /home/hrabi/base_control_ros2/install/mocap_optitrack_interfaces/share/mocap_optitrack_interfaces/cmake/export_mocap_optitrack_interfaces__rosidl_typesupport_fastrtps_cExport-noconfig.cmake
[2.534s] -- Up-to-date: /home/hrabi/base_control_ros2/install/mocap_optitrack_interfaces/share/mocap_optitrack_interfaces/cmake/mocap_optitrack_interfaces__rosidl_typesupport_introspection_cExport.cmake
[2.535s] -- Up-to-date: /home/hrabi/base_control_ros2/install/mocap_optitrack_interfaces/share/mocap_optitrack_interfaces/cmake/mocap_optitrack_interfaces__rosidl_typesupport_introspection_cExport-noconfig.cmake
[2.538s] -- Up-to-date: /home/hrabi/base_control_ros2/install/mocap_optitrack_interfaces/share/mocap_optitrack_interfaces/cmake/mocap_optitrack_interfaces__rosidl_typesupport_cExport.cmake
[2.539s] -- Up-to-date: /home/hrabi/base_control_ros2/install/mocap_optitrack_interfaces/share/mocap_optitrack_interfaces/cmake/mocap_optitrack_interfaces__rosidl_typesupport_cExport-noconfig.cmake
[2.539s] -- Up-to-date: /home/hrabi/base_control_ros2/install/mocap_optitrack_interfaces/share/mocap_optitrack_interfaces/cmake/export_mocap_optitrack_interfaces__rosidl_generator_cppExport.cmake
[2.539s] -- Up-to-date: /home/hrabi/base_control_ros2/install/mocap_optitrack_interfaces/share/mocap_optitrack_interfaces/cmake/export_mocap_optitrack_interfaces__rosidl_typesupport_fastrtps_cppExport.cmake
[2.539s] -- Up-to-date: /home/hrabi/base_control_ros2/install/mocap_optitrack_interfaces/share/mocap_optitrack_interfaces/cmake/export_mocap_optitrack_interfaces__rosidl_typesupport_fastrtps_cppExport-noconfig.cmake
[2.545s] -- Up-to-date: /home/hrabi/base_control_ros2/install/mocap_optitrack_interfaces/share/mocap_optitrack_interfaces/cmake/mocap_optitrack_interfaces__rosidl_typesupport_introspection_cppExport.cmake
[2.547s] -- Up-to-date: /home/hrabi/base_control_ros2/install/mocap_optitrack_interfaces/share/mocap_optitrack_interfaces/cmake/mocap_optitrack_interfaces__rosidl_typesupport_introspection_cppExport-noconfig.cmake
[2.548s] -- Up-to-date: /home/hrabi/base_control_ros2/install/mocap_optitrack_interfaces/share/mocap_optitrack_interfaces/cmake/mocap_optitrack_interfaces__rosidl_typesupport_cppExport.cmake
[2.548s] -- Up-to-date: /home/hrabi/base_control_ros2/install/mocap_optitrack_interfaces/share/mocap_optitrack_interfaces/cmake/mocap_optitrack_interfaces__rosidl_typesupport_cppExport-noconfig.cmake
[2.548s] -- Up-to-date: /home/hrabi/base_control_ros2/install/mocap_optitrack_interfaces/share/mocap_optitrack_interfaces/cmake/export_mocap_optitrack_interfaces__rosidl_generator_pyExport.cmake
[2.549s] -- Up-to-date: /home/hrabi/base_control_ros2/install/mocap_optitrack_interfaces/share/mocap_optitrack_interfaces/cmake/export_mocap_optitrack_interfaces__rosidl_generator_pyExport-noconfig.cmake
[2.549s] -- Up-to-date: /home/hrabi/base_control_ros2/install/mocap_optitrack_interfaces/share/mocap_optitrack_interfaces/cmake/rosidl_cmake-extras.cmake
[2.549s] -- Up-to-date: /home/hrabi/base_control_ros2/install/mocap_optitrack_interfaces/share/mocap_optitrack_interfaces/cmake/ament_cmake_export_dependencies-extras.cmake
[2.549s] -- Up-to-date: /home/hrabi/base_control_ros2/install/mocap_optitrack_interfaces/share/mocap_optitrack_interfaces/cmake/ament_cmake_export_include_directories-extras.cmake
[2.549s] -- Up-to-date: /home/hrabi/base_control_ros2/install/mocap_optitrack_interfaces/share/mocap_optitrack_interfaces/cmake/ament_cmake_export_libraries-extras.cmake
[2.550s] -- Up-to-date: /home/hrabi/base_control_ros2/install/mocap_optitrack_interfaces/share/mocap_optitrack_interfaces/cmake/ament_cmake_export_targets-extras.cmake
[2.550s] -- Up-to-date: /home/hrabi/base_control_ros2/install/mocap_optitrack_interfaces/share/mocap_optitrack_interfaces/cmake/rosidl_cmake_export_typesupport_targets-extras.cmake
[2.550s] -- Up-to-date: /home/hrabi/base_control_ros2/install/mocap_optitrack_interfaces/share/mocap_optitrack_interfaces/cmake/rosidl_cmake_export_typesupport_libraries-extras.cmake
[2.550s] -- Up-to-date: /home/hrabi/base_control_ros2/install/mocap_optitrack_interfaces/share/mocap_optitrack_interfaces/cmake/mocap_optitrack_interfacesConfig.cmake
[2.550s] -- Up-to-date: /home/hrabi/base_control_ros2/install/mocap_optitrack_interfaces/share/mocap_optitrack_interfaces/cmake/mocap_optitrack_interfacesConfig-version.cmake
[2.550s] -- Up-to-date: /home/hrabi/base_control_ros2/install/mocap_optitrack_interfaces/share/mocap_optitrack_interfaces/package.xml
[2.551s] Invoked command in '/home/hrabi/base_control_ros2/build/mocap_optitrack_interfaces' returned '0': CMAKE_PREFIX_PATH=${CMAKE_PREFIX_PATH}:/home/hrabi/base_control_ros2/install/base_control:/opt/ros/humble /usr/bin/cmake --install /home/hrabi/base_control_ros2/build/mocap_optitrack_interfaces
