[1.988s] Invoking command in '/home/hrabi/base_control_ros2/src/base_control': PYTHONPATH=/home/hrabi/base_control_ros2/install/base_control/lib/python3.10/site-packages:${PYTHONPATH} /usr/bin/python3 setup.py egg_info --egg-base ../../build/base_control build --build-base /home/hrabi/base_control_ros2/build/base_control/build install --prefix /home/hrabi/base_control_ros2/install/base_control --record /home/hrabi/base_control_ros2/build/base_control/install.log --single-version-externally-managed
[2.554s] running egg_info
[2.555s] writing ../../build/base_control/base_control.egg-info/PKG-INFO
[2.555s] writing dependency_links to ../../build/base_control/base_control.egg-info/dependency_links.txt
[2.555s] writing entry points to ../../build/base_control/base_control.egg-info/entry_points.txt
[2.556s] writing requirements to ../../build/base_control/base_control.egg-info/requires.txt
[2.556s] writing top-level names to ../../build/base_control/base_control.egg-info/top_level.txt
[2.561s] reading manifest file '../../build/base_control/base_control.egg-info/SOURCES.txt'
[2.562s] writing manifest file '../../build/base_control/base_control.egg-info/SOURCES.txt'
[2.563s] running build
[2.563s] running build_py
[2.563s] copying base_control/controller.py -> /home/hrabi/base_control_ros2/build/base_control/build/lib/base_control
[2.564s] running install
[2.564s] running install_lib
[2.566s] copying /home/hrabi/base_control_ros2/build/base_control/build/lib/base_control/controller.py -> /home/hrabi/base_control_ros2/install/base_control/lib/python3.10/site-packages/base_control
[2.567s] byte-compiling /home/hrabi/base_control_ros2/install/base_control/lib/python3.10/site-packages/base_control/controller.py to controller.cpython-310.pyc
[2.570s] running install_data
[2.571s] running install_egg_info
[2.574s] removing '/home/hrabi/base_control_ros2/install/base_control/lib/python3.10/site-packages/base_control-0.0.0-py3.10.egg-info' (and everything under it)
[2.574s] Copying ../../build/base_control/base_control.egg-info to /home/hrabi/base_control_ros2/install/base_control/lib/python3.10/site-packages/base_control-0.0.0-py3.10.egg-info
[2.576s] running install_scripts
[2.608s] Installing base_mobile script to /home/hrabi/base_control_ros2/install/base_control/lib/base_control
[2.609s] Installing controller script to /home/hrabi/base_control_ros2/install/base_control/lib/base_control
[2.609s] Installing odometry script to /home/hrabi/base_control_ros2/install/base_control/lib/base_control
[2.609s] writing list of installed files to '/home/hrabi/base_control_ros2/build/base_control/install.log'
[2.669s] Invoked command in '/home/hrabi/base_control_ros2/src/base_control' returned '0': PYTHONPATH=/home/hrabi/base_control_ros2/install/base_control/lib/python3.10/site-packages:${PYTHONPATH} /usr/bin/python3 setup.py egg_info --egg-base ../../build/base_control build --build-base /home/hrabi/base_control_ros2/build/base_control/build install --prefix /home/hrabi/base_control_ros2/install/base_control --record /home/hrabi/base_control_ros2/build/base_control/install.log --single-version-externally-managed
