[0.753s] Invoking command in '/home/hrabi/base_control_ros2/build/mocap_optitrack_interfaces': CMAKE_PREFIX_PATH=${CMAKE_PREFIX_PATH}:/home/hrabi/base_control_ros2/install/base_control:/opt/ros/humble /usr/bin/cmake --build /home/hrabi/base_control_ros2/build/mocap_optitrack_interfaces -- -j4 -l4
[0.969s] [ 10%] Built target mocap_optitrack_interfaces__rosidl_generator_c
[0.977s] [ 12%] Built target mocap_optitrack_interfaces__cpp
[1.018s] [ 12%] Built target ament_cmake_python_copy_mocap_optitrack_interfaces
[1.057s] [ 25%] Built target mocap_optitrack_interfaces__rosidl_typesupport_fastrtps_c
[1.060s] [ 34%] Built target mocap_optitrack_interfaces__rosidl_typesupport_introspection_c
[1.094s] [ 45%] Built target mocap_optitrack_interfaces__rosidl_typesupport_c
[1.134s] [ 56%] Built target mocap_optitrack_interfaces__rosidl_typesupport_fastrtps_cpp
[1.188s] [ 67%] Built target mocap_optitrack_interfaces__rosidl_typesupport_introspection_cpp
[1.209s] [ 78%] Built target mocap_optitrack_interfaces__rosidl_typesupport_cpp
[1.263s] [ 78%] Built target mocap_optitrack_interfaces
[1.325s] [ 80%] Built target mocap_optitrack_interfaces__py
[1.381s] [ 89%] Built target mocap_optitrack_interfaces__rosidl_generator_py
[1.451s] [ 92%] Built target mocap_optitrack_interfaces__rosidl_typesupport_fastrtps_c__pyext
[1.503s] [ 96%] Built target mocap_optitrack_interfaces__rosidl_typesupport_c__pyext
[1.510s] [100%] Built target mocap_optitrack_interfaces__rosidl_typesupport_introspection_c__pyext
[1.952s] running egg_info
[1.954s] writing mocap_optitrack_interfaces.egg-info/PKG-INFO
[1.954s] writing dependency_links to mocap_optitrack_interfaces.egg-info/dependency_links.txt
[1.956s] writing top-level names to mocap_optitrack_interfaces.egg-info/top_level.txt
[1.963s] reading manifest file 'mocap_optitrack_interfaces.egg-info/SOURCES.txt'
[1.965s] writing manifest file 'mocap_optitrack_interfaces.egg-info/SOURCES.txt'
[2.035s] [100%] Built target ament_cmake_python_build_mocap_optitrack_interfaces_egg
[2.057s] Invoked command in '/home/hrabi/base_control_ros2/build/mocap_optitrack_interfaces' returned '0': CMAKE_PREFIX_PATH=${CMAKE_PREFIX_PATH}:/home/hrabi/base_control_ros2/install/base_control:/opt/ros/humble /usr/bin/cmake --build /home/hrabi/base_control_ros2/build/mocap_optitrack_interfaces -- -j4 -l4
[2.329s] Invoking command in '/home/hrabi/base_control_ros2/build/mocap_optitrack_interfaces': CMAKE_PREFIX_PATH=${CMAKE_PREFIX_PATH}:/home/hrabi/base_control_ros2/install/base_control:/opt/ros/humble /usr/bin/cmake --install /home/hrabi/base_control_ros2/build/mocap_optitrack_interfaces
[2.344s] -- Install configuration: ""
[2.346s] -- Up-to-date: /home/hrabi/base_control_ros2/install/mocap_optitrack_interfaces/share/ament_index/resource_index/rosidl_interfaces/mocap_optitrack_interfaces
[2.346s] -- Up-to-date: /home/hrabi/base_control_ros2/install/mocap_optitrack_interfaces/include/mocap_optitrack_interfaces/mocap_optitrack_interfaces
[2.347s] -- Up-to-date: /home/hrabi/base_control_ros2/install/mocap_optitrack_interfaces/include/mocap_optitrack_interfaces/mocap_optitrack_interfaces/msg
[2.347s] -- Up-to-date: /home/hrabi/base_control_ros2/install/mocap_optitrack_interfaces/include/mocap_optitrack_interfaces/mocap_optitrack_interfaces/msg/rosidl_generator_c__visibility_control.h
[2.347s] -- Up-to-date: /home/hrabi/base_control_ros2/install/mocap_optitrack_interfaces/include/mocap_optitrack_interfaces/mocap_optitrack_interfaces/msg/rigid_body_array.h
[2.348s] -- Up-to-date: /home/hrabi/base_control_ros2/install/mocap_optitrack_interfaces/include/mocap_optitrack_interfaces/mocap_optitrack_interfaces/msg/rigid_body.h
[2.348s] -- Up-to-date: /home/hrabi/base_control_ros2/install/mocap_optitrack_interfaces/include/mocap_optitrack_interfaces/mocap_optitrack_interfaces/msg/configuration.h
[2.349s] -- Up-to-date: /home/hrabi/base_control_ros2/install/mocap_optitrack_interfaces/include/mocap_optitrack_interfaces/mocap_optitrack_interfaces/msg/detail
[2.350s] -- Up-to-date: /home/hrabi/base_control_ros2/install/mocap_optitrack_interfaces/include/mocap_optitrack_interfaces/mocap_optitrack_interfaces/msg/detail/configuration_array__struct.h
[2.351s] -- Up-to-date: /home/hrabi/base_control_ros2/install/mocap_optitrack_interfaces/include/mocap_optitrack_interfaces/mocap_optitrack_interfaces/msg/detail/configuration__struct.h
[2.352s] -- Up-to-date: /home/hrabi/base_control_ros2/install/mocap_optitrack_interfaces/include/mocap_optitrack_interfaces/mocap_optitrack_interfaces/msg/detail/rigid_body_array__functions.c
[2.353s] -- Up-to-date: /home/hrabi/base_control_ros2/install/mocap_optitrack_interfaces/include/mocap_optitrack_interfaces/mocap_optitrack_interfaces/msg/detail/configuration_array__functions.h
[2.354s] -- Up-to-date: /home/hrabi/base_control_ros2/install/mocap_optitrack_interfaces/include/mocap_optitrack_interfaces/mocap_optitrack_interfaces/msg/detail/configuration_array__functions.c
[2.354s] -- Up-to-date: /home/hrabi/base_control_ros2/install/mocap_optitrack_interfaces/include/mocap_optitrack_interfaces/mocap_optitrack_interfaces/msg/detail/rigid_body_array__type_support.h
[2.355s] -- Up-to-date: /home/hrabi/base_control_ros2/install/mocap_optitrack_interfaces/include/mocap_optitrack_interfaces/mocap_optitrack_interfaces/msg/detail/configuration__functions.h
[2.355s] -- Up-to-date: /home/hrabi/base_control_ros2/install/mocap_optitrack_interfaces/include/mocap_optitrack_interfaces/mocap_optitrack_interfaces/msg/detail/rigid_body_array__functions.h
[2.356s] -- Up-to-date: /home/hrabi/base_control_ros2/install/mocap_optitrack_interfaces/include/mocap_optitrack_interfaces/mocap_optitrack_interfaces/msg/detail/rigid_body__functions.c
[2.356s] -- Up-to-date: /home/hrabi/base_control_ros2/install/mocap_optitrack_interfaces/include/mocap_optitrack_interfaces/mocap_optitrack_interfaces/msg/detail/rigid_body__functions.h
[2.357s] -- Up-to-date: /home/hrabi/base_control_ros2/install/mocap_optitrack_interfaces/include/mocap_optitrack_interfaces/mocap_optitrack_interfaces/msg/detail/configuration__functions.c
[2.357s] -- Up-to-date: /home/hrabi/base_control_ros2/install/mocap_optitrack_interfaces/include/mocap_optitrack_interfaces/mocap_optitrack_interfaces/msg/detail/rigid_body__type_support.h
[2.358s] -- Up-to-date: /home/hrabi/base_control_ros2/install/mocap_optitrack_interfaces/include/mocap_optitrack_interfaces/mocap_optitrack_interfaces/msg/detail/configuration__type_support.h
[2.358s] -- Up-to-date: /home/hrabi/base_control_ros2/install/mocap_optitrack_interfaces/include/mocap_optitrack_interfaces/mocap_optitrack_interfaces/msg/detail/configuration_array__type_support.h
[2.360s] -- Up-to-date: /home/hrabi/base_control_ros2/install/mocap_optitrack_interfaces/include/mocap_optitrack_interfaces/mocap_optitrack_interfaces/msg/detail/rigid_body_array__struct.h
[2.361s] -- Up-to-date: /home/hrabi/base_control_ros2/install/mocap_optitrack_interfaces/include/mocap_optitrack_interfaces/mocap_optitrack_interfaces/msg/detail/rigid_body__struct.h
[2.362s] -- Up-to-date: /home/hrabi/base_control_ros2/install/mocap_optitrack_interfaces/include/mocap_optitrack_interfaces/mocap_optitrack_interfaces/msg/configuration_array.h
[2.363s] -- Up-to-date: /home/hrabi/base_control_ros2/install/mocap_optitrack_interfaces/share/mocap_optitrack_interfaces/environment/library_path.sh
[2.363s] -- Up-to-date: /home/hrabi/base_control_ros2/install/mocap_optitrack_interfaces/share/mocap_optitrack_interfaces/environment/library_path.dsv
[2.364s] -- Up-to-date: /home/hrabi/base_control_ros2/install/mocap_optitrack_interfaces/lib/libmocap_optitrack_interfaces__rosidl_generator_c.so
[2.364s] -- Up-to-date: /home/hrabi/base_control_ros2/install/mocap_optitrack_interfaces/include/mocap_optitrack_interfaces/mocap_optitrack_interfaces
[2.365s] -- Up-to-date: /home/hrabi/base_control_ros2/install/mocap_optitrack_interfaces/include/mocap_optitrack_interfaces/mocap_optitrack_interfaces/msg
[2.365s] -- Up-to-date: /home/hrabi/base_control_ros2/install/mocap_optitrack_interfaces/include/mocap_optitrack_interfaces/mocap_optitrack_interfaces/msg/rosidl_typesupport_fastrtps_c__visibility_control.h
[2.366s] -- Up-to-date: /home/hrabi/base_control_ros2/install/mocap_optitrack_interfaces/include/mocap_optitrack_interfaces/mocap_optitrack_interfaces/msg/detail
[2.366s] -- Up-to-date: /home/hrabi/base_control_ros2/install/mocap_optitrack_interfaces/include/mocap_optitrack_interfaces/mocap_optitrack_interfaces/msg/detail/configuration_array__rosidl_typesupport_fastrtps_c.h
[2.367s] -- Up-to-date: /home/hrabi/base_control_ros2/install/mocap_optitrack_interfaces/include/mocap_optitrack_interfaces/mocap_optitrack_interfaces/msg/detail/rigid_body__rosidl_typesupport_fastrtps_c.h
[2.367s] -- Up-to-date: /home/hrabi/base_control_ros2/install/mocap_optitrack_interfaces/include/mocap_optitrack_interfaces/mocap_optitrack_interfaces/msg/detail/configuration__rosidl_typesupport_fastrtps_c.h
[2.369s] -- Up-to-date: /home/hrabi/base_control_ros2/install/mocap_optitrack_interfaces/include/mocap_optitrack_interfaces/mocap_optitrack_interfaces/msg/detail/rigid_body_array__rosidl_typesupport_fastrtps_c.h
[2.370s] -- Up-to-date: /home/hrabi/base_control_ros2/install/mocap_optitrack_interfaces/lib/libmocap_optitrack_interfaces__rosidl_typesupport_fastrtps_c.so
[2.371s] -- Up-to-date: /home/hrabi/base_control_ros2/install/mocap_optitrack_interfaces/include/mocap_optitrack_interfaces/mocap_optitrack_interfaces
[2.371s] -- Up-to-date: /home/hrabi/base_control_ros2/install/mocap_optitrack_interfaces/include/mocap_optitrack_interfaces/mocap_optitrack_interfaces/msg
[2.372s] -- Up-to-date: /home/hrabi/base_control_ros2/install/mocap_optitrack_interfaces/include/mocap_optitrack_interfaces/mocap_optitrack_interfaces/msg/rosidl_typesupport_introspection_c__visibility_control.h
[2.372s] -- Up-to-date: /home/hrabi/base_control_ros2/install/mocap_optitrack_interfaces/include/mocap_optitrack_interfaces/mocap_optitrack_interfaces/msg/detail
[2.373s] -- Up-to-date: /home/hrabi/base_control_ros2/install/mocap_optitrack_interfaces/include/mocap_optitrack_interfaces/mocap_optitrack_interfaces/msg/detail/configuration__type_support.c
[2.373s] -- Up-to-date: /home/hrabi/base_control_ros2/install/mocap_optitrack_interfaces/include/mocap_optitrack_interfaces/mocap_optitrack_interfaces/msg/detail/rigid_body_array__rosidl_typesupport_introspection_c.h
[2.374s] -- Up-to-date: /home/hrabi/base_control_ros2/install/mocap_optitrack_interfaces/include/mocap_optitrack_interfaces/mocap_optitrack_interfaces/msg/detail/rigid_body_array__type_support.c
[2.374s] -- Up-to-date: /home/hrabi/base_control_ros2/install/mocap_optitrack_interfaces/include/mocap_optitrack_interfaces/mocap_optitrack_interfaces/msg/detail/rigid_body__rosidl_typesupport_introspection_c.h
[2.375s] -- Up-to-date: /home/hrabi/base_control_ros2/install/mocap_optitrack_interfaces/include/mocap_optitrack_interfaces/mocap_optitrack_interfaces/msg/detail/configuration_array__type_support.c
[2.375s] -- Up-to-date: /home/hrabi/base_control_ros2/install/mocap_optitrack_interfaces/include/mocap_optitrack_interfaces/mocap_optitrack_interfaces/msg/detail/configuration__rosidl_typesupport_introspection_c.h
[2.376s] -- Up-to-date: /home/hrabi/base_control_ros2/install/mocap_optitrack_interfaces/include/mocap_optitrack_interfaces/mocap_optitrack_interfaces/msg/detail/configuration_array__rosidl_typesupport_introspection_c.h
[2.376s] -- Up-to-date: /home/hrabi/base_control_ros2/install/mocap_optitrack_interfaces/include/mocap_optitrack_interfaces/mocap_optitrack_interfaces/msg/detail/rigid_body__type_support.c
[2.377s] -- Up-to-date: /home/hrabi/base_control_ros2/install/mocap_optitrack_interfaces/lib/libmocap_optitrack_interfaces__rosidl_typesupport_introspection_c.so
[2.377s] -- Up-to-date: /home/hrabi/base_control_ros2/install/mocap_optitrack_interfaces/lib/libmocap_optitrack_interfaces__rosidl_typesupport_c.so
[2.378s] -- Up-to-date: /home/hrabi/base_control_ros2/install/mocap_optitrack_interfaces/include/mocap_optitrack_interfaces/mocap_optitrack_interfaces
[2.378s] -- Up-to-date: /home/hrabi/base_control_ros2/install/mocap_optitrack_interfaces/include/mocap_optitrack_interfaces/mocap_optitrack_interfaces/msg
[2.379s] -- Up-to-date: /home/hrabi/base_control_ros2/install/mocap_optitrack_interfaces/include/mocap_optitrack_interfaces/mocap_optitrack_interfaces/msg/rigid_body.hpp
[2.379s] -- Up-to-date: /home/hrabi/base_control_ros2/install/mocap_optitrack_interfaces/include/mocap_optitrack_interfaces/mocap_optitrack_interfaces/msg/rigid_body_array.hpp
[2.380s] -- Up-to-date: /home/hrabi/base_control_ros2/install/mocap_optitrack_interfaces/include/mocap_optitrack_interfaces/mocap_optitrack_interfaces/msg/configuration_array.hpp
[2.380s] -- Up-to-date: /home/hrabi/base_control_ros2/install/mocap_optitrack_interfaces/include/mocap_optitrack_interfaces/mocap_optitrack_interfaces/msg/configuration.hpp
[2.381s] -- Up-to-date: /home/hrabi/base_control_ros2/install/mocap_optitrack_interfaces/include/mocap_optitrack_interfaces/mocap_optitrack_interfaces/msg/detail
[2.381s] -- Up-to-date: /home/hrabi/base_control_ros2/install/mocap_optitrack_interfaces/include/mocap_optitrack_interfaces/mocap_optitrack_interfaces/msg/detail/configuration__builder.hpp
[2.382s] -- Up-to-date: /home/hrabi/base_control_ros2/install/mocap_optitrack_interfaces/include/mocap_optitrack_interfaces/mocap_optitrack_interfaces/msg/detail/rigid_body__struct.hpp
[2.382s] -- Up-to-date: /home/hrabi/base_control_ros2/install/mocap_optitrack_interfaces/include/mocap_optitrack_interfaces/mocap_optitrack_interfaces/msg/detail/configuration_array__struct.hpp
[2.383s] -- Up-to-date: /home/hrabi/base_control_ros2/install/mocap_optitrack_interfaces/include/mocap_optitrack_interfaces/mocap_optitrack_interfaces/msg/detail/rigid_body_array__struct.hpp
[2.383s] -- Up-to-date: /home/hrabi/base_control_ros2/install/mocap_optitrack_interfaces/include/mocap_optitrack_interfaces/mocap_optitrack_interfaces/msg/detail/rigid_body_array__builder.hpp
[2.384s] -- Up-to-date: /home/hrabi/base_control_ros2/install/mocap_optitrack_interfaces/include/mocap_optitrack_interfaces/mocap_optitrack_interfaces/msg/detail/configuration_array__builder.hpp
[2.384s] -- Up-to-date: /home/hrabi/base_control_ros2/install/mocap_optitrack_interfaces/include/mocap_optitrack_interfaces/mocap_optitrack_interfaces/msg/detail/configuration__traits.hpp
[2.385s] -- Up-to-date: /home/hrabi/base_control_ros2/install/mocap_optitrack_interfaces/include/mocap_optitrack_interfaces/mocap_optitrack_interfaces/msg/detail/rigid_body__traits.hpp
[2.385s] -- Up-to-date: /home/hrabi/base_control_ros2/install/mocap_optitrack_interfaces/include/mocap_optitrack_interfaces/mocap_optitrack_interfaces/msg/detail/rigid_body_array__traits.hpp
[2.386s] -- Up-to-date: /home/hrabi/base_control_ros2/install/mocap_optitrack_interfaces/include/mocap_optitrack_interfaces/mocap_optitrack_interfaces/msg/detail/configuration__struct.hpp
[2.386s] -- Up-to-date: /home/hrabi/base_control_ros2/install/mocap_optitrack_interfaces/include/mocap_optitrack_interfaces/mocap_optitrack_interfaces/msg/detail/configuration_array__traits.hpp
[2.387s] -- Up-to-date: /home/hrabi/base_control_ros2/install/mocap_optitrack_interfaces/include/mocap_optitrack_interfaces/mocap_optitrack_interfaces/msg/detail/rigid_body__builder.hpp
[2.387s] -- Up-to-date: /home/hrabi/base_control_ros2/install/mocap_optitrack_interfaces/include/mocap_optitrack_interfaces/mocap_optitrack_interfaces
[2.388s] -- Up-to-date: /home/hrabi/base_control_ros2/install/mocap_optitrack_interfaces/include/mocap_optitrack_interfaces/mocap_optitrack_interfaces/msg
[2.388s] -- Up-to-date: /home/hrabi/base_control_ros2/install/mocap_optitrack_interfaces/include/mocap_optitrack_interfaces/mocap_optitrack_interfaces/msg/rosidl_typesupport_fastrtps_cpp__visibility_control.h
[2.388s] -- Up-to-date: /home/hrabi/base_control_ros2/install/mocap_optitrack_interfaces/include/mocap_optitrack_interfaces/mocap_optitrack_interfaces/msg/detail
[2.389s] -- Up-to-date: /home/hrabi/base_control_ros2/install/mocap_optitrack_interfaces/include/mocap_optitrack_interfaces/mocap_optitrack_interfaces/msg/detail/configuration_array__rosidl_typesupport_fastrtps_cpp.hpp
[2.389s] -- Up-to-date: /home/hrabi/base_control_ros2/install/mocap_optitrack_interfaces/include/mocap_optitrack_interfaces/mocap_optitrack_interfaces/msg/detail/rigid_body_array__rosidl_typesupport_fastrtps_cpp.hpp
[2.390s] -- Up-to-date: /home/hrabi/base_control_ros2/install/mocap_optitrack_interfaces/include/mocap_optitrack_interfaces/mocap_optitrack_interfaces/msg/detail/configuration__rosidl_typesupport_fastrtps_cpp.hpp
[2.390s] -- Up-to-date: /home/hrabi/base_control_ros2/install/mocap_optitrack_interfaces/include/mocap_optitrack_interfaces/mocap_optitrack_interfaces/msg/detail/rigid_body__rosidl_typesupport_fastrtps_cpp.hpp
[2.391s] -- Up-to-date: /home/hrabi/base_control_ros2/install/mocap_optitrack_interfaces/include/mocap_optitrack_interfaces/mocap_optitrack_interfaces/msg/detail/dds_fastrtps
[2.391s] -- Up-to-date: /home/hrabi/base_control_ros2/install/mocap_optitrack_interfaces/lib/libmocap_optitrack_interfaces__rosidl_typesupport_fastrtps_cpp.so
[2.392s] -- Up-to-date: /home/hrabi/base_control_ros2/install/mocap_optitrack_interfaces/include/mocap_optitrack_interfaces/mocap_optitrack_interfaces
[2.392s] -- Up-to-date: /home/hrabi/base_control_ros2/install/mocap_optitrack_interfaces/include/mocap_optitrack_interfaces/mocap_optitrack_interfaces/msg
[2.393s] -- Up-to-date: /home/hrabi/base_control_ros2/install/mocap_optitrack_interfaces/include/mocap_optitrack_interfaces/mocap_optitrack_interfaces/msg/detail
[2.393s] -- Up-to-date: /home/hrabi/base_control_ros2/install/mocap_optitrack_interfaces/include/mocap_optitrack_interfaces/mocap_optitrack_interfaces/msg/detail/configuration_array__type_support.cpp
[2.394s] -- Up-to-date: /home/hrabi/base_control_ros2/install/mocap_optitrack_interfaces/include/mocap_optitrack_interfaces/mocap_optitrack_interfaces/msg/detail/configuration_array__rosidl_typesupport_introspection_cpp.hpp
[2.395s] -- Up-to-date: /home/hrabi/base_control_ros2/install/mocap_optitrack_interfaces/include/mocap_optitrack_interfaces/mocap_optitrack_interfaces/msg/detail/rigid_body_array__rosidl_typesupport_introspection_cpp.hpp
[2.395s] -- Up-to-date: /home/hrabi/base_control_ros2/install/mocap_optitrack_interfaces/include/mocap_optitrack_interfaces/mocap_optitrack_interfaces/msg/detail/rigid_body__type_support.cpp
[2.395s] -- Up-to-date: /home/hrabi/base_control_ros2/install/mocap_optitrack_interfaces/include/mocap_optitrack_interfaces/mocap_optitrack_interfaces/msg/detail/rigid_body__rosidl_typesupport_introspection_cpp.hpp
[2.396s] -- Up-to-date: /home/hrabi/base_control_ros2/install/mocap_optitrack_interfaces/include/mocap_optitrack_interfaces/mocap_optitrack_interfaces/msg/detail/rigid_body_array__type_support.cpp
[2.396s] -- Up-to-date: /home/hrabi/base_control_ros2/install/mocap_optitrack_interfaces/include/mocap_optitrack_interfaces/mocap_optitrack_interfaces/msg/detail/configuration__type_support.cpp
[2.397s] -- Up-to-date: /home/hrabi/base_control_ros2/install/mocap_optitrack_interfaces/include/mocap_optitrack_interfaces/mocap_optitrack_interfaces/msg/detail/configuration__rosidl_typesupport_introspection_cpp.hpp
[2.398s] -- Up-to-date: /home/hrabi/base_control_ros2/install/mocap_optitrack_interfaces/lib/libmocap_optitrack_interfaces__rosidl_typesupport_introspection_cpp.so
[2.398s] -- Up-to-date: /home/hrabi/base_control_ros2/install/mocap_optitrack_interfaces/lib/libmocap_optitrack_interfaces__rosidl_typesupport_cpp.so
[2.399s] -- Up-to-date: /home/hrabi/base_control_ros2/install/mocap_optitrack_interfaces/share/mocap_optitrack_interfaces/environment/pythonpath.sh
[2.399s] -- Up-to-date: /home/hrabi/base_control_ros2/install/mocap_optitrack_interfaces/share/mocap_optitrack_interfaces/environment/pythonpath.dsv
[2.400s] -- Up-to-date: /home/hrabi/base_control_ros2/install/mocap_optitrack_interfaces/local/lib/python3.10/dist-packages/mocap_optitrack_interfaces-0.0.0-py3.10.egg-info
[2.400s] -- Installing: /home/hrabi/base_control_ros2/install/mocap_optitrack_interfaces/local/lib/python3.10/dist-packages/mocap_optitrack_interfaces-0.0.0-py3.10.egg-info/dependency_links.txt
[2.401s] -- Installing: /home/hrabi/base_control_ros2/install/mocap_optitrack_interfaces/local/lib/python3.10/dist-packages/mocap_optitrack_interfaces-0.0.0-py3.10.egg-info/top_level.txt
[2.401s] -- Installing: /home/hrabi/base_control_ros2/install/mocap_optitrack_interfaces/local/lib/python3.10/dist-packages/mocap_optitrack_interfaces-0.0.0-py3.10.egg-info/SOURCES.txt
[2.402s] -- Installing: /home/hrabi/base_control_ros2/install/mocap_optitrack_interfaces/local/lib/python3.10/dist-packages/mocap_optitrack_interfaces-0.0.0-py3.10.egg-info/PKG-INFO
[2.402s] -- Up-to-date: /home/hrabi/base_control_ros2/install/mocap_optitrack_interfaces/local/lib/python3.10/dist-packages/mocap_optitrack_interfaces
[2.403s] -- Up-to-date: /home/hrabi/base_control_ros2/install/mocap_optitrack_interfaces/local/lib/python3.10/dist-packages/mocap_optitrack_interfaces/_mocap_optitrack_interfaces_s.ep.rosidl_typesupport_fastrtps_c.c
[2.403s] -- Up-to-date: /home/hrabi/base_control_ros2/install/mocap_optitrack_interfaces/local/lib/python3.10/dist-packages/mocap_optitrack_interfaces/_mocap_optitrack_interfaces_s.ep.rosidl_typesupport_introspection_c.c
[2.403s] -- Up-to-date: /home/hrabi/base_control_ros2/install/mocap_optitrack_interfaces/local/lib/python3.10/dist-packages/mocap_optitrack_interfaces/libmocap_optitrack_interfaces__rosidl_generator_py.so
[2.404s] -- Up-to-date: /home/hrabi/base_control_ros2/install/mocap_optitrack_interfaces/local/lib/python3.10/dist-packages/mocap_optitrack_interfaces/mocap_optitrack_interfaces_s__rosidl_typesupport_introspection_c.cpython-310-x86_64-linux-gnu.so
[2.404s] -- Up-to-date: /home/hrabi/base_control_ros2/install/mocap_optitrack_interfaces/local/lib/python3.10/dist-packages/mocap_optitrack_interfaces/mocap_optitrack_interfaces_s__rosidl_typesupport_fastrtps_c.cpython-310-x86_64-linux-gnu.so
[2.405s] -- Up-to-date: /home/hrabi/base_control_ros2/install/mocap_optitrack_interfaces/local/lib/python3.10/dist-packages/mocap_optitrack_interfaces/mocap_optitrack_interfaces_s__rosidl_typesupport_c.cpython-310-x86_64-linux-gnu.so
[2.405s] -- Up-to-date: /home/hrabi/base_control_ros2/install/mocap_optitrack_interfaces/local/lib/python3.10/dist-packages/mocap_optitrack_interfaces/__init__.py
[2.406s] -- Up-to-date: /home/hrabi/base_control_ros2/install/mocap_optitrack_interfaces/local/lib/python3.10/dist-packages/mocap_optitrack_interfaces/msg
[2.406s] -- Up-to-date: /home/hrabi/base_control_ros2/install/mocap_optitrack_interfaces/local/lib/python3.10/dist-packages/mocap_optitrack_interfaces/msg/_rigid_body_s.c
[2.407s] -- Up-to-date: /home/hrabi/base_control_ros2/install/mocap_optitrack_interfaces/local/lib/python3.10/dist-packages/mocap_optitrack_interfaces/msg/_configuration.py
[2.407s] -- Up-to-date: /home/hrabi/base_control_ros2/install/mocap_optitrack_interfaces/local/lib/python3.10/dist-packages/mocap_optitrack_interfaces/msg/_rigid_body.py
[2.408s] -- Up-to-date: /home/hrabi/base_control_ros2/install/mocap_optitrack_interfaces/local/lib/python3.10/dist-packages/mocap_optitrack_interfaces/msg/_configuration_array.py
[2.408s] -- Up-to-date: /home/hrabi/base_control_ros2/install/mocap_optitrack_interfaces/local/lib/python3.10/dist-packages/mocap_optitrack_interfaces/msg/_rigid_body_array.py
[2.409s] -- Up-to-date: /home/hrabi/base_control_ros2/install/mocap_optitrack_interfaces/local/lib/python3.10/dist-packages/mocap_optitrack_interfaces/msg/__init__.py
[2.409s] -- Up-to-date: /home/hrabi/base_control_ros2/install/mocap_optitrack_interfaces/local/lib/python3.10/dist-packages/mocap_optitrack_interfaces/msg/_configuration_array_s.c
[2.410s] -- Up-to-date: /home/hrabi/base_control_ros2/install/mocap_optitrack_interfaces/local/lib/python3.10/dist-packages/mocap_optitrack_interfaces/msg/_rigid_body_array_s.c
[2.410s] -- Up-to-date: /home/hrabi/base_control_ros2/install/mocap_optitrack_interfaces/local/lib/python3.10/dist-packages/mocap_optitrack_interfaces/msg/_configuration_s.c
[2.410s] -- Up-to-date: /home/hrabi/base_control_ros2/install/mocap_optitrack_interfaces/local/lib/python3.10/dist-packages/mocap_optitrack_interfaces/_mocap_optitrack_interfaces_s.ep.rosidl_typesupport_c.c
[2.477s] Listing '/home/hrabi/base_control_ros2/install/mocap_optitrack_interfaces/local/lib/python3.10/dist-packages/mocap_optitrack_interfaces'...
[2.478s] Listing '/home/hrabi/base_control_ros2/install/mocap_optitrack_interfaces/local/lib/python3.10/dist-packages/mocap_optitrack_interfaces/msg'...
[2.486s] -- Up-to-date: /home/hrabi/base_control_ros2/install/mocap_optitrack_interfaces/local/lib/python3.10/dist-packages/mocap_optitrack_interfaces/mocap_optitrack_interfaces_s__rosidl_typesupport_fastrtps_c.cpython-310-x86_64-linux-gnu.so
[2.492s] -- Up-to-date: /home/hrabi/base_control_ros2/install/mocap_optitrack_interfaces/local/lib/python3.10/dist-packages/mocap_optitrack_interfaces/mocap_optitrack_interfaces_s__rosidl_typesupport_introspection_c.cpython-310-x86_64-linux-gnu.so
[2.493s] -- Up-to-date: /home/hrabi/base_control_ros2/install/mocap_optitrack_interfaces/local/lib/python3.10/dist-packages/mocap_optitrack_interfaces/mocap_optitrack_interfaces_s__rosidl_typesupport_c.cpython-310-x86_64-linux-gnu.so
[2.493s] -- Up-to-date: /home/hrabi/base_control_ros2/install/mocap_optitrack_interfaces/lib/libmocap_optitrack_interfaces__rosidl_generator_py.so
[2.493s] -- Up-to-date: /home/hrabi/base_control_ros2/install/mocap_optitrack_interfaces/share/mocap_optitrack_interfaces/msg/RigidBody.idl
[2.494s] -- Up-to-date: /home/hrabi/base_control_ros2/install/mocap_optitrack_interfaces/share/mocap_optitrack_interfaces/msg/RigidBodyArray.idl
[2.494s] -- Up-to-date: /home/hrabi/base_control_ros2/install/mocap_optitrack_interfaces/share/mocap_optitrack_interfaces/msg/Configuration.idl
[2.494s] -- Up-to-date: /home/hrabi/base_control_ros2/install/mocap_optitrack_interfaces/share/mocap_optitrack_interfaces/msg/ConfigurationArray.idl
[2.494s] -- Up-to-date: /home/hrabi/base_control_ros2/install/mocap_optitrack_interfaces/share/mocap_optitrack_interfaces/msg/RigidBody.msg
[2.495s] -- Up-to-date: /home/hrabi/base_control_ros2/install/mocap_optitrack_interfaces/share/mocap_optitrack_interfaces/msg/RigidBodyArray.msg
[2.495s] -- Up-to-date: /home/hrabi/base_control_ros2/install/mocap_optitrack_interfaces/share/mocap_optitrack_interfaces/msg/Configuration.msg
[2.495s] -- Up-to-date: /home/hrabi/base_control_ros2/install/mocap_optitrack_interfaces/share/mocap_optitrack_interfaces/msg/ConfigurationArray.msg
[2.495s] -- Up-to-date: /home/hrabi/base_control_ros2/install/mocap_optitrack_interfaces/share/ament_index/resource_index/package_run_dependencies/mocap_optitrack_interfaces
[2.496s] -- Up-to-date: /home/hrabi/base_control_ros2/install/mocap_optitrack_interfaces/share/ament_index/resource_index/parent_prefix_path/mocap_optitrack_interfaces
[2.496s] -- Up-to-date: /home/hrabi/base_control_ros2/install/mocap_optitrack_interfaces/share/mocap_optitrack_interfaces/environment/ament_prefix_path.sh
[2.496s] -- Up-to-date: /home/hrabi/base_control_ros2/install/mocap_optitrack_interfaces/share/mocap_optitrack_interfaces/environment/ament_prefix_path.dsv
[2.496s] -- Up-to-date: /home/hrabi/base_control_ros2/install/mocap_optitrack_interfaces/share/mocap_optitrack_interfaces/environment/path.sh
[2.497s] -- Up-to-date: /home/hrabi/base_control_ros2/install/mocap_optitrack_interfaces/share/mocap_optitrack_interfaces/environment/path.dsv
[2.497s] -- Up-to-date: /home/hrabi/base_control_ros2/install/mocap_optitrack_interfaces/share/mocap_optitrack_interfaces/local_setup.bash
[2.502s] -- Up-to-date: /home/hrabi/base_control_ros2/install/mocap_optitrack_interfaces/share/mocap_optitrack_interfaces/local_setup.sh
[2.503s] -- Up-to-date: /home/hrabi/base_control_ros2/install/mocap_optitrack_interfaces/share/mocap_optitrack_interfaces/local_setup.zsh
[2.503s] -- Up-to-date: /home/hrabi/base_control_ros2/install/mocap_optitrack_interfaces/share/mocap_optitrack_interfaces/local_setup.dsv
[2.504s] -- Installing: /home/hrabi/base_control_ros2/install/mocap_optitrack_interfaces/share/mocap_optitrack_interfaces/package.dsv
[2.504s] -- Up-to-date: /home/hrabi/base_control_ros2/install/mocap_optitrack_interfaces/share/ament_index/resource_index/packages/mocap_optitrack_interfaces
[2.504s] -- Up-to-date: /home/hrabi/base_control_ros2/install/mocap_optitrack_interfaces/share/mocap_optitrack_interfaces/cmake/export_mocap_optitrack_interfaces__rosidl_generator_cExport.cmake
[2.505s] -- Up-to-date: /home/hrabi/base_control_ros2/install/mocap_optitrack_interfaces/share/mocap_optitrack_interfaces/cmake/export_mocap_optitrack_interfaces__rosidl_generator_cExport-noconfig.cmake
[2.505s] -- Up-to-date: /home/hrabi/base_control_ros2/install/mocap_optitrack_interfaces/share/mocap_optitrack_interfaces/cmake/export_mocap_optitrack_interfaces__rosidl_typesupport_fastrtps_cExport.cmake
[2.505s] -- Up-to-date: /home/hrabi/base_control_ros2/install/mocap_optitrack_interfaces/share/mocap_optitrack_interfaces/cmake/export_mocap_optitrack_interfaces__rosidl_typesupport_fastrtps_cExport-noconfig.cmake
[2.505s] -- Up-to-date: /home/hrabi/base_control_ros2/install/mocap_optitrack_interfaces/share/mocap_optitrack_interfaces/cmake/mocap_optitrack_interfaces__rosidl_typesupport_introspection_cExport.cmake
[2.506s] -- Up-to-date: /home/hrabi/base_control_ros2/install/mocap_optitrack_interfaces/share/mocap_optitrack_interfaces/cmake/mocap_optitrack_interfaces__rosidl_typesupport_introspection_cExport-noconfig.cmake
[2.506s] -- Up-to-date: /home/hrabi/base_control_ros2/install/mocap_optitrack_interfaces/share/mocap_optitrack_interfaces/cmake/mocap_optitrack_interfaces__rosidl_typesupport_cExport.cmake
[2.506s] -- Up-to-date: /home/hrabi/base_control_ros2/install/mocap_optitrack_interfaces/share/mocap_optitrack_interfaces/cmake/mocap_optitrack_interfaces__rosidl_typesupport_cExport-noconfig.cmake
[2.506s] -- Up-to-date: /home/hrabi/base_control_ros2/install/mocap_optitrack_interfaces/share/mocap_optitrack_interfaces/cmake/export_mocap_optitrack_interfaces__rosidl_generator_cppExport.cmake
[2.508s] -- Up-to-date: /home/hrabi/base_control_ros2/install/mocap_optitrack_interfaces/share/mocap_optitrack_interfaces/cmake/export_mocap_optitrack_interfaces__rosidl_typesupport_fastrtps_cppExport.cmake
[2.508s] -- Up-to-date: /home/hrabi/base_control_ros2/install/mocap_optitrack_interfaces/share/mocap_optitrack_interfaces/cmake/export_mocap_optitrack_interfaces__rosidl_typesupport_fastrtps_cppExport-noconfig.cmake
[2.509s] -- Up-to-date: /home/hrabi/base_control_ros2/install/mocap_optitrack_interfaces/share/mocap_optitrack_interfaces/cmake/mocap_optitrack_interfaces__rosidl_typesupport_introspection_cppExport.cmake
[2.509s] -- Up-to-date: /home/hrabi/base_control_ros2/install/mocap_optitrack_interfaces/share/mocap_optitrack_interfaces/cmake/mocap_optitrack_interfaces__rosidl_typesupport_introspection_cppExport-noconfig.cmake
[2.509s] -- Up-to-date: /home/hrabi/base_control_ros2/install/mocap_optitrack_interfaces/share/mocap_optitrack_interfaces/cmake/mocap_optitrack_interfaces__rosidl_typesupport_cppExport.cmake
[2.509s] -- Up-to-date: /home/hrabi/base_control_ros2/install/mocap_optitrack_interfaces/share/mocap_optitrack_interfaces/cmake/mocap_optitrack_interfaces__rosidl_typesupport_cppExport-noconfig.cmake
[2.510s] -- Up-to-date: /home/hrabi/base_control_ros2/install/mocap_optitrack_interfaces/share/mocap_optitrack_interfaces/cmake/export_mocap_optitrack_interfaces__rosidl_generator_pyExport.cmake
[2.510s] -- Up-to-date: /home/hrabi/base_control_ros2/install/mocap_optitrack_interfaces/share/mocap_optitrack_interfaces/cmake/export_mocap_optitrack_interfaces__rosidl_generator_pyExport-noconfig.cmake
[2.510s] -- Up-to-date: /home/hrabi/base_control_ros2/install/mocap_optitrack_interfaces/share/mocap_optitrack_interfaces/cmake/rosidl_cmake-extras.cmake
[2.510s] -- Up-to-date: /home/hrabi/base_control_ros2/install/mocap_optitrack_interfaces/share/mocap_optitrack_interfaces/cmake/ament_cmake_export_dependencies-extras.cmake
[2.510s] -- Up-to-date: /home/hrabi/base_control_ros2/install/mocap_optitrack_interfaces/share/mocap_optitrack_interfaces/cmake/ament_cmake_export_include_directories-extras.cmake
[2.510s] -- Up-to-date: /home/hrabi/base_control_ros2/install/mocap_optitrack_interfaces/share/mocap_optitrack_interfaces/cmake/ament_cmake_export_libraries-extras.cmake
[2.510s] -- Up-to-date: /home/hrabi/base_control_ros2/install/mocap_optitrack_interfaces/share/mocap_optitrack_interfaces/cmake/ament_cmake_export_targets-extras.cmake
[2.510s] -- Up-to-date: /home/hrabi/base_control_ros2/install/mocap_optitrack_interfaces/share/mocap_optitrack_interfaces/cmake/rosidl_cmake_export_typesupport_targets-extras.cmake
[2.511s] -- Up-to-date: /home/hrabi/base_control_ros2/install/mocap_optitrack_interfaces/share/mocap_optitrack_interfaces/cmake/rosidl_cmake_export_typesupport_libraries-extras.cmake
[2.511s] -- Up-to-date: /home/hrabi/base_control_ros2/install/mocap_optitrack_interfaces/share/mocap_optitrack_interfaces/cmake/mocap_optitrack_interfacesConfig.cmake
[2.511s] -- Up-to-date: /home/hrabi/base_control_ros2/install/mocap_optitrack_interfaces/share/mocap_optitrack_interfaces/cmake/mocap_optitrack_interfacesConfig-version.cmake
[2.511s] -- Up-to-date: /home/hrabi/base_control_ros2/install/mocap_optitrack_interfaces/share/mocap_optitrack_interfaces/package.xml
[2.513s] Invoked command in '/home/hrabi/base_control_ros2/build/mocap_optitrack_interfaces' returned '0': CMAKE_PREFIX_PATH=${CMAKE_PREFIX_PATH}:/home/hrabi/base_control_ros2/install/base_control:/opt/ros/humble /usr/bin/cmake --install /home/hrabi/base_control_ros2/build/mocap_optitrack_interfaces
