[0.721s] Invoking command in '/home/hrabi/base_control_ros2/build/mocap_optitrack_interfaces': CMAKE_PREFIX_PATH=${CMAKE_PREFIX_PATH}:/home/hrabi/base_control_ros2/install/base_control:/opt/ros/humble /usr/bin/cmake --build /home/hrabi/base_control_ros2/build/mocap_optitrack_interfaces -- -j4 -l4
[0.930s] [  7%] Built target mocap_optitrack_interfaces__cpp
[0.936s] [ 12%] Built target mocap_optitrack_interfaces__rosidl_generator_c
[0.941s] [ 12%] Built target ament_cmake_python_copy_mocap_optitrack_interfaces
[1.024s] [ 23%] Built target mocap_optitrack_interfaces__rosidl_typesupport_cpp
[1.045s] [ 34%] Built target mocap_optitrack_interfaces__rosidl_typesupport_introspection_cpp
[1.060s] [ 45%] Built target mocap_optitrack_interfaces__rosidl_typesupport_fastrtps_cpp
[1.137s] [ 56%] Built target mocap_optitrack_interfaces__rosidl_typesupport_introspection_c
[1.137s] [ 67%] Built target mocap_optitrack_interfaces__rosidl_typesupport_fastrtps_c
[1.155s] [ 78%] Built target mocap_optitrack_interfaces__rosidl_typesupport_c
[1.210s] [ 78%] Built target mocap_optitrack_interfaces
[1.254s] [ 80%] Built target mocap_optitrack_interfaces__py
[1.314s] [ 89%] Built target mocap_optitrack_interfaces__rosidl_generator_py
[1.405s] [ 92%] Built target mocap_optitrack_interfaces__rosidl_typesupport_fastrtps_c__pyext
[1.411s] [ 96%] Built target mocap_optitrack_interfaces__rosidl_typesupport_c__pyext
[1.430s] [100%] Built target mocap_optitrack_interfaces__rosidl_typesupport_introspection_c__pyext
[1.894s] running egg_info
[1.896s] writing mocap_optitrack_interfaces.egg-info/PKG-INFO
[1.899s] writing dependency_links to mocap_optitrack_interfaces.egg-info/dependency_links.txt
[1.900s] writing top-level names to mocap_optitrack_interfaces.egg-info/top_level.txt
[1.908s] reading manifest file 'mocap_optitrack_interfaces.egg-info/SOURCES.txt'
[1.910s] writing manifest file 'mocap_optitrack_interfaces.egg-info/SOURCES.txt'
[1.981s] [100%] Built target ament_cmake_python_build_mocap_optitrack_interfaces_egg
[2.008s] Invoked command in '/home/hrabi/base_control_ros2/build/mocap_optitrack_interfaces' returned '0': CMAKE_PREFIX_PATH=${CMAKE_PREFIX_PATH}:/home/hrabi/base_control_ros2/install/base_control:/opt/ros/humble /usr/bin/cmake --build /home/hrabi/base_control_ros2/build/mocap_optitrack_interfaces -- -j4 -l4
[2.308s] Invoking command in '/home/hrabi/base_control_ros2/build/mocap_optitrack_interfaces': CMAKE_PREFIX_PATH=${CMAKE_PREFIX_PATH}:/home/hrabi/base_control_ros2/install/base_control:/opt/ros/humble /usr/bin/cmake --install /home/hrabi/base_control_ros2/build/mocap_optitrack_interfaces
[2.334s] -- Install configuration: ""
[2.334s] -- Up-to-date: /home/hrabi/base_control_ros2/install/mocap_optitrack_interfaces/share/ament_index/resource_index/rosidl_interfaces/mocap_optitrack_interfaces
[2.335s] -- Up-to-date: /home/hrabi/base_control_ros2/install/mocap_optitrack_interfaces/include/mocap_optitrack_interfaces/mocap_optitrack_interfaces
[2.335s] -- Up-to-date: /home/hrabi/base_control_ros2/install/mocap_optitrack_interfaces/include/mocap_optitrack_interfaces/mocap_optitrack_interfaces/msg
[2.336s] -- Up-to-date: /home/hrabi/base_control_ros2/install/mocap_optitrack_interfaces/include/mocap_optitrack_interfaces/mocap_optitrack_interfaces/msg/rosidl_generator_c__visibility_control.h
[2.336s] -- Up-to-date: /home/hrabi/base_control_ros2/install/mocap_optitrack_interfaces/include/mocap_optitrack_interfaces/mocap_optitrack_interfaces/msg/rigid_body_array.h
[2.338s] -- Up-to-date: /home/hrabi/base_control_ros2/install/mocap_optitrack_interfaces/include/mocap_optitrack_interfaces/mocap_optitrack_interfaces/msg/rigid_body.h
[2.340s] -- Up-to-date: /home/hrabi/base_control_ros2/install/mocap_optitrack_interfaces/include/mocap_optitrack_interfaces/mocap_optitrack_interfaces/msg/configuration.h
[2.341s] -- Up-to-date: /home/hrabi/base_control_ros2/install/mocap_optitrack_interfaces/include/mocap_optitrack_interfaces/mocap_optitrack_interfaces/msg/detail
[2.342s] -- Up-to-date: /home/hrabi/base_control_ros2/install/mocap_optitrack_interfaces/include/mocap_optitrack_interfaces/mocap_optitrack_interfaces/msg/detail/configuration_array__struct.h
[2.344s] -- Up-to-date: /home/hrabi/base_control_ros2/install/mocap_optitrack_interfaces/include/mocap_optitrack_interfaces/mocap_optitrack_interfaces/msg/detail/configuration__struct.h
[2.344s] -- Up-to-date: /home/hrabi/base_control_ros2/install/mocap_optitrack_interfaces/include/mocap_optitrack_interfaces/mocap_optitrack_interfaces/msg/detail/rigid_body_array__functions.c
[2.347s] -- Up-to-date: /home/hrabi/base_control_ros2/install/mocap_optitrack_interfaces/include/mocap_optitrack_interfaces/mocap_optitrack_interfaces/msg/detail/configuration_array__functions.h
[2.348s] -- Up-to-date: /home/hrabi/base_control_ros2/install/mocap_optitrack_interfaces/include/mocap_optitrack_interfaces/mocap_optitrack_interfaces/msg/detail/configuration_array__functions.c
[2.351s] -- Up-to-date: /home/hrabi/base_control_ros2/install/mocap_optitrack_interfaces/include/mocap_optitrack_interfaces/mocap_optitrack_interfaces/msg/detail/rigid_body_array__type_support.h
[2.351s] -- Up-to-date: /home/hrabi/base_control_ros2/install/mocap_optitrack_interfaces/include/mocap_optitrack_interfaces/mocap_optitrack_interfaces/msg/detail/configuration__functions.h
[2.352s] -- Up-to-date: /home/hrabi/base_control_ros2/install/mocap_optitrack_interfaces/include/mocap_optitrack_interfaces/mocap_optitrack_interfaces/msg/detail/rigid_body_array__functions.h
[2.352s] -- Up-to-date: /home/hrabi/base_control_ros2/install/mocap_optitrack_interfaces/include/mocap_optitrack_interfaces/mocap_optitrack_interfaces/msg/detail/rigid_body__functions.c
[2.352s] -- Up-to-date: /home/hrabi/base_control_ros2/install/mocap_optitrack_interfaces/include/mocap_optitrack_interfaces/mocap_optitrack_interfaces/msg/detail/rigid_body__functions.h
[2.352s] -- Up-to-date: /home/hrabi/base_control_ros2/install/mocap_optitrack_interfaces/include/mocap_optitrack_interfaces/mocap_optitrack_interfaces/msg/detail/configuration__functions.c
[2.352s] -- Up-to-date: /home/hrabi/base_control_ros2/install/mocap_optitrack_interfaces/include/mocap_optitrack_interfaces/mocap_optitrack_interfaces/msg/detail/rigid_body__type_support.h
[2.353s] -- Up-to-date: /home/hrabi/base_control_ros2/install/mocap_optitrack_interfaces/include/mocap_optitrack_interfaces/mocap_optitrack_interfaces/msg/detail/configuration__type_support.h
[2.353s] -- Up-to-date: /home/hrabi/base_control_ros2/install/mocap_optitrack_interfaces/include/mocap_optitrack_interfaces/mocap_optitrack_interfaces/msg/detail/configuration_array__type_support.h
[2.353s] -- Up-to-date: /home/hrabi/base_control_ros2/install/mocap_optitrack_interfaces/include/mocap_optitrack_interfaces/mocap_optitrack_interfaces/msg/detail/rigid_body_array__struct.h
[2.353s] -- Up-to-date: /home/hrabi/base_control_ros2/install/mocap_optitrack_interfaces/include/mocap_optitrack_interfaces/mocap_optitrack_interfaces/msg/detail/rigid_body__struct.h
[2.354s] -- Up-to-date: /home/hrabi/base_control_ros2/install/mocap_optitrack_interfaces/include/mocap_optitrack_interfaces/mocap_optitrack_interfaces/msg/configuration_array.h
[2.354s] -- Up-to-date: /home/hrabi/base_control_ros2/install/mocap_optitrack_interfaces/share/mocap_optitrack_interfaces/environment/library_path.sh
[2.354s] -- Up-to-date: /home/hrabi/base_control_ros2/install/mocap_optitrack_interfaces/share/mocap_optitrack_interfaces/environment/library_path.dsv
[2.355s] -- Up-to-date: /home/hrabi/base_control_ros2/install/mocap_optitrack_interfaces/lib/libmocap_optitrack_interfaces__rosidl_generator_c.so
[2.355s] -- Up-to-date: /home/hrabi/base_control_ros2/install/mocap_optitrack_interfaces/include/mocap_optitrack_interfaces/mocap_optitrack_interfaces
[2.355s] -- Up-to-date: /home/hrabi/base_control_ros2/install/mocap_optitrack_interfaces/include/mocap_optitrack_interfaces/mocap_optitrack_interfaces/msg
[2.355s] -- Up-to-date: /home/hrabi/base_control_ros2/install/mocap_optitrack_interfaces/include/mocap_optitrack_interfaces/mocap_optitrack_interfaces/msg/rosidl_typesupport_fastrtps_c__visibility_control.h
[2.355s] -- Up-to-date: /home/hrabi/base_control_ros2/install/mocap_optitrack_interfaces/include/mocap_optitrack_interfaces/mocap_optitrack_interfaces/msg/detail
[2.356s] -- Up-to-date: /home/hrabi/base_control_ros2/install/mocap_optitrack_interfaces/include/mocap_optitrack_interfaces/mocap_optitrack_interfaces/msg/detail/configuration_array__rosidl_typesupport_fastrtps_c.h
[2.356s] -- Up-to-date: /home/hrabi/base_control_ros2/install/mocap_optitrack_interfaces/include/mocap_optitrack_interfaces/mocap_optitrack_interfaces/msg/detail/rigid_body__rosidl_typesupport_fastrtps_c.h
[2.356s] -- Up-to-date: /home/hrabi/base_control_ros2/install/mocap_optitrack_interfaces/include/mocap_optitrack_interfaces/mocap_optitrack_interfaces/msg/detail/configuration__rosidl_typesupport_fastrtps_c.h
[2.356s] -- Up-to-date: /home/hrabi/base_control_ros2/install/mocap_optitrack_interfaces/include/mocap_optitrack_interfaces/mocap_optitrack_interfaces/msg/detail/rigid_body_array__rosidl_typesupport_fastrtps_c.h
[2.357s] -- Up-to-date: /home/hrabi/base_control_ros2/install/mocap_optitrack_interfaces/lib/libmocap_optitrack_interfaces__rosidl_typesupport_fastrtps_c.so
[2.357s] -- Up-to-date: /home/hrabi/base_control_ros2/install/mocap_optitrack_interfaces/include/mocap_optitrack_interfaces/mocap_optitrack_interfaces
[2.357s] -- Up-to-date: /home/hrabi/base_control_ros2/install/mocap_optitrack_interfaces/include/mocap_optitrack_interfaces/mocap_optitrack_interfaces/msg
[2.357s] -- Up-to-date: /home/hrabi/base_control_ros2/install/mocap_optitrack_interfaces/include/mocap_optitrack_interfaces/mocap_optitrack_interfaces/msg/rosidl_typesupport_introspection_c__visibility_control.h
[2.357s] -- Up-to-date: /home/hrabi/base_control_ros2/install/mocap_optitrack_interfaces/include/mocap_optitrack_interfaces/mocap_optitrack_interfaces/msg/detail
[2.358s] -- Up-to-date: /home/hrabi/base_control_ros2/install/mocap_optitrack_interfaces/include/mocap_optitrack_interfaces/mocap_optitrack_interfaces/msg/detail/configuration__type_support.c
[2.358s] -- Up-to-date: /home/hrabi/base_control_ros2/install/mocap_optitrack_interfaces/include/mocap_optitrack_interfaces/mocap_optitrack_interfaces/msg/detail/rigid_body_array__rosidl_typesupport_introspection_c.h
[2.358s] -- Up-to-date: /home/hrabi/base_control_ros2/install/mocap_optitrack_interfaces/include/mocap_optitrack_interfaces/mocap_optitrack_interfaces/msg/detail/rigid_body_array__type_support.c
[2.358s] -- Up-to-date: /home/hrabi/base_control_ros2/install/mocap_optitrack_interfaces/include/mocap_optitrack_interfaces/mocap_optitrack_interfaces/msg/detail/rigid_body__rosidl_typesupport_introspection_c.h
[2.358s] -- Up-to-date: /home/hrabi/base_control_ros2/install/mocap_optitrack_interfaces/include/mocap_optitrack_interfaces/mocap_optitrack_interfaces/msg/detail/configuration_array__type_support.c
[2.359s] -- Up-to-date: /home/hrabi/base_control_ros2/install/mocap_optitrack_interfaces/include/mocap_optitrack_interfaces/mocap_optitrack_interfaces/msg/detail/configuration__rosidl_typesupport_introspection_c.h
[2.359s] -- Up-to-date: /home/hrabi/base_control_ros2/install/mocap_optitrack_interfaces/include/mocap_optitrack_interfaces/mocap_optitrack_interfaces/msg/detail/configuration_array__rosidl_typesupport_introspection_c.h
[2.359s] -- Up-to-date: /home/hrabi/base_control_ros2/install/mocap_optitrack_interfaces/include/mocap_optitrack_interfaces/mocap_optitrack_interfaces/msg/detail/rigid_body__type_support.c
[2.359s] -- Up-to-date: /home/hrabi/base_control_ros2/install/mocap_optitrack_interfaces/lib/libmocap_optitrack_interfaces__rosidl_typesupport_introspection_c.so
[2.360s] -- Up-to-date: /home/hrabi/base_control_ros2/install/mocap_optitrack_interfaces/lib/libmocap_optitrack_interfaces__rosidl_typesupport_c.so
[2.360s] -- Up-to-date: /home/hrabi/base_control_ros2/install/mocap_optitrack_interfaces/include/mocap_optitrack_interfaces/mocap_optitrack_interfaces
[2.360s] -- Up-to-date: /home/hrabi/base_control_ros2/install/mocap_optitrack_interfaces/include/mocap_optitrack_interfaces/mocap_optitrack_interfaces/msg
[2.360s] -- Up-to-date: /home/hrabi/base_control_ros2/install/mocap_optitrack_interfaces/include/mocap_optitrack_interfaces/mocap_optitrack_interfaces/msg/rigid_body.hpp
[2.360s] -- Up-to-date: /home/hrabi/base_control_ros2/install/mocap_optitrack_interfaces/include/mocap_optitrack_interfaces/mocap_optitrack_interfaces/msg/rigid_body_array.hpp
[2.361s] -- Up-to-date: /home/hrabi/base_control_ros2/install/mocap_optitrack_interfaces/include/mocap_optitrack_interfaces/mocap_optitrack_interfaces/msg/configuration_array.hpp
[2.361s] -- Up-to-date: /home/hrabi/base_control_ros2/install/mocap_optitrack_interfaces/include/mocap_optitrack_interfaces/mocap_optitrack_interfaces/msg/configuration.hpp
[2.361s] -- Up-to-date: /home/hrabi/base_control_ros2/install/mocap_optitrack_interfaces/include/mocap_optitrack_interfaces/mocap_optitrack_interfaces/msg/detail
[2.361s] -- Up-to-date: /home/hrabi/base_control_ros2/install/mocap_optitrack_interfaces/include/mocap_optitrack_interfaces/mocap_optitrack_interfaces/msg/detail/configuration__builder.hpp
[2.361s] -- Up-to-date: /home/hrabi/base_control_ros2/install/mocap_optitrack_interfaces/include/mocap_optitrack_interfaces/mocap_optitrack_interfaces/msg/detail/rigid_body__struct.hpp
[2.362s] -- Up-to-date: /home/hrabi/base_control_ros2/install/mocap_optitrack_interfaces/include/mocap_optitrack_interfaces/mocap_optitrack_interfaces/msg/detail/configuration_array__struct.hpp
[2.362s] -- Up-to-date: /home/hrabi/base_control_ros2/install/mocap_optitrack_interfaces/include/mocap_optitrack_interfaces/mocap_optitrack_interfaces/msg/detail/rigid_body_array__struct.hpp
[2.362s] -- Up-to-date: /home/hrabi/base_control_ros2/install/mocap_optitrack_interfaces/include/mocap_optitrack_interfaces/mocap_optitrack_interfaces/msg/detail/rigid_body_array__builder.hpp
[2.362s] -- Up-to-date: /home/hrabi/base_control_ros2/install/mocap_optitrack_interfaces/include/mocap_optitrack_interfaces/mocap_optitrack_interfaces/msg/detail/configuration_array__builder.hpp
[2.363s] -- Up-to-date: /home/hrabi/base_control_ros2/install/mocap_optitrack_interfaces/include/mocap_optitrack_interfaces/mocap_optitrack_interfaces/msg/detail/configuration__traits.hpp
[2.363s] -- Up-to-date: /home/hrabi/base_control_ros2/install/mocap_optitrack_interfaces/include/mocap_optitrack_interfaces/mocap_optitrack_interfaces/msg/detail/rigid_body__traits.hpp
[2.363s] -- Up-to-date: /home/hrabi/base_control_ros2/install/mocap_optitrack_interfaces/include/mocap_optitrack_interfaces/mocap_optitrack_interfaces/msg/detail/rigid_body_array__traits.hpp
[2.363s] -- Up-to-date: /home/hrabi/base_control_ros2/install/mocap_optitrack_interfaces/include/mocap_optitrack_interfaces/mocap_optitrack_interfaces/msg/detail/configuration__struct.hpp
[2.364s] -- Up-to-date: /home/hrabi/base_control_ros2/install/mocap_optitrack_interfaces/include/mocap_optitrack_interfaces/mocap_optitrack_interfaces/msg/detail/configuration_array__traits.hpp
[2.364s] -- Up-to-date: /home/hrabi/base_control_ros2/install/mocap_optitrack_interfaces/include/mocap_optitrack_interfaces/mocap_optitrack_interfaces/msg/detail/rigid_body__builder.hpp
[2.364s] -- Up-to-date: /home/hrabi/base_control_ros2/install/mocap_optitrack_interfaces/include/mocap_optitrack_interfaces/mocap_optitrack_interfaces
[2.364s] -- Up-to-date: /home/hrabi/base_control_ros2/install/mocap_optitrack_interfaces/include/mocap_optitrack_interfaces/mocap_optitrack_interfaces/msg
[2.365s] -- Up-to-date: /home/hrabi/base_control_ros2/install/mocap_optitrack_interfaces/include/mocap_optitrack_interfaces/mocap_optitrack_interfaces/msg/rosidl_typesupport_fastrtps_cpp__visibility_control.h
[2.365s] -- Up-to-date: /home/hrabi/base_control_ros2/install/mocap_optitrack_interfaces/include/mocap_optitrack_interfaces/mocap_optitrack_interfaces/msg/detail
[2.365s] -- Up-to-date: /home/hrabi/base_control_ros2/install/mocap_optitrack_interfaces/include/mocap_optitrack_interfaces/mocap_optitrack_interfaces/msg/detail/configuration_array__rosidl_typesupport_fastrtps_cpp.hpp
[2.365s] -- Up-to-date: /home/hrabi/base_control_ros2/install/mocap_optitrack_interfaces/include/mocap_optitrack_interfaces/mocap_optitrack_interfaces/msg/detail/rigid_body_array__rosidl_typesupport_fastrtps_cpp.hpp
[2.365s] -- Up-to-date: /home/hrabi/base_control_ros2/install/mocap_optitrack_interfaces/include/mocap_optitrack_interfaces/mocap_optitrack_interfaces/msg/detail/configuration__rosidl_typesupport_fastrtps_cpp.hpp
[2.366s] -- Up-to-date: /home/hrabi/base_control_ros2/install/mocap_optitrack_interfaces/include/mocap_optitrack_interfaces/mocap_optitrack_interfaces/msg/detail/rigid_body__rosidl_typesupport_fastrtps_cpp.hpp
[2.366s] -- Up-to-date: /home/hrabi/base_control_ros2/install/mocap_optitrack_interfaces/include/mocap_optitrack_interfaces/mocap_optitrack_interfaces/msg/detail/dds_fastrtps
[2.366s] -- Up-to-date: /home/hrabi/base_control_ros2/install/mocap_optitrack_interfaces/lib/libmocap_optitrack_interfaces__rosidl_typesupport_fastrtps_cpp.so
[2.366s] -- Up-to-date: /home/hrabi/base_control_ros2/install/mocap_optitrack_interfaces/include/mocap_optitrack_interfaces/mocap_optitrack_interfaces
[2.366s] -- Up-to-date: /home/hrabi/base_control_ros2/install/mocap_optitrack_interfaces/include/mocap_optitrack_interfaces/mocap_optitrack_interfaces/msg
[2.367s] -- Up-to-date: /home/hrabi/base_control_ros2/install/mocap_optitrack_interfaces/include/mocap_optitrack_interfaces/mocap_optitrack_interfaces/msg/detail
[2.367s] -- Up-to-date: /home/hrabi/base_control_ros2/install/mocap_optitrack_interfaces/include/mocap_optitrack_interfaces/mocap_optitrack_interfaces/msg/detail/configuration_array__type_support.cpp
[2.367s] -- Up-to-date: /home/hrabi/base_control_ros2/install/mocap_optitrack_interfaces/include/mocap_optitrack_interfaces/mocap_optitrack_interfaces/msg/detail/configuration_array__rosidl_typesupport_introspection_cpp.hpp
[2.367s] -- Up-to-date: /home/hrabi/base_control_ros2/install/mocap_optitrack_interfaces/include/mocap_optitrack_interfaces/mocap_optitrack_interfaces/msg/detail/rigid_body_array__rosidl_typesupport_introspection_cpp.hpp
[2.367s] -- Up-to-date: /home/hrabi/base_control_ros2/install/mocap_optitrack_interfaces/include/mocap_optitrack_interfaces/mocap_optitrack_interfaces/msg/detail/rigid_body__type_support.cpp
[2.368s] -- Up-to-date: /home/hrabi/base_control_ros2/install/mocap_optitrack_interfaces/include/mocap_optitrack_interfaces/mocap_optitrack_interfaces/msg/detail/rigid_body__rosidl_typesupport_introspection_cpp.hpp
[2.368s] -- Up-to-date: /home/hrabi/base_control_ros2/install/mocap_optitrack_interfaces/include/mocap_optitrack_interfaces/mocap_optitrack_interfaces/msg/detail/rigid_body_array__type_support.cpp
[2.368s] -- Up-to-date: /home/hrabi/base_control_ros2/install/mocap_optitrack_interfaces/include/mocap_optitrack_interfaces/mocap_optitrack_interfaces/msg/detail/configuration__type_support.cpp
[2.368s] -- Up-to-date: /home/hrabi/base_control_ros2/install/mocap_optitrack_interfaces/include/mocap_optitrack_interfaces/mocap_optitrack_interfaces/msg/detail/configuration__rosidl_typesupport_introspection_cpp.hpp
[2.368s] -- Up-to-date: /home/hrabi/base_control_ros2/install/mocap_optitrack_interfaces/lib/libmocap_optitrack_interfaces__rosidl_typesupport_introspection_cpp.so
[2.369s] -- Up-to-date: /home/hrabi/base_control_ros2/install/mocap_optitrack_interfaces/lib/libmocap_optitrack_interfaces__rosidl_typesupport_cpp.so
[2.369s] -- Up-to-date: /home/hrabi/base_control_ros2/install/mocap_optitrack_interfaces/share/mocap_optitrack_interfaces/environment/pythonpath.sh
[2.369s] -- Up-to-date: /home/hrabi/base_control_ros2/install/mocap_optitrack_interfaces/share/mocap_optitrack_interfaces/environment/pythonpath.dsv
[2.369s] -- Up-to-date: /home/hrabi/base_control_ros2/install/mocap_optitrack_interfaces/local/lib/python3.10/dist-packages/mocap_optitrack_interfaces-0.0.0-py3.10.egg-info
[2.369s] -- Installing: /home/hrabi/base_control_ros2/install/mocap_optitrack_interfaces/local/lib/python3.10/dist-packages/mocap_optitrack_interfaces-0.0.0-py3.10.egg-info/dependency_links.txt
[2.370s] -- Installing: /home/hrabi/base_control_ros2/install/mocap_optitrack_interfaces/local/lib/python3.10/dist-packages/mocap_optitrack_interfaces-0.0.0-py3.10.egg-info/top_level.txt
[2.370s] -- Installing: /home/hrabi/base_control_ros2/install/mocap_optitrack_interfaces/local/lib/python3.10/dist-packages/mocap_optitrack_interfaces-0.0.0-py3.10.egg-info/SOURCES.txt
[2.370s] -- Installing: /home/hrabi/base_control_ros2/install/mocap_optitrack_interfaces/local/lib/python3.10/dist-packages/mocap_optitrack_interfaces-0.0.0-py3.10.egg-info/PKG-INFO
[2.370s] -- Up-to-date: /home/hrabi/base_control_ros2/install/mocap_optitrack_interfaces/local/lib/python3.10/dist-packages/mocap_optitrack_interfaces
[2.371s] -- Up-to-date: /home/hrabi/base_control_ros2/install/mocap_optitrack_interfaces/local/lib/python3.10/dist-packages/mocap_optitrack_interfaces/_mocap_optitrack_interfaces_s.ep.rosidl_typesupport_fastrtps_c.c
[2.371s] -- Up-to-date: /home/hrabi/base_control_ros2/install/mocap_optitrack_interfaces/local/lib/python3.10/dist-packages/mocap_optitrack_interfaces/_mocap_optitrack_interfaces_s.ep.rosidl_typesupport_introspection_c.c
[2.371s] -- Up-to-date: /home/hrabi/base_control_ros2/install/mocap_optitrack_interfaces/local/lib/python3.10/dist-packages/mocap_optitrack_interfaces/libmocap_optitrack_interfaces__rosidl_generator_py.so
[2.372s] -- Up-to-date: /home/hrabi/base_control_ros2/install/mocap_optitrack_interfaces/local/lib/python3.10/dist-packages/mocap_optitrack_interfaces/mocap_optitrack_interfaces_s__rosidl_typesupport_introspection_c.cpython-310-x86_64-linux-gnu.so
[2.372s] -- Up-to-date: /home/hrabi/base_control_ros2/install/mocap_optitrack_interfaces/local/lib/python3.10/dist-packages/mocap_optitrack_interfaces/mocap_optitrack_interfaces_s__rosidl_typesupport_fastrtps_c.cpython-310-x86_64-linux-gnu.so
[2.372s] -- Up-to-date: /home/hrabi/base_control_ros2/install/mocap_optitrack_interfaces/local/lib/python3.10/dist-packages/mocap_optitrack_interfaces/mocap_optitrack_interfaces_s__rosidl_typesupport_c.cpython-310-x86_64-linux-gnu.so
[2.372s] -- Up-to-date: /home/hrabi/base_control_ros2/install/mocap_optitrack_interfaces/local/lib/python3.10/dist-packages/mocap_optitrack_interfaces/__init__.py
[2.373s] -- Up-to-date: /home/hrabi/base_control_ros2/install/mocap_optitrack_interfaces/local/lib/python3.10/dist-packages/mocap_optitrack_interfaces/msg
[2.373s] -- Up-to-date: /home/hrabi/base_control_ros2/install/mocap_optitrack_interfaces/local/lib/python3.10/dist-packages/mocap_optitrack_interfaces/msg/_rigid_body_s.c
[2.373s] -- Up-to-date: /home/hrabi/base_control_ros2/install/mocap_optitrack_interfaces/local/lib/python3.10/dist-packages/mocap_optitrack_interfaces/msg/_configuration.py
[2.373s] -- Up-to-date: /home/hrabi/base_control_ros2/install/mocap_optitrack_interfaces/local/lib/python3.10/dist-packages/mocap_optitrack_interfaces/msg/_rigid_body.py
[2.373s] -- Up-to-date: /home/hrabi/base_control_ros2/install/mocap_optitrack_interfaces/local/lib/python3.10/dist-packages/mocap_optitrack_interfaces/msg/_configuration_array.py
[2.374s] -- Up-to-date: /home/hrabi/base_control_ros2/install/mocap_optitrack_interfaces/local/lib/python3.10/dist-packages/mocap_optitrack_interfaces/msg/_rigid_body_array.py
[2.374s] -- Up-to-date: /home/hrabi/base_control_ros2/install/mocap_optitrack_interfaces/local/lib/python3.10/dist-packages/mocap_optitrack_interfaces/msg/__init__.py
[2.374s] -- Up-to-date: /home/hrabi/base_control_ros2/install/mocap_optitrack_interfaces/local/lib/python3.10/dist-packages/mocap_optitrack_interfaces/msg/_configuration_array_s.c
[2.374s] -- Up-to-date: /home/hrabi/base_control_ros2/install/mocap_optitrack_interfaces/local/lib/python3.10/dist-packages/mocap_optitrack_interfaces/msg/_rigid_body_array_s.c
[2.374s] -- Up-to-date: /home/hrabi/base_control_ros2/install/mocap_optitrack_interfaces/local/lib/python3.10/dist-packages/mocap_optitrack_interfaces/msg/_configuration_s.c
[2.375s] -- Up-to-date: /home/hrabi/base_control_ros2/install/mocap_optitrack_interfaces/local/lib/python3.10/dist-packages/mocap_optitrack_interfaces/_mocap_optitrack_interfaces_s.ep.rosidl_typesupport_c.c
[2.462s] Listing '/home/hrabi/base_control_ros2/install/mocap_optitrack_interfaces/local/lib/python3.10/dist-packages/mocap_optitrack_interfaces'...
[2.463s] Listing '/home/hrabi/base_control_ros2/install/mocap_optitrack_interfaces/local/lib/python3.10/dist-packages/mocap_optitrack_interfaces/msg'...
[2.475s] -- Up-to-date: /home/hrabi/base_control_ros2/install/mocap_optitrack_interfaces/local/lib/python3.10/dist-packages/mocap_optitrack_interfaces/mocap_optitrack_interfaces_s__rosidl_typesupport_fastrtps_c.cpython-310-x86_64-linux-gnu.so
[2.476s] -- Up-to-date: /home/hrabi/base_control_ros2/install/mocap_optitrack_interfaces/local/lib/python3.10/dist-packages/mocap_optitrack_interfaces/mocap_optitrack_interfaces_s__rosidl_typesupport_introspection_c.cpython-310-x86_64-linux-gnu.so
[2.477s] -- Up-to-date: /home/hrabi/base_control_ros2/install/mocap_optitrack_interfaces/local/lib/python3.10/dist-packages/mocap_optitrack_interfaces/mocap_optitrack_interfaces_s__rosidl_typesupport_c.cpython-310-x86_64-linux-gnu.so
[2.478s] -- Up-to-date: /home/hrabi/base_control_ros2/install/mocap_optitrack_interfaces/lib/libmocap_optitrack_interfaces__rosidl_generator_py.so
[2.478s] -- Up-to-date: /home/hrabi/base_control_ros2/install/mocap_optitrack_interfaces/share/mocap_optitrack_interfaces/msg/RigidBody.idl
[2.480s] -- Up-to-date: /home/hrabi/base_control_ros2/install/mocap_optitrack_interfaces/share/mocap_optitrack_interfaces/msg/RigidBodyArray.idl
[2.481s] -- Up-to-date: /home/hrabi/base_control_ros2/install/mocap_optitrack_interfaces/share/mocap_optitrack_interfaces/msg/Configuration.idl
[2.481s] -- Up-to-date: /home/hrabi/base_control_ros2/install/mocap_optitrack_interfaces/share/mocap_optitrack_interfaces/msg/ConfigurationArray.idl
[2.482s] -- Up-to-date: /home/hrabi/base_control_ros2/install/mocap_optitrack_interfaces/share/mocap_optitrack_interfaces/msg/RigidBody.msg
[2.482s] -- Up-to-date: /home/hrabi/base_control_ros2/install/mocap_optitrack_interfaces/share/mocap_optitrack_interfaces/msg/RigidBodyArray.msg
[2.483s] -- Up-to-date: /home/hrabi/base_control_ros2/install/mocap_optitrack_interfaces/share/mocap_optitrack_interfaces/msg/Configuration.msg
[2.483s] -- Up-to-date: /home/hrabi/base_control_ros2/install/mocap_optitrack_interfaces/share/mocap_optitrack_interfaces/msg/ConfigurationArray.msg
[2.484s] -- Up-to-date: /home/hrabi/base_control_ros2/install/mocap_optitrack_interfaces/share/ament_index/resource_index/package_run_dependencies/mocap_optitrack_interfaces
[2.484s] -- Up-to-date: /home/hrabi/base_control_ros2/install/mocap_optitrack_interfaces/share/ament_index/resource_index/parent_prefix_path/mocap_optitrack_interfaces
[2.485s] -- Up-to-date: /home/hrabi/base_control_ros2/install/mocap_optitrack_interfaces/share/mocap_optitrack_interfaces/environment/ament_prefix_path.sh
[2.486s] -- Up-to-date: /home/hrabi/base_control_ros2/install/mocap_optitrack_interfaces/share/mocap_optitrack_interfaces/environment/ament_prefix_path.dsv
[2.486s] -- Up-to-date: /home/hrabi/base_control_ros2/install/mocap_optitrack_interfaces/share/mocap_optitrack_interfaces/environment/path.sh
[2.487s] -- Up-to-date: /home/hrabi/base_control_ros2/install/mocap_optitrack_interfaces/share/mocap_optitrack_interfaces/environment/path.dsv
[2.490s] -- Up-to-date: /home/hrabi/base_control_ros2/install/mocap_optitrack_interfaces/share/mocap_optitrack_interfaces/local_setup.bash
[2.490s] -- Up-to-date: /home/hrabi/base_control_ros2/install/mocap_optitrack_interfaces/share/mocap_optitrack_interfaces/local_setup.sh
[2.490s] -- Up-to-date: /home/hrabi/base_control_ros2/install/mocap_optitrack_interfaces/share/mocap_optitrack_interfaces/local_setup.zsh
[2.491s] -- Up-to-date: /home/hrabi/base_control_ros2/install/mocap_optitrack_interfaces/share/mocap_optitrack_interfaces/local_setup.dsv
[2.491s] -- Installing: /home/hrabi/base_control_ros2/install/mocap_optitrack_interfaces/share/mocap_optitrack_interfaces/package.dsv
[2.491s] -- Up-to-date: /home/hrabi/base_control_ros2/install/mocap_optitrack_interfaces/share/ament_index/resource_index/packages/mocap_optitrack_interfaces
[2.491s] -- Up-to-date: /home/hrabi/base_control_ros2/install/mocap_optitrack_interfaces/share/mocap_optitrack_interfaces/cmake/export_mocap_optitrack_interfaces__rosidl_generator_cExport.cmake
[2.492s] -- Up-to-date: /home/hrabi/base_control_ros2/install/mocap_optitrack_interfaces/share/mocap_optitrack_interfaces/cmake/export_mocap_optitrack_interfaces__rosidl_generator_cExport-noconfig.cmake
[2.492s] -- Up-to-date: /home/hrabi/base_control_ros2/install/mocap_optitrack_interfaces/share/mocap_optitrack_interfaces/cmake/export_mocap_optitrack_interfaces__rosidl_typesupport_fastrtps_cExport.cmake
[2.492s] -- Up-to-date: /home/hrabi/base_control_ros2/install/mocap_optitrack_interfaces/share/mocap_optitrack_interfaces/cmake/export_mocap_optitrack_interfaces__rosidl_typesupport_fastrtps_cExport-noconfig.cmake
[2.492s] -- Up-to-date: /home/hrabi/base_control_ros2/install/mocap_optitrack_interfaces/share/mocap_optitrack_interfaces/cmake/mocap_optitrack_interfaces__rosidl_typesupport_introspection_cExport.cmake
[2.493s] -- Up-to-date: /home/hrabi/base_control_ros2/install/mocap_optitrack_interfaces/share/mocap_optitrack_interfaces/cmake/mocap_optitrack_interfaces__rosidl_typesupport_introspection_cExport-noconfig.cmake
[2.493s] -- Up-to-date: /home/hrabi/base_control_ros2/install/mocap_optitrack_interfaces/share/mocap_optitrack_interfaces/cmake/mocap_optitrack_interfaces__rosidl_typesupport_cExport.cmake
[2.493s] -- Up-to-date: /home/hrabi/base_control_ros2/install/mocap_optitrack_interfaces/share/mocap_optitrack_interfaces/cmake/mocap_optitrack_interfaces__rosidl_typesupport_cExport-noconfig.cmake
[2.493s] -- Up-to-date: /home/hrabi/base_control_ros2/install/mocap_optitrack_interfaces/share/mocap_optitrack_interfaces/cmake/export_mocap_optitrack_interfaces__rosidl_generator_cppExport.cmake
[2.493s] -- Up-to-date: /home/hrabi/base_control_ros2/install/mocap_optitrack_interfaces/share/mocap_optitrack_interfaces/cmake/export_mocap_optitrack_interfaces__rosidl_typesupport_fastrtps_cppExport.cmake
[2.494s] -- Up-to-date: /home/hrabi/base_control_ros2/install/mocap_optitrack_interfaces/share/mocap_optitrack_interfaces/cmake/export_mocap_optitrack_interfaces__rosidl_typesupport_fastrtps_cppExport-noconfig.cmake
[2.494s] -- Up-to-date: /home/hrabi/base_control_ros2/install/mocap_optitrack_interfaces/share/mocap_optitrack_interfaces/cmake/mocap_optitrack_interfaces__rosidl_typesupport_introspection_cppExport.cmake
[2.494s] -- Up-to-date: /home/hrabi/base_control_ros2/install/mocap_optitrack_interfaces/share/mocap_optitrack_interfaces/cmake/mocap_optitrack_interfaces__rosidl_typesupport_introspection_cppExport-noconfig.cmake
[2.494s] -- Up-to-date: /home/hrabi/base_control_ros2/install/mocap_optitrack_interfaces/share/mocap_optitrack_interfaces/cmake/mocap_optitrack_interfaces__rosidl_typesupport_cppExport.cmake
[2.494s] -- Up-to-date: /home/hrabi/base_control_ros2/install/mocap_optitrack_interfaces/share/mocap_optitrack_interfaces/cmake/mocap_optitrack_interfaces__rosidl_typesupport_cppExport-noconfig.cmake
[2.503s] -- Up-to-date: /home/hrabi/base_control_ros2/install/mocap_optitrack_interfaces/share/mocap_optitrack_interfaces/cmake/export_mocap_optitrack_interfaces__rosidl_generator_pyExport.cmake
[2.503s] -- Up-to-date: /home/hrabi/base_control_ros2/install/mocap_optitrack_interfaces/share/mocap_optitrack_interfaces/cmake/export_mocap_optitrack_interfaces__rosidl_generator_pyExport-noconfig.cmake
[2.503s] -- Up-to-date: /home/hrabi/base_control_ros2/install/mocap_optitrack_interfaces/share/mocap_optitrack_interfaces/cmake/rosidl_cmake-extras.cmake
[2.503s] -- Up-to-date: /home/hrabi/base_control_ros2/install/mocap_optitrack_interfaces/share/mocap_optitrack_interfaces/cmake/ament_cmake_export_dependencies-extras.cmake
[2.504s] -- Up-to-date: /home/hrabi/base_control_ros2/install/mocap_optitrack_interfaces/share/mocap_optitrack_interfaces/cmake/ament_cmake_export_include_directories-extras.cmake
[2.504s] -- Up-to-date: /home/hrabi/base_control_ros2/install/mocap_optitrack_interfaces/share/mocap_optitrack_interfaces/cmake/ament_cmake_export_libraries-extras.cmake
[2.504s] -- Up-to-date: /home/hrabi/base_control_ros2/install/mocap_optitrack_interfaces/share/mocap_optitrack_interfaces/cmake/ament_cmake_export_targets-extras.cmake
[2.505s] -- Up-to-date: /home/hrabi/base_control_ros2/install/mocap_optitrack_interfaces/share/mocap_optitrack_interfaces/cmake/rosidl_cmake_export_typesupport_targets-extras.cmake
[2.505s] -- Up-to-date: /home/hrabi/base_control_ros2/install/mocap_optitrack_interfaces/share/mocap_optitrack_interfaces/cmake/rosidl_cmake_export_typesupport_libraries-extras.cmake
[2.505s] -- Up-to-date: /home/hrabi/base_control_ros2/install/mocap_optitrack_interfaces/share/mocap_optitrack_interfaces/cmake/mocap_optitrack_interfacesConfig.cmake
[2.506s] -- Up-to-date: /home/hrabi/base_control_ros2/install/mocap_optitrack_interfaces/share/mocap_optitrack_interfaces/cmake/mocap_optitrack_interfacesConfig-version.cmake
[2.506s] -- Up-to-date: /home/hrabi/base_control_ros2/install/mocap_optitrack_interfaces/share/mocap_optitrack_interfaces/package.xml
[2.511s] Invoked command in '/home/hrabi/base_control_ros2/build/mocap_optitrack_interfaces' returned '0': CMAKE_PREFIX_PATH=${CMAKE_PREFIX_PATH}:/home/hrabi/base_control_ros2/install/base_control:/opt/ros/humble /usr/bin/cmake --install /home/hrabi/base_control_ros2/build/mocap_optitrack_interfaces
