[2.512s] Invoking command in '/home/hrabi/base_control_ros2/src/base_control': PYTHONPATH=/home/hrabi/base_control_ros2/install/base_control/lib/python3.10/site-packages:${PYTHONPATH} /usr/bin/python3 setup.py egg_info --egg-base ../../build/base_control build --build-base /home/hrabi/base_control_ros2/build/base_control/build install --prefix /home/hrabi/base_control_ros2/install/base_control --record /home/hrabi/base_control_ros2/build/base_control/install.log --single-version-externally-managed
[3.238s] running egg_info
[3.239s] writing ../../build/base_control/base_control.egg-info/PKG-INFO
[3.240s] writing dependency_links to ../../build/base_control/base_control.egg-info/dependency_links.txt
[3.240s] writing entry points to ../../build/base_control/base_control.egg-info/entry_points.txt
[3.241s] writing requirements to ../../build/base_control/base_control.egg-info/requires.txt
[3.241s] writing top-level names to ../../build/base_control/base_control.egg-info/top_level.txt
[3.248s] reading manifest file '../../build/base_control/base_control.egg-info/SOURCES.txt'
[3.250s] writing manifest file '../../build/base_control/base_control.egg-info/SOURCES.txt'
[3.250s] running build
[3.251s] running build_py
[3.251s] copying base_control/controller.py -> /home/hrabi/base_control_ros2/build/base_control/build/lib/base_control
[3.252s] running install
[3.253s] running install_lib
[3.254s] copying /home/hrabi/base_control_ros2/build/base_control/build/lib/base_control/controller.py -> /home/hrabi/base_control_ros2/install/base_control/lib/python3.10/site-packages/base_control
[3.255s] byte-compiling /home/hrabi/base_control_ros2/install/base_control/lib/python3.10/site-packages/base_control/controller.py to controller.cpython-310.pyc
[3.258s]   File "/home/hrabi/base_control_ros2/install/base_control/lib/python3.10/site-packages/base_control/controller.py", line 124
[3.258s]     self.optitrack = optitrack   60
[3.258s]                                  ^^
[3.259s] SyntaxError: invalid syntax
[3.259s] 
[3.261s] running install_data
[3.261s] running install_egg_info
[3.263s] removing '/home/hrabi/base_control_ros2/install/base_control/lib/python3.10/site-packages/base_control-0.0.0-py3.10.egg-info' (and everything under it)
[3.265s] Copying ../../build/base_control/base_control.egg-info to /home/hrabi/base_control_ros2/install/base_control/lib/python3.10/site-packages/base_control-0.0.0-py3.10.egg-info
[3.265s] running install_scripts
[3.302s] Installing base_mobile script to /home/hrabi/base_control_ros2/install/base_control/lib/base_control
[3.302s] Installing controller script to /home/hrabi/base_control_ros2/install/base_control/lib/base_control
[3.304s] Installing odometry script to /home/hrabi/base_control_ros2/install/base_control/lib/base_control
[3.304s] writing list of installed files to '/home/hrabi/base_control_ros2/build/base_control/install.log'
[3.380s] Invoked command in '/home/hrabi/base_control_ros2/src/base_control' returned '0': PYTHONPATH=/home/hrabi/base_control_ros2/install/base_control/lib/python3.10/site-packages:${PYTHONPATH} /usr/bin/python3 setup.py egg_info --egg-base ../../build/base_control build --build-base /home/hrabi/base_control_ros2/build/base_control/build install --prefix /home/hrabi/base_control_ros2/install/base_control --record /home/hrabi/base_control_ros2/build/base_control/install.log --single-version-externally-managed
