[1.536s] Invoking command in '/home/hrabi/base_control_ros2/src/base_control': PYTHONPATH=/home/hrabi/base_control_ros2/install/base_control/lib/python3.10/site-packages:${PYTHONPATH} /usr/bin/python3 setup.py egg_info --egg-base ../../build/base_control build --build-base /home/hrabi/base_control_ros2/build/base_control/build install --prefix /home/hrabi/base_control_ros2/install/base_control --record /home/hrabi/base_control_ros2/build/base_control/install.log --single-version-externally-managed
[2.053s] running egg_info
[2.054s] writing ../../build/base_control/base_control.egg-info/PKG-INFO
[2.054s] writing dependency_links to ../../build/base_control/base_control.egg-info/dependency_links.txt
[2.055s] writing entry points to ../../build/base_control/base_control.egg-info/entry_points.txt
[2.055s] writing requirements to ../../build/base_control/base_control.egg-info/requires.txt
[2.055s] writing top-level names to ../../build/base_control/base_control.egg-info/top_level.txt
[2.060s] reading manifest file '../../build/base_control/base_control.egg-info/SOURCES.txt'
[2.061s] writing manifest file '../../build/base_control/base_control.egg-info/SOURCES.txt'
[2.061s] running build
[2.061s] running build_py
[2.062s] running install
[2.062s] running install_lib
[2.064s] running install_data
[2.065s] running install_egg_info
[2.068s] removing '/home/hrabi/base_control_ros2/install/base_control/lib/python3.10/site-packages/base_control-0.0.0-py3.10.egg-info' (and everything under it)
[2.068s] Copying ../../build/base_control/base_control.egg-info to /home/hrabi/base_control_ros2/install/base_control/lib/python3.10/site-packages/base_control-0.0.0-py3.10.egg-info
[2.070s] running install_scripts
[2.101s] Installing base_mobile script to /home/hrabi/base_control_ros2/install/base_control/lib/base_control
[2.101s] Installing controller script to /home/hrabi/base_control_ros2/install/base_control/lib/base_control
[2.102s] Installing odometry script to /home/hrabi/base_control_ros2/install/base_control/lib/base_control
[2.102s] writing list of installed files to '/home/hrabi/base_control_ros2/build/base_control/install.log'
[2.157s] Invoked command in '/home/hrabi/base_control_ros2/src/base_control' returned '0': PYTHONPATH=/home/hrabi/base_control_ros2/install/base_control/lib/python3.10/site-packages:${PYTHONPATH} /usr/bin/python3 setup.py egg_info --egg-base ../../build/base_control build --build-base /home/hrabi/base_control_ros2/build/base_control/build install --prefix /home/hrabi/base_control_ros2/install/base_control --record /home/hrabi/base_control_ros2/build/base_control/install.log --single-version-externally-managed
