[0.339s] DEBUG:colcon:Command line arguments: ['/usr/bin/colcon', 'build']
[0.339s] DEBUG:colcon:Parsed command line arguments: Namespace(log_base=None, log_level=None, verb_name='build', build_base='build', install_base='install', merge_install=False, symlink_install=False, test_result_base=None, continue_on_error=False, executor='parallel', parallel_workers=4, event_handlers=None, ignore_user_meta=False, metas=['./colcon.meta'], base_paths=['.'], packages_ignore=None, packages_ignore_regex=None, paths=None, packages_up_to=None, packages_up_to_regex=None, packages_above=None, packages_above_and_dependencies=None, packages_above_depth=None, packages_select_by_dep=None, packages_skip_by_dep=None, packages_skip_up_to=None, packages_select_build_failed=False, packages_skip_build_finished=False, packages_select_test_failures=False, packages_skip_test_passed=False, packages_select=None, packages_skip=None, packages_select_regex=None, packages_skip_regex=None, packages_start=None, packages_end=None, allow_overriding=[], cmake_args=None, cmake_target=None, cmake_target_skip_unavailable=False, cmake_clean_cache=False, cmake_clean_first=False, cmake_force_configure=False, ament_cmake_args=None, catkin_cmake_args=None, catkin_skip_building_tests=False, verb_parser=<colcon_defaults.argument_parser.defaults.DefaultArgumentsDecorator object at 0x7f8a544906a0>, verb_extension=<colcon_core.verb.build.BuildVerb object at 0x7f8a544900d0>, main=<bound method BuildVerb.main of <colcon_core.verb.build.BuildVerb object at 0x7f8a544900d0>>)
[0.381s] Level 1:colcon.colcon_core.package_discovery:discover_packages(colcon_meta) check parameters
[0.381s] Level 1:colcon.colcon_core.package_discovery:discover_packages(recursive) check parameters
[0.381s] Level 1:colcon.colcon_core.package_discovery:discover_packages(ignore) check parameters
[0.381s] Level 1:colcon.colcon_core.package_discovery:discover_packages(path) check parameters
[0.381s] Level 1:colcon.colcon_core.package_discovery:discover_packages(colcon_meta) discover
[0.381s] Level 1:colcon.colcon_core.package_discovery:discover_packages(recursive) discover
[0.381s] INFO:colcon.colcon_core.package_discovery:Crawling recursively for packages in '/home/hrabi/base_control_ros2'
[0.381s] Level 1:colcon.colcon_core.package_identification:_identify(.) by extensions ['ignore', 'ignore_ament_install']
[0.382s] Level 1:colcon.colcon_core.package_identification:_identify(.) by extension 'ignore'
[0.382s] Level 1:colcon.colcon_core.package_identification:_identify(.) by extension 'ignore_ament_install'
[0.382s] Level 1:colcon.colcon_core.package_identification:_identify(.) by extensions ['colcon_pkg']
[0.382s] Level 1:colcon.colcon_core.package_identification:_identify(.) by extension 'colcon_pkg'
[0.382s] Level 1:colcon.colcon_core.package_identification:_identify(.) by extensions ['colcon_meta']
[0.382s] Level 1:colcon.colcon_core.package_identification:_identify(.) by extension 'colcon_meta'
[0.382s] Level 1:colcon.colcon_core.package_identification:_identify(.) by extensions ['ros']
[0.382s] Level 1:colcon.colcon_core.package_identification:_identify(.) by extension 'ros'
[0.401s] Level 1:colcon.colcon_core.package_identification:_identify(.) by extensions ['cmake', 'python']
[0.402s] Level 1:colcon.colcon_core.package_identification:_identify(.) by extension 'cmake'
[0.402s] Level 1:colcon.colcon_core.package_identification:_identify(.) by extension 'python'
[0.402s] Level 1:colcon.colcon_core.package_identification:_identify(.) by extensions ['python_setup_py']
[0.402s] Level 1:colcon.colcon_core.package_identification:_identify(.) by extension 'python_setup_py'
[0.402s] Level 1:colcon.colcon_core.package_identification:_identify(build) by extensions ['ignore', 'ignore_ament_install']
[0.402s] Level 1:colcon.colcon_core.package_identification:_identify(build) by extension 'ignore'
[0.402s] Level 1:colcon.colcon_core.package_identification:_identify(build) ignored
[0.402s] Level 1:colcon.colcon_core.package_identification:_identify(install) by extensions ['ignore', 'ignore_ament_install']
[0.403s] Level 1:colcon.colcon_core.package_identification:_identify(install) by extension 'ignore'
[0.403s] Level 1:colcon.colcon_core.package_identification:_identify(install) ignored
[0.403s] Level 1:colcon.colcon_core.package_identification:_identify(log) by extensions ['ignore', 'ignore_ament_install']
[0.403s] Level 1:colcon.colcon_core.package_identification:_identify(log) by extension 'ignore'
[0.403s] Level 1:colcon.colcon_core.package_identification:_identify(log) ignored
[0.403s] Level 1:colcon.colcon_core.package_identification:_identify(src) by extensions ['ignore', 'ignore_ament_install']
[0.403s] Level 1:colcon.colcon_core.package_identification:_identify(src) by extension 'ignore'
[0.403s] Level 1:colcon.colcon_core.package_identification:_identify(src) by extension 'ignore_ament_install'
[0.404s] Level 1:colcon.colcon_core.package_identification:_identify(src) by extensions ['colcon_pkg']
[0.404s] Level 1:colcon.colcon_core.package_identification:_identify(src) by extension 'colcon_pkg'
[0.404s] Level 1:colcon.colcon_core.package_identification:_identify(src) by extensions ['colcon_meta']
[0.404s] Level 1:colcon.colcon_core.package_identification:_identify(src) by extension 'colcon_meta'
[0.404s] Level 1:colcon.colcon_core.package_identification:_identify(src) by extensions ['ros']
[0.404s] Level 1:colcon.colcon_core.package_identification:_identify(src) by extension 'ros'
[0.404s] Level 1:colcon.colcon_core.package_identification:_identify(src) by extensions ['cmake', 'python']
[0.404s] Level 1:colcon.colcon_core.package_identification:_identify(src) by extension 'cmake'
[0.404s] Level 1:colcon.colcon_core.package_identification:_identify(src) by extension 'python'
[0.404s] Level 1:colcon.colcon_core.package_identification:_identify(src) by extensions ['python_setup_py']
[0.404s] Level 1:colcon.colcon_core.package_identification:_identify(src) by extension 'python_setup_py'
[0.405s] Level 1:colcon.colcon_core.package_identification:_identify(src/base_control) by extensions ['ignore', 'ignore_ament_install']
[0.405s] Level 1:colcon.colcon_core.package_identification:_identify(src/base_control) by extension 'ignore'
[0.405s] Level 1:colcon.colcon_core.package_identification:_identify(src/base_control) by extension 'ignore_ament_install'
[0.405s] Level 1:colcon.colcon_core.package_identification:_identify(src/base_control) by extensions ['colcon_pkg']
[0.405s] Level 1:colcon.colcon_core.package_identification:_identify(src/base_control) by extension 'colcon_pkg'
[0.405s] Level 1:colcon.colcon_core.package_identification:_identify(src/base_control) by extensions ['colcon_meta']
[0.405s] Level 1:colcon.colcon_core.package_identification:_identify(src/base_control) by extension 'colcon_meta'
[0.405s] Level 1:colcon.colcon_core.package_identification:_identify(src/base_control) by extensions ['ros']
[0.405s] Level 1:colcon.colcon_core.package_identification:_identify(src/base_control) by extension 'ros'
[0.409s] DEBUG:colcon.colcon_core.package_identification:Package 'src/base_control' with type 'ros.ament_python' and name 'base_control'
[0.410s] Level 1:colcon.colcon_core.package_identification:_identify(src/mocap_optitrack_interfaces) by extensions ['ignore', 'ignore_ament_install']
[0.410s] Level 1:colcon.colcon_core.package_identification:_identify(src/mocap_optitrack_interfaces) by extension 'ignore'
[0.410s] Level 1:colcon.colcon_core.package_identification:_identify(src/mocap_optitrack_interfaces) by extension 'ignore_ament_install'
[0.410s] Level 1:colcon.colcon_core.package_identification:_identify(src/mocap_optitrack_interfaces) by extensions ['colcon_pkg']
[0.410s] Level 1:colcon.colcon_core.package_identification:_identify(src/mocap_optitrack_interfaces) by extension 'colcon_pkg'
[0.410s] Level 1:colcon.colcon_core.package_identification:_identify(src/mocap_optitrack_interfaces) by extensions ['colcon_meta']
[0.410s] Level 1:colcon.colcon_core.package_identification:_identify(src/mocap_optitrack_interfaces) by extension 'colcon_meta'
[0.410s] Level 1:colcon.colcon_core.package_identification:_identify(src/mocap_optitrack_interfaces) by extensions ['ros']
[0.411s] Level 1:colcon.colcon_core.package_identification:_identify(src/mocap_optitrack_interfaces) by extension 'ros'
[0.411s] DEBUG:colcon.colcon_core.package_identification:Package 'src/mocap_optitrack_interfaces' with type 'ros.ament_cmake' and name 'mocap_optitrack_interfaces'
[0.411s] Level 1:colcon.colcon_core.package_discovery:discover_packages(recursive) using defaults
[0.412s] Level 1:colcon.colcon_core.package_discovery:discover_packages(ignore) discover
[0.412s] Level 1:colcon.colcon_core.package_discovery:discover_packages(ignore) using defaults
[0.412s] Level 1:colcon.colcon_core.package_discovery:discover_packages(path) discover
[0.412s] Level 1:colcon.colcon_core.package_discovery:discover_packages(path) using defaults
[0.459s] Level 1:colcon.colcon_core.package_discovery:discover_packages(prefix_path) check parameters
[0.460s] Level 1:colcon.colcon_core.package_discovery:discover_packages(prefix_path) discover
[0.466s] DEBUG:colcon.colcon_installed_package_information.package_discovery:Found 2 installed packages in /home/hrabi/base_control_ros2/install
[0.471s] DEBUG:colcon.colcon_installed_package_information.package_discovery:Found 283 installed packages in /opt/ros/humble
[0.475s] Level 1:colcon.colcon_core.package_discovery:discover_packages(prefix_path) using defaults
[0.588s] Level 5:colcon.colcon_core.verb:set package 'base_control' build argument 'cmake_args' from command line to 'None'
[0.588s] Level 5:colcon.colcon_core.verb:set package 'base_control' build argument 'cmake_target' from command line to 'None'
[0.588s] Level 5:colcon.colcon_core.verb:set package 'base_control' build argument 'cmake_target_skip_unavailable' from command line to 'False'
[0.588s] Level 5:colcon.colcon_core.verb:set package 'base_control' build argument 'cmake_clean_cache' from command line to 'False'
[0.588s] Level 5:colcon.colcon_core.verb:set package 'base_control' build argument 'cmake_clean_first' from command line to 'False'
[0.588s] Level 5:colcon.colcon_core.verb:set package 'base_control' build argument 'cmake_force_configure' from command line to 'False'
[0.588s] Level 5:colcon.colcon_core.verb:set package 'base_control' build argument 'ament_cmake_args' from command line to 'None'
[0.588s] Level 5:colcon.colcon_core.verb:set package 'base_control' build argument 'catkin_cmake_args' from command line to 'None'
[0.588s] Level 5:colcon.colcon_core.verb:set package 'base_control' build argument 'catkin_skip_building_tests' from command line to 'False'
[0.588s] DEBUG:colcon.colcon_core.verb:Building package 'base_control' with the following arguments: {'ament_cmake_args': None, 'build_base': '/home/hrabi/base_control_ros2/build/base_control', 'catkin_cmake_args': None, 'catkin_skip_building_tests': False, 'cmake_args': None, 'cmake_clean_cache': False, 'cmake_clean_first': False, 'cmake_force_configure': False, 'cmake_target': None, 'cmake_target_skip_unavailable': False, 'install_base': '/home/hrabi/base_control_ros2/install/base_control', 'merge_install': False, 'path': '/home/hrabi/base_control_ros2/src/base_control', 'symlink_install': False, 'test_result_base': None}
[0.592s] Level 5:colcon.colcon_core.verb:set package 'mocap_optitrack_interfaces' build argument 'cmake_args' from command line to 'None'
[0.592s] Level 5:colcon.colcon_core.verb:set package 'mocap_optitrack_interfaces' build argument 'cmake_target' from command line to 'None'
[0.592s] Level 5:colcon.colcon_core.verb:set package 'mocap_optitrack_interfaces' build argument 'cmake_target_skip_unavailable' from command line to 'False'
[0.592s] Level 5:colcon.colcon_core.verb:set package 'mocap_optitrack_interfaces' build argument 'cmake_clean_cache' from command line to 'False'
[0.592s] Level 5:colcon.colcon_core.verb:set package 'mocap_optitrack_interfaces' build argument 'cmake_clean_first' from command line to 'False'
[0.592s] Level 5:colcon.colcon_core.verb:set package 'mocap_optitrack_interfaces' build argument 'cmake_force_configure' from command line to 'False'
[0.592s] Level 5:colcon.colcon_core.verb:set package 'mocap_optitrack_interfaces' build argument 'ament_cmake_args' from command line to 'None'
[0.592s] Level 5:colcon.colcon_core.verb:set package 'mocap_optitrack_interfaces' build argument 'catkin_cmake_args' from command line to 'None'
[0.592s] Level 5:colcon.colcon_core.verb:set package 'mocap_optitrack_interfaces' build argument 'catkin_skip_building_tests' from command line to 'False'
[0.592s] DEBUG:colcon.colcon_core.verb:Building package 'mocap_optitrack_interfaces' with the following arguments: {'ament_cmake_args': None, 'build_base': '/home/hrabi/base_control_ros2/build/mocap_optitrack_interfaces', 'catkin_cmake_args': None, 'catkin_skip_building_tests': False, 'cmake_args': None, 'cmake_clean_cache': False, 'cmake_clean_first': False, 'cmake_force_configure': False, 'cmake_target': None, 'cmake_target_skip_unavailable': False, 'install_base': '/home/hrabi/base_control_ros2/install/mocap_optitrack_interfaces', 'merge_install': False, 'path': '/home/hrabi/base_control_ros2/src/mocap_optitrack_interfaces', 'symlink_install': False, 'test_result_base': None}
[0.595s] INFO:colcon.colcon_core.executor:Executing jobs using 'parallel' executor
[0.610s] DEBUG:colcon.colcon_parallel_executor.executor.parallel:run_until_complete
[0.611s] INFO:colcon.colcon_ros.task.ament_python.build:Building ROS package in '/home/hrabi/base_control_ros2/src/base_control' with build type 'ament_python'
[0.611s] Level 1:colcon.colcon_core.shell:create_environment_hook('base_control', 'ament_prefix_path')
[0.622s] INFO:colcon.colcon_core.plugin_system:Skipping extension 'colcon_core.shell.bat': Not used on non-Windows systems
[0.623s] INFO:colcon.colcon_core.shell:Creating environment hook '/home/hrabi/base_control_ros2/install/base_control/share/base_control/hook/ament_prefix_path.ps1'
[0.624s] INFO:colcon.colcon_core.shell:Creating environment descriptor '/home/hrabi/base_control_ros2/install/base_control/share/base_control/hook/ament_prefix_path.dsv'
[0.624s] INFO:colcon.colcon_core.shell:Creating environment hook '/home/hrabi/base_control_ros2/install/base_control/share/base_control/hook/ament_prefix_path.sh'
[0.632s] INFO:colcon.colcon_core.shell:Skip shell extension 'powershell' for command environment: Not usable outside of PowerShell
[0.632s] DEBUG:colcon.colcon_core.shell:Skip shell extension 'dsv' for command environment
[0.647s] INFO:colcon.colcon_ros.task.ament_cmake.build:Building ROS package in '/home/hrabi/base_control_ros2/src/mocap_optitrack_interfaces' with build type 'ament_cmake'
[0.647s] INFO:colcon.colcon_cmake.task.cmake.build:Building CMake package in '/home/hrabi/base_control_ros2/src/mocap_optitrack_interfaces'
[0.654s] INFO:colcon.colcon_core.shell:Skip shell extension 'powershell' for command environment: Not usable outside of PowerShell
[0.654s] DEBUG:colcon.colcon_core.shell:Skip shell extension 'dsv' for command environment
[1.267s] INFO:colcon.colcon_core.task.python.build:Building Python package in '/home/hrabi/base_control_ros2/src/base_control'
[1.273s] INFO:colcon.colcon_core.shell:Skip shell extension 'powershell' for command environment: Not usable outside of PowerShell
[1.274s] DEBUG:colcon.colcon_core.shell:Skip shell extension 'dsv' for command environment
[1.293s] DEBUG:colcon.colcon_core.event_handler.log_command:Invoking command in '/home/hrabi/base_control_ros2/build/mocap_optitrack_interfaces': CMAKE_PREFIX_PATH=${CMAKE_PREFIX_PATH}:/home/hrabi/base_control_ros2/install/base_control:/opt/ros/humble /usr/bin/cmake --build /home/hrabi/base_control_ros2/build/mocap_optitrack_interfaces -- -j4 -l4
[2.356s] DEBUG:colcon.colcon_core.event_handler.log_command:Invoked command in '/home/hrabi/base_control_ros2/build/mocap_optitrack_interfaces' returned '0': CMAKE_PREFIX_PATH=${CMAKE_PREFIX_PATH}:/home/hrabi/base_control_ros2/install/base_control:/opt/ros/humble /usr/bin/cmake --build /home/hrabi/base_control_ros2/build/mocap_optitrack_interfaces -- -j4 -l4
[2.552s] DEBUG:colcon.colcon_core.event_handler.log_command:Invoking command in '/home/hrabi/base_control_ros2/build/mocap_optitrack_interfaces': CMAKE_PREFIX_PATH=${CMAKE_PREFIX_PATH}:/home/hrabi/base_control_ros2/install/base_control:/opt/ros/humble /usr/bin/cmake --install /home/hrabi/base_control_ros2/build/mocap_optitrack_interfaces
[2.673s] Level 1:colcon.colcon_core.environment:create_environment_scripts_only(mocap_optitrack_interfaces)
[2.691s] DEBUG:colcon.colcon_core.event_handler.log_command:Invoked command in '/home/hrabi/base_control_ros2/build/mocap_optitrack_interfaces' returned '0': CMAKE_PREFIX_PATH=${CMAKE_PREFIX_PATH}:/home/hrabi/base_control_ros2/install/base_control:/opt/ros/humble /usr/bin/cmake --install /home/hrabi/base_control_ros2/build/mocap_optitrack_interfaces
[2.693s] Level 1:colcon.colcon_core.environment:checking '/home/hrabi/base_control_ros2/install/mocap_optitrack_interfaces' for CMake module files
[2.695s] Level 1:colcon.colcon_core.environment:checking '/home/hrabi/base_control_ros2/install/mocap_optitrack_interfaces' for CMake config files
[2.696s] Level 1:colcon.colcon_core.shell:create_environment_hook('mocap_optitrack_interfaces', 'cmake_prefix_path')
[2.702s] INFO:colcon.colcon_core.shell:Creating environment hook '/home/hrabi/base_control_ros2/install/mocap_optitrack_interfaces/share/mocap_optitrack_interfaces/hook/cmake_prefix_path.ps1'
[2.703s] INFO:colcon.colcon_core.shell:Creating environment descriptor '/home/hrabi/base_control_ros2/install/mocap_optitrack_interfaces/share/mocap_optitrack_interfaces/hook/cmake_prefix_path.dsv'
[2.704s] INFO:colcon.colcon_core.shell:Creating environment hook '/home/hrabi/base_control_ros2/install/mocap_optitrack_interfaces/share/mocap_optitrack_interfaces/hook/cmake_prefix_path.sh'
[2.705s] Level 1:colcon.colcon_core.environment:checking '/home/hrabi/base_control_ros2/install/mocap_optitrack_interfaces/lib'
[2.705s] Level 1:colcon.colcon_core.shell:create_environment_hook('mocap_optitrack_interfaces', 'ld_library_path_lib')
[2.711s] INFO:colcon.colcon_core.shell:Creating environment hook '/home/hrabi/base_control_ros2/install/mocap_optitrack_interfaces/share/mocap_optitrack_interfaces/hook/ld_library_path_lib.ps1'
[2.712s] INFO:colcon.colcon_core.shell:Creating environment descriptor '/home/hrabi/base_control_ros2/install/mocap_optitrack_interfaces/share/mocap_optitrack_interfaces/hook/ld_library_path_lib.dsv'
[2.713s] INFO:colcon.colcon_core.shell:Creating environment hook '/home/hrabi/base_control_ros2/install/mocap_optitrack_interfaces/share/mocap_optitrack_interfaces/hook/ld_library_path_lib.sh'
[2.714s] Level 1:colcon.colcon_core.environment:checking '/home/hrabi/base_control_ros2/install/mocap_optitrack_interfaces/bin'
[2.714s] Level 1:colcon.colcon_core.environment:checking '/home/hrabi/base_control_ros2/install/mocap_optitrack_interfaces/lib/pkgconfig/mocap_optitrack_interfaces.pc'
[2.715s] Level 1:colcon.colcon_core.environment:checking '/home/hrabi/base_control_ros2/install/mocap_optitrack_interfaces/lib/python3.10/site-packages'
[2.715s] Level 1:colcon.colcon_core.environment:checking '/home/hrabi/base_control_ros2/install/mocap_optitrack_interfaces/bin'
[2.722s] INFO:colcon.colcon_core.shell:Creating package script '/home/hrabi/base_control_ros2/install/mocap_optitrack_interfaces/share/mocap_optitrack_interfaces/package.ps1'
[2.724s] INFO:colcon.colcon_core.shell:Creating package descriptor '/home/hrabi/base_control_ros2/install/mocap_optitrack_interfaces/share/mocap_optitrack_interfaces/package.dsv'
[2.725s] INFO:colcon.colcon_core.shell:Creating package script '/home/hrabi/base_control_ros2/install/mocap_optitrack_interfaces/share/mocap_optitrack_interfaces/package.sh'
[2.727s] INFO:colcon.colcon_core.shell:Creating package script '/home/hrabi/base_control_ros2/install/mocap_optitrack_interfaces/share/mocap_optitrack_interfaces/package.bash'
[2.728s] INFO:colcon.colcon_core.shell:Creating package script '/home/hrabi/base_control_ros2/install/mocap_optitrack_interfaces/share/mocap_optitrack_interfaces/package.zsh'
[2.729s] Level 1:colcon.colcon_core.environment:create_file_with_runtime_dependencies(/home/hrabi/base_control_ros2/install/mocap_optitrack_interfaces/share/colcon-core/packages/mocap_optitrack_interfaces)
[2.744s] DEBUG:colcon.colcon_core.event_handler.log_command:Invoking command in '/home/hrabi/base_control_ros2/src/base_control': PYTHONPATH=/home/hrabi/base_control_ros2/install/base_control/lib/python3.10/site-packages:${PYTHONPATH} /usr/bin/python3 setup.py egg_info --egg-base ../../build/base_control build --build-base /home/hrabi/base_control_ros2/build/base_control/build install --prefix /home/hrabi/base_control_ros2/install/base_control --record /home/hrabi/base_control_ros2/build/base_control/install.log --single-version-externally-managed
[2.914s] Level 1:colcon.colcon_core.environment:create_environment_scripts_only(mocap_optitrack_interfaces)
[2.923s] Level 1:colcon.colcon_core.environment:checking '/home/hrabi/base_control_ros2/install/mocap_optitrack_interfaces' for CMake module files
[2.925s] Level 1:colcon.colcon_core.environment:checking '/home/hrabi/base_control_ros2/install/mocap_optitrack_interfaces' for CMake config files
[2.925s] Level 1:colcon.colcon_core.shell:create_environment_hook('mocap_optitrack_interfaces', 'cmake_prefix_path')
[2.933s] INFO:colcon.colcon_core.shell:Creating environment hook '/home/hrabi/base_control_ros2/install/mocap_optitrack_interfaces/share/mocap_optitrack_interfaces/hook/cmake_prefix_path.ps1'
[2.933s] INFO:colcon.colcon_core.shell:Creating environment descriptor '/home/hrabi/base_control_ros2/install/mocap_optitrack_interfaces/share/mocap_optitrack_interfaces/hook/cmake_prefix_path.dsv'
[2.934s] INFO:colcon.colcon_core.shell:Creating environment hook '/home/hrabi/base_control_ros2/install/mocap_optitrack_interfaces/share/mocap_optitrack_interfaces/hook/cmake_prefix_path.sh'
[2.935s] Level 1:colcon.colcon_core.environment:checking '/home/hrabi/base_control_ros2/install/mocap_optitrack_interfaces/lib'
[2.935s] Level 1:colcon.colcon_core.shell:create_environment_hook('mocap_optitrack_interfaces', 'ld_library_path_lib')
[2.942s] INFO:colcon.colcon_core.shell:Creating environment hook '/home/hrabi/base_control_ros2/install/mocap_optitrack_interfaces/share/mocap_optitrack_interfaces/hook/ld_library_path_lib.ps1'
[2.943s] INFO:colcon.colcon_core.shell:Creating environment descriptor '/home/hrabi/base_control_ros2/install/mocap_optitrack_interfaces/share/mocap_optitrack_interfaces/hook/ld_library_path_lib.dsv'
[2.943s] INFO:colcon.colcon_core.shell:Creating environment hook '/home/hrabi/base_control_ros2/install/mocap_optitrack_interfaces/share/mocap_optitrack_interfaces/hook/ld_library_path_lib.sh'
[2.944s] Level 1:colcon.colcon_core.environment:checking '/home/hrabi/base_control_ros2/install/mocap_optitrack_interfaces/bin'
[2.944s] Level 1:colcon.colcon_core.environment:checking '/home/hrabi/base_control_ros2/install/mocap_optitrack_interfaces/lib/pkgconfig/mocap_optitrack_interfaces.pc'
[2.945s] Level 1:colcon.colcon_core.environment:checking '/home/hrabi/base_control_ros2/install/mocap_optitrack_interfaces/lib/python3.10/site-packages'
[2.946s] Level 1:colcon.colcon_core.environment:checking '/home/hrabi/base_control_ros2/install/mocap_optitrack_interfaces/bin'
[2.952s] INFO:colcon.colcon_core.shell:Creating package script '/home/hrabi/base_control_ros2/install/mocap_optitrack_interfaces/share/mocap_optitrack_interfaces/package.ps1'
[2.953s] INFO:colcon.colcon_core.shell:Creating package descriptor '/home/hrabi/base_control_ros2/install/mocap_optitrack_interfaces/share/mocap_optitrack_interfaces/package.dsv'
[2.955s] INFO:colcon.colcon_core.shell:Creating package script '/home/hrabi/base_control_ros2/install/mocap_optitrack_interfaces/share/mocap_optitrack_interfaces/package.sh'
[2.956s] INFO:colcon.colcon_core.shell:Creating package script '/home/hrabi/base_control_ros2/install/mocap_optitrack_interfaces/share/mocap_optitrack_interfaces/package.bash'
[2.957s] INFO:colcon.colcon_core.shell:Creating package script '/home/hrabi/base_control_ros2/install/mocap_optitrack_interfaces/share/mocap_optitrack_interfaces/package.zsh'
[2.958s] Level 1:colcon.colcon_core.environment:create_file_with_runtime_dependencies(/home/hrabi/base_control_ros2/install/mocap_optitrack_interfaces/share/colcon-core/packages/mocap_optitrack_interfaces)
[3.411s] Level 1:colcon.colcon_core.environment:checking '/home/hrabi/base_control_ros2/install/base_control' for CMake module files
[3.413s] DEBUG:colcon.colcon_core.event_handler.log_command:Invoked command in '/home/hrabi/base_control_ros2/src/base_control' returned '0': PYTHONPATH=/home/hrabi/base_control_ros2/install/base_control/lib/python3.10/site-packages:${PYTHONPATH} /usr/bin/python3 setup.py egg_info --egg-base ../../build/base_control build --build-base /home/hrabi/base_control_ros2/build/base_control/build install --prefix /home/hrabi/base_control_ros2/install/base_control --record /home/hrabi/base_control_ros2/build/base_control/install.log --single-version-externally-managed
[3.414s] Level 1:colcon.colcon_core.environment:checking '/home/hrabi/base_control_ros2/install/base_control' for CMake config files
[3.415s] Level 1:colcon.colcon_core.environment:checking '/home/hrabi/base_control_ros2/install/base_control/lib'
[3.415s] Level 1:colcon.colcon_core.environment:checking '/home/hrabi/base_control_ros2/install/base_control/bin'
[3.415s] Level 1:colcon.colcon_core.environment:checking '/home/hrabi/base_control_ros2/install/base_control/lib/pkgconfig/base_control.pc'
[3.415s] Level 1:colcon.colcon_core.environment:checking '/home/hrabi/base_control_ros2/install/base_control/lib/python3.10/site-packages'
[3.415s] Level 1:colcon.colcon_core.shell:create_environment_hook('base_control', 'pythonpath')
[3.421s] INFO:colcon.colcon_core.shell:Creating environment hook '/home/hrabi/base_control_ros2/install/base_control/share/base_control/hook/pythonpath.ps1'
[3.422s] INFO:colcon.colcon_core.shell:Creating environment descriptor '/home/hrabi/base_control_ros2/install/base_control/share/base_control/hook/pythonpath.dsv'
[3.422s] INFO:colcon.colcon_core.shell:Creating environment hook '/home/hrabi/base_control_ros2/install/base_control/share/base_control/hook/pythonpath.sh'
[3.423s] Level 1:colcon.colcon_core.environment:checking '/home/hrabi/base_control_ros2/install/base_control/bin'
[3.423s] Level 1:colcon.colcon_core.environment:create_environment_scripts_only(base_control)
[3.430s] INFO:colcon.colcon_core.shell:Creating package script '/home/hrabi/base_control_ros2/install/base_control/share/base_control/package.ps1'
[3.431s] INFO:colcon.colcon_core.shell:Creating package descriptor '/home/hrabi/base_control_ros2/install/base_control/share/base_control/package.dsv'
[3.431s] INFO:colcon.colcon_core.shell:Creating package script '/home/hrabi/base_control_ros2/install/base_control/share/base_control/package.sh'
[3.432s] INFO:colcon.colcon_core.shell:Creating package script '/home/hrabi/base_control_ros2/install/base_control/share/base_control/package.bash'
[3.433s] INFO:colcon.colcon_core.shell:Creating package script '/home/hrabi/base_control_ros2/install/base_control/share/base_control/package.zsh'
[3.433s] Level 1:colcon.colcon_core.environment:create_file_with_runtime_dependencies(/home/hrabi/base_control_ros2/install/base_control/share/colcon-core/packages/base_control)
[3.433s] DEBUG:colcon.colcon_parallel_executor.executor.parallel:closing loop
[3.434s] DEBUG:colcon.colcon_parallel_executor.executor.parallel:loop closed
[3.434s] DEBUG:colcon.colcon_parallel_executor.executor.parallel:run_until_complete finished with '0'
[3.435s] DEBUG:colcon.colcon_core.event_reactor:joining thread
[3.447s] INFO:colcon.colcon_core.plugin_system:Skipping extension 'colcon_notification.desktop_notification.terminal_notifier': Not used on non-Darwin systems
[3.447s] INFO:colcon.colcon_core.plugin_system:Skipping extension 'colcon_notification.desktop_notification.win32': Not used on non-Windows systems
[3.447s] INFO:colcon.colcon_notification.desktop_notification:Sending desktop notification using 'notify2'
[3.474s] DEBUG:colcon.colcon_core.event_reactor:joined thread
[3.484s] INFO:colcon.colcon_core.shell:Creating prefix script '/home/hrabi/base_control_ros2/install/local_setup.ps1'
[3.486s] INFO:colcon.colcon_core.shell:Creating prefix util module '/home/hrabi/base_control_ros2/install/_local_setup_util_ps1.py'
[3.489s] INFO:colcon.colcon_core.shell:Creating prefix chain script '/home/hrabi/base_control_ros2/install/setup.ps1'
[3.492s] INFO:colcon.colcon_core.shell:Creating prefix script '/home/hrabi/base_control_ros2/install/local_setup.sh'
[3.493s] INFO:colcon.colcon_core.shell:Creating prefix util module '/home/hrabi/base_control_ros2/install/_local_setup_util_sh.py'
[3.494s] INFO:colcon.colcon_core.shell:Creating prefix chain script '/home/hrabi/base_control_ros2/install/setup.sh'
[3.497s] INFO:colcon.colcon_core.shell:Creating prefix script '/home/hrabi/base_control_ros2/install/local_setup.bash'
[3.498s] INFO:colcon.colcon_core.shell:Creating prefix chain script '/home/hrabi/base_control_ros2/install/setup.bash'
[3.501s] INFO:colcon.colcon_core.shell:Creating prefix script '/home/hrabi/base_control_ros2/install/local_setup.zsh'
[3.502s] INFO:colcon.colcon_core.shell:Creating prefix chain script '/home/hrabi/base_control_ros2/install/setup.zsh'
