running egg_info
writing ../../build/base_control/base_control.egg-info/PKG-INFO
writing dependency_links to ../../build/base_control/base_control.egg-info/dependency_links.txt
writing entry points to ../../build/base_control/base_control.egg-info/entry_points.txt
writing requirements to ../../build/base_control/base_control.egg-info/requires.txt
writing top-level names to ../../build/base_control/base_control.egg-info/top_level.txt
reading manifest file '../../build/base_control/base_control.egg-info/SOURCES.txt'
writing manifest file '../../build/base_control/base_control.egg-info/SOURCES.txt'
running build
running build_py
copying base_control/controller.py -> /home/hrabi/base_control_ros2/build/base_control/build/lib/base_control
running install
running install_lib
copying /home/hrabi/base_control_ros2/build/base_control/build/lib/base_control/controller.py -> /home/hrabi/base_control_ros2/install/base_control/lib/python3.10/site-packages/base_control
byte-compiling /home/hrabi/base_control_ros2/install/base_control/lib/python3.10/site-packages/base_control/controller.py to controller.cpython-310.pyc
running install_data
running install_egg_info
removing '/home/hrabi/base_control_ros2/install/base_control/lib/python3.10/site-packages/base_control-0.0.0-py3.10.egg-info' (and everything under it)
Copying ../../build/base_control/base_control.egg-info to /home/hrabi/base_control_ros2/install/base_control/lib/python3.10/site-packages/base_control-0.0.0-py3.10.egg-info
running install_scripts
Installing controller script to /home/hrabi/base_control_ros2/install/base_control/lib/base_control
writing list of installed files to '/home/hrabi/base_control_ros2/build/base_control/install.log'
