/home/hrabi/base_control_ros2/install/base_control/lib/python3.10/site-packages/base_control/base_mobile.py
/home/hrabi/base_control_ros2/install/base_control/lib/python3.10/site-packages/base_control/controller.py
/home/hrabi/base_control_ros2/install/base_control/lib/python3.10/site-packages/base_control/__init__.py
/home/hrabi/base_control_ros2/install/base_control/lib/python3.10/site-packages/base_control/odometry.py
/home/hrabi/base_control_ros2/install/base_control/lib/python3.10/site-packages/base_control/__pycache__/base_mobile.cpython-310.pyc
/home/hrabi/base_control_ros2/install/base_control/lib/python3.10/site-packages/base_control/__pycache__/controller.cpython-310.pyc
/home/hrabi/base_control_ros2/install/base_control/lib/python3.10/site-packages/base_control/__pycache__/__init__.cpython-310.pyc
/home/hrabi/base_control_ros2/install/base_control/lib/python3.10/site-packages/base_control/__pycache__/odometry.cpython-310.pyc
/home/hrabi/base_control_ros2/install/base_control/share/ament_index/resource_index/packages/base_control
/home/hrabi/base_control_ros2/install/base_control/share/base_control/package.xml
/home/hrabi/base_control_ros2/install/base_control/lib/python3.10/site-packages/base_control-0.0.0-py3.10.egg-info/dependency_links.txt
/home/hrabi/base_control_ros2/install/base_control/lib/python3.10/site-packages/base_control-0.0.0-py3.10.egg-info/top_level.txt
/home/hrabi/base_control_ros2/install/base_control/lib/python3.10/site-packages/base_control-0.0.0-py3.10.egg-info/requires.txt
/home/hrabi/base_control_ros2/install/base_control/lib/python3.10/site-packages/base_control-0.0.0-py3.10.egg-info/SOURCES.txt
/home/hrabi/base_control_ros2/install/base_control/lib/python3.10/site-packages/base_control-0.0.0-py3.10.egg-info/entry_points.txt
/home/hrabi/base_control_ros2/install/base_control/lib/python3.10/site-packages/base_control-0.0.0-py3.10.egg-info/PKG-INFO
/home/hrabi/base_control_ros2/install/base_control/lib/python3.10/site-packages/base_control-0.0.0-py3.10.egg-info/zip-safe
/home/hrabi/base_control_ros2/install/base_control/lib/base_control/base_mobile
/home/hrabi/base_control_ros2/install/base_control/lib/base_control/controller
/home/hrabi/base_control_ros2/install/base_control/lib/base_control/odometry
